#
# There is insufficient memory for the Java Runtime Environment to continue.
# Native memory allocation (malloc) failed to allocate 350784 bytes. Error detail: Chunk::new
# Possible reasons:
#   The system is out of physical RAM or swap space
#   This process is running with CompressedOops enabled, and the Java Heap may be blocking the growth of the native heap
# Possible solutions:
#   Reduce memory load on the system
#   Increase physical memory or swap space
#   Check if swap backing store is full
#   Decrease Java heap size (-Xmx/-Xms)
#   Decrease number of Java threads
#   Decrease Java thread stack sizes (-Xss)
#   Set larger code cache with -XX:ReservedCodeCacheSize=
#   JVM is running with Unscaled Compressed Oops mode in which the Java heap is
#     placed in the first 4GB address space. The Java Heap base address is the
#     maximum limit for the native heap growth. Please use -XX:HeapBaseMinAddress
#     to set the Java Heap base and to place the Java Heap above 4GB virtual address.
# This output file may be truncated or incomplete.
#
#  Out of Memory Error (arena.cpp:168), pid=35752, tid=33688
#
# JRE version: OpenJDK Runtime Environment Microsoft-11933218 (21.0.8+9) (build 21.0.8+9-LTS)
# Java VM: OpenJDK 64-Bit Server VM Microsoft-11933218 (21.0.8+9-LTS, mixed mode, sharing, tiered, compressed oops, compressed class ptrs, g1 gc, windows-amd64)
# No core dump will be written. Minidumps are not enabled by default on client versions of Windows
#

---------------  S U M M A R Y ------------

Command Line: --add-opens=java.base/java.lang=ALL-UNNAMED --add-opens=java.base/java.lang.invoke=ALL-UNNAMED --add-opens=java.base/java.util=ALL-UNNAMED --add-opens=java.prefs/java.util.prefs=ALL-UNNAMED --add-exports=jdk.compiler/com.sun.tools.javac.api=ALL-UNNAMED --add-exports=jdk.compiler/com.sun.tools.javac.util=ALL-UNNAMED --add-opens=java.base/java.util=ALL-UNNAMED --add-opens=java.prefs/java.util.prefs=ALL-UNNAMED --add-opens=java.base/java.nio.charset=ALL-UNNAMED --add-opens=java.base/java.net=ALL-UNNAMED --add-opens=java.base/java.util.concurrent.atomic=ALL-UNNAMED --add-opens=java.xml/javax.xml.namespace=ALL-UNNAMED -XX:MaxMetaspaceSize=384m -XX:+HeapDumpOnOutOfMemoryError -Xms256m -Xmx512m -Dfile.encoding=UTF-8 -Duser.country=US -Duser.language=en -Duser.variant -javaagent:C:\Users\Dell\.gradle\wrapper\dists\gradle-8.14.3-bin\cv11ve7ro1n3o1j4so8xd9n66\gradle-8.14.3\lib\agents\gradle-instrumentation-agent-8.14.3.jar org.gradle.launcher.daemon.bootstrap.GradleDaemon 8.14.3

Host: Intel(R) Core(TM) i5-1035G1 CPU @ 1.00GHz, 8 cores, 11G,  Windows 11 , 64 bit Build 26100 (10.0.26100.5074)
Time: Sun Oct  5 18:59:47 2025 Azerbaijan Standard Time elapsed time: 29.665147 seconds (0d 0h 0m 29s)

---------------  T H R E A D  ---------------

Current thread (0x000002bf420331c0):  JavaThread "C2 CompilerThread0" daemon [_thread_in_native, id=33688, stack(0x000000ec5d300000,0x000000ec5d400000) (1024K)]


Current CompileTask:
C2:29665 5021       4       org.objectweb.asm.SymbolTable::addConstantUtf8Reference (101 bytes)

Stack: [0x000000ec5d300000,0x000000ec5d400000]
Native frames: (J=compiled Java code, j=interpreted, Vv=VM code, C=native code)
V  [jvm.dll+0x6e1729]
V  [jvm.dll+0x8bf47b]
V  [jvm.dll+0x8c19aa]
V  [jvm.dll+0x8c2083]
V  [jvm.dll+0x289fd6]
V  [jvm.dll+0xc903d]
V  [jvm.dll+0xc958c]
V  [jvm.dll+0x3c771c]
V  [jvm.dll+0x1ea3a6]
V  [jvm.dll+0x251db3]
V  [jvm.dll+0x251283]
V  [jvm.dll+0x1d18bf]
V  [jvm.dll+0x260f4a]
V  [jvm.dll+0x25f2b5]
V  [jvm.dll+0x40151d]
V  [jvm.dll+0x86975d]
V  [jvm.dll+0x6dff2d]
C  [ucrtbase.dll+0x37b0]
C  [KERNEL32.DLL+0x2e8d7]
C  [ntdll.dll+0x8d9c]


---------------  P R O C E S S  ---------------

Threads class SMR info:
_java_thread_list=0x000002bf5f412170, length=42, elements={
0x000002bf27182ad0, 0x000002bf420267a0, 0x000002bf42028ad0, 0x000002bf4202c530,
0x000002bf4202ef90, 0x000002bf4202f9e0, 0x000002bf42030430, 0x000002bf420331c0,
0x000002bf4203af90, 0x000002bf4211d800, 0x000002bf422d05c0, 0x000002bf5cabd5e0,
0x000002bf423f6fb0, 0x000002bf5c68afb0, 0x000002bf4218d8e0, 0x000002bf4211d0c0,
0x000002bf5ce679e0, 0x000002bf425746d0, 0x000002bf5c4492b0, 0x000002bf5c3b9b60,
0x000002bf5c3bcfe0, 0x000002bf5c3ba1f0, 0x000002bf5c3bbc30, 0x000002bf5c3bc2c0,
0x000002bf5c3bc950, 0x000002bf5c3baf10, 0x000002bf5c3bb5a0, 0x000002bf5dcc7bb0,
0x000002bf5dcca9a0, 0x000002bf5dcc8f60, 0x000002bf5dcc95f0, 0x000002bf5dcc9c80,
0x000002bf5dccb030, 0x000002bf5dcca310, 0x000002bf5dccb6c0, 0x000002bf5dcc8240,
0x000002bf5dccbd50, 0x000002bf5dcc88d0, 0x000002bf5dccd790, 0x000002bf5dccca70,
0x000002bf5dcce4b0, 0x000002bf5eec5960
}

Java Threads: ( => current thread )
  0x000002bf27182ad0 JavaThread "main"                              [_thread_blocked, id=49376, stack(0x000000ec5c500000,0x000000ec5c600000) (1024K)]
  0x000002bf420267a0 JavaThread "Reference Handler"          daemon [_thread_blocked, id=37380, stack(0x000000ec5cd00000,0x000000ec5ce00000) (1024K)]
  0x000002bf42028ad0 JavaThread "Finalizer"                  daemon [_thread_blocked, id=12644, stack(0x000000ec5ce00000,0x000000ec5cf00000) (1024K)]
  0x000002bf4202c530 JavaThread "Signal Dispatcher"          daemon [_thread_blocked, id=47824, stack(0x000000ec5cf00000,0x000000ec5d000000) (1024K)]
  0x000002bf4202ef90 JavaThread "Attach Listener"            daemon [_thread_blocked, id=48508, stack(0x000000ec5d000000,0x000000ec5d100000) (1024K)]
  0x000002bf4202f9e0 JavaThread "Service Thread"             daemon [_thread_blocked, id=47920, stack(0x000000ec5d100000,0x000000ec5d200000) (1024K)]
  0x000002bf42030430 JavaThread "Monitor Deflation Thread"   daemon [_thread_blocked, id=50080, stack(0x000000ec5d200000,0x000000ec5d300000) (1024K)]
=>0x000002bf420331c0 JavaThread "C2 CompilerThread0"         daemon [_thread_in_native, id=33688, stack(0x000000ec5d300000,0x000000ec5d400000) (1024K)]
  0x000002bf4203af90 JavaThread "C1 CompilerThread0"         daemon [_thread_blocked, id=44040, stack(0x000000ec5d400000,0x000000ec5d500000) (1024K)]
  0x000002bf4211d800 JavaThread "Common-Cleaner"             daemon [_thread_blocked, id=48268, stack(0x000000ec5d500000,0x000000ec5d600000) (1024K)]
  0x000002bf422d05c0 JavaThread "Notification Thread"        daemon [_thread_blocked, id=33796, stack(0x000000ec5d600000,0x000000ec5d700000) (1024K)]
  0x000002bf5cabd5e0 JavaThread "Daemon health stats"               [_thread_blocked, id=49492, stack(0x000000ec5d700000,0x000000ec5d800000) (1024K)]
  0x000002bf423f6fb0 JavaThread "Incoming local TCP Connector on port 61203"        [_thread_in_native, id=39836, stack(0x000000ec5df00000,0x000000ec5e000000) (1024K)]
  0x000002bf5c68afb0 JavaThread "Daemon periodic checks"            [_thread_blocked, id=44504, stack(0x000000ec5e100000,0x000000ec5e200000) (1024K)]
  0x000002bf4218d8e0 JavaThread "Daemon"                            [_thread_blocked, id=48952, stack(0x000000ec5e000000,0x000000ec5e100000) (1024K)]
  0x000002bf4211d0c0 JavaThread "Handler for socket connection from /127.0.0.1:61203 to /127.0.0.1:61204"        [_thread_in_native, id=33644, stack(0x000000ec5e200000,0x000000ec5e300000) (1024K)]
  0x000002bf5ce679e0 JavaThread "Cancel handler"                    [_thread_blocked, id=48864, stack(0x000000ec5e300000,0x000000ec5e400000) (1024K)]
  0x000002bf425746d0 JavaThread "Daemon worker"                     [_thread_in_vm, id=37980, stack(0x000000ec5e400000,0x000000ec5e500000) (1024K)]
  0x000002bf5c4492b0 JavaThread "Asynchronous log dispatcher for DefaultDaemonConnection: socket connection from /127.0.0.1:61203 to /127.0.0.1:61204"        [_thread_blocked, id=45908, stack(0x000000ec5e500000,0x000000ec5e600000) (1024K)]
  0x000002bf5c3b9b60 JavaThread "Stdin handler"                     [_thread_blocked, id=48028, stack(0x000000ec5e600000,0x000000ec5e700000) (1024K)]
  0x000002bf5c3bcfe0 JavaThread "Daemon client event forwarder"        [_thread_blocked, id=45400, stack(0x000000ec5e700000,0x000000ec5e800000) (1024K)]
  0x000002bf5c3ba1f0 JavaThread "Cache worker for journal cache (C:\Users\Dell\.gradle\caches\journal-1)"        [_thread_blocked, id=49164, stack(0x000000ec5e800000,0x000000ec5e900000) (1024K)]
  0x000002bf5c3bbc30 JavaThread "File lock request listener"        [_thread_in_native, id=29476, stack(0x000000ec5e900000,0x000000ec5ea00000) (1024K)]
  0x000002bf5c3bc2c0 JavaThread "Cache worker for file hash cache (C:\Users\Dell\.gradle\caches\8.14.3\fileHashes)"        [_thread_blocked, id=45992, stack(0x000000ec5ea00000,0x000000ec5eb00000) (1024K)]
  0x000002bf5c3bc950 JavaThread "File lock release action executor"        [_thread_blocked, id=47968, stack(0x000000ec5eb00000,0x000000ec5ec00000) (1024K)]
  0x000002bf5c3baf10 JavaThread "Cache worker for file hash cache (D:\Texnoera Academy\Spring\Microservice\restoran-system\ms-restaurant\.gradle\8.14.3\fileHashes)"        [_thread_blocked, id=27848, stack(0x000000ec5ed00000,0x000000ec5ee00000) (1024K)]
  0x000002bf5c3bb5a0 JavaThread "Cache worker for Build Output Cleanup Cache (D:\Texnoera Academy\Spring\Microservice\restoran-system\ms-restaurant\.gradle\buildOutputCleanup)"        [_thread_blocked, id=40076, stack(0x000000ec5ee00000,0x000000ec5ef00000) (1024K)]
  0x000002bf5dcc7bb0 JavaThread "File watcher server"        daemon [_thread_in_native, id=49992, stack(0x000000ec5ef00000,0x000000ec5f000000) (1024K)]
  0x000002bf5dcca9a0 JavaThread "File watcher consumer"      daemon [_thread_blocked, id=47424, stack(0x000000ec5f000000,0x000000ec5f100000) (1024K)]
  0x000002bf5dcc8f60 JavaThread "jar transforms"                    [_thread_blocked, id=50156, stack(0x000000ec5f100000,0x000000ec5f200000) (1024K)]
  0x000002bf5dcc95f0 JavaThread "jar transforms Thread 2"           [_thread_blocked, id=47964, stack(0x000000ec5f200000,0x000000ec5f300000) (1024K)]
  0x000002bf5dcc9c80 JavaThread "jar transforms Thread 3"           [_thread_blocked, id=49004, stack(0x000000ec5f300000,0x000000ec5f400000) (1024K)]
  0x000002bf5dccb030 JavaThread "jar transforms Thread 4"           [_thread_blocked, id=16080, stack(0x000000ec5f400000,0x000000ec5f500000) (1024K)]
  0x000002bf5dcca310 JavaThread "jar transforms Thread 5"           [_thread_blocked, id=49704, stack(0x000000ec5f500000,0x000000ec5f600000) (1024K)]
  0x000002bf5dccb6c0 JavaThread "jar transforms Thread 6"           [_thread_blocked, id=47360, stack(0x000000ec5f600000,0x000000ec5f700000) (1024K)]
  0x000002bf5dcc8240 JavaThread "jar transforms Thread 7"           [_thread_blocked, id=45068, stack(0x000000ec5f700000,0x000000ec5f800000) (1024K)]
  0x000002bf5dccbd50 JavaThread "jar transforms Thread 8"           [_thread_blocked, id=47132, stack(0x000000ec5f800000,0x000000ec5f900000) (1024K)]
  0x000002bf5dcc88d0 JavaThread "Cache worker for checksums cache (D:\Texnoera Academy\Spring\Microservice\restoran-system\ms-restaurant\.gradle\8.14.3\checksums)"        [_thread_blocked, id=49296, stack(0x000000ec5fb00000,0x000000ec5fc00000) (1024K)]
  0x000002bf5dccd790 JavaThread "Cache worker for file content cache (C:\Users\Dell\.gradle\caches\8.14.3\fileContent)"        [_thread_blocked, id=42780, stack(0x000000ec5fc00000,0x000000ec5fd00000) (1024K)]
  0x000002bf5dccca70 JavaThread "Cache worker for cache directory md-supplier (C:\Users\Dell\.gradle\caches\8.14.3\md-supplier)"        [_thread_blocked, id=48300, stack(0x000000ec5fa00000,0x000000ec5fb00000) (1024K)]
  0x000002bf5dcce4b0 JavaThread "Cache worker for cache directory md-rule (C:\Users\Dell\.gradle\caches\8.14.3\md-rule)"        [_thread_blocked, id=46552, stack(0x000000ec5fd00000,0x000000ec5fe00000) (1024K)]
  0x000002bf5eec5960 JavaThread "C2 CompilerThread1"         daemon [_thread_blocked, id=11328, stack(0x000000ec5f900000,0x000000ec5fa00000) (1024K)]
Total: 42

Other Threads:
  0x000002bf42008e10 VMThread "VM Thread"                           [id=46144, stack(0x000000ec5cc00000,0x000000ec5cd00000) (1024K)]
  0x000002bf41ff8dc0 WatcherThread "VM Periodic Task Thread"        [id=49692, stack(0x000000ec5cb00000,0x000000ec5cc00000) (1024K)]
  0x000002bf271ae410 WorkerThread "GC Thread#0"                     [id=39000, stack(0x000000ec5c600000,0x000000ec5c700000) (1024K)]
  0x000002bf4240ebc0 WorkerThread "GC Thread#1"                     [id=39180, stack(0x000000ec5d900000,0x000000ec5da00000) (1024K)]
  0x000002bf423a6b50 WorkerThread "GC Thread#2"                     [id=48420, stack(0x000000ec5da00000,0x000000ec5db00000) (1024K)]
  0x000002bf423a6ef0 WorkerThread "GC Thread#3"                     [id=47116, stack(0x000000ec5db00000,0x000000ec5dc00000) (1024K)]
  0x000002bf423a7290 WorkerThread "GC Thread#4"                     [id=48776, stack(0x000000ec5dc00000,0x000000ec5dd00000) (1024K)]
  0x000002bf423a7630 WorkerThread "GC Thread#5"                     [id=35772, stack(0x000000ec5dd00000,0x000000ec5de00000) (1024K)]
  0x000002bf5cd64de0 WorkerThread "GC Thread#6"                     [id=50164, stack(0x000000ec5d800000,0x000000ec5d900000) (1024K)]
  0x000002bf5cd65180 WorkerThread "GC Thread#7"                     [id=49740, stack(0x000000ec5de00000,0x000000ec5df00000) (1024K)]
  0x000002bf271b4310 ConcurrentGCThread "G1 Main Marker"            [id=39540, stack(0x000000ec5c700000,0x000000ec5c800000) (1024K)]
  0x000002bf271b4d20 WorkerThread "G1 Conc#0"                       [id=40748, stack(0x000000ec5c800000,0x000000ec5c900000) (1024K)]
  0x000002bf5f4a9320 WorkerThread "G1 Conc#1"                       [id=39360, stack(0x000000ec5ec00000,0x000000ec5ed00000) (1024K)]
  0x000002bf41ec8620 ConcurrentGCThread "G1 Refine#0"               [id=40740, stack(0x000000ec5c900000,0x000000ec5ca00000) (1024K)]
  0x000002bf41ec9f20 ConcurrentGCThread "G1 Service"                [id=36272, stack(0x000000ec5ca00000,0x000000ec5cb00000) (1024K)]
Total: 15

Threads with active compile tasks:
C2 CompilerThread0  29796 5021       4       org.objectweb.asm.SymbolTable::addConstantUtf8Reference (101 bytes)
Total: 1

VM state: not at safepoint (normal execution)

VM Mutex/Monitor currently owned by a thread:  ([mutex/lock_event])
[0x00007ffd7b9787c8] Metaspace_lock - owner thread: 0x000002bf425746d0

Heap address: 0x00000000e0000000, size: 512 MB, Compressed Oops mode: 32-bit

CDS archive(s) mapped at: [0x000002bf43000000-0x000002bf43c80000-0x000002bf43c80000), size 13107200, SharedBaseAddress: 0x000002bf43000000, ArchiveRelocationMode: 1.
Compressed class space mapped at: 0x000002bf44000000-0x000002bf58000000, reserved size: 335544320
Narrow klass base: 0x000002bf43000000, Narrow klass shift: 0, Narrow klass range: 0x100000000

GC Precious Log:
 CardTable entry size: 512
 Card Set container configuration: InlinePtr #cards 5 size 8 Array Of Cards #cards 12 size 40 Howl #buckets 4 coarsen threshold 1843 Howl Bitmap #cards 512 size 80 coarsen threshold 460 Card regions per heap region 1 cards per card region 2048
 CPUs: 8 total, 8 available
 Memory: 12051M
 Large Page Support: Disabled
 NUMA Support: Disabled
 Compressed Oops: Enabled (32-bit)
 Heap Region Size: 1M
 Heap Min Capacity: 256M
 Heap Initial Capacity: 256M
 Heap Max Capacity: 512M
 Pre-touch: Disabled
 Parallel Workers: 8
 Concurrent Workers: 2
 Concurrent Refinement Workers: 8
 Periodic GC: Disabled

Heap:
 garbage-first heap   total 262144K, used 130926K [0x00000000e0000000, 0x0000000100000000)
  region size 1024K, 68 young (69632K), 3 survivors (3072K)
 Metaspace       used 43478K, committed 45056K, reserved 393216K
  class space    used 6282K, committed 7040K, reserved 327680K

Heap Regions: E=young(eden), S=young(survivor), O=old, HS=humongous(starts), HC=humongous(continues), CS=collection set, F=free, TAMS=top-at-mark-start, PB=parsable bottom
|   0|0x00000000e0000000, 0x00000000e0100000, 0x00000000e0100000|100%|HS|  |TAMS 0x00000000e0000000| PB 0x00000000e0000000| Complete 
|   1|0x00000000e0100000, 0x00000000e0200000, 0x00000000e0200000|100%|HC|  |TAMS 0x00000000e0100000| PB 0x00000000e0100000| Complete 
|   2|0x00000000e0200000, 0x00000000e0300000, 0x00000000e0300000|100%|HC|  |TAMS 0x00000000e0200000| PB 0x00000000e0200000| Complete 
|   3|0x00000000e0300000, 0x00000000e0400000, 0x00000000e0400000|100%| O|  |TAMS 0x00000000e0300000| PB 0x00000000e0300000| Untracked 
|   4|0x00000000e0400000, 0x00000000e0500000, 0x00000000e0500000|100%| O|  |TAMS 0x00000000e0400000| PB 0x00000000e0400000| Untracked 
|   5|0x00000000e0500000, 0x00000000e0600000, 0x00000000e0600000|100%| O|  |TAMS 0x00000000e0500000| PB 0x00000000e0500000| Untracked 
|   6|0x00000000e0600000, 0x00000000e0700000, 0x00000000e0700000|100%|HS|  |TAMS 0x00000000e0600000| PB 0x00000000e0600000| Complete 
|   7|0x00000000e0700000, 0x00000000e0800000, 0x00000000e0800000|100%|HS|  |TAMS 0x00000000e0700000| PB 0x00000000e0700000| Complete 
|   8|0x00000000e0800000, 0x00000000e0900000, 0x00000000e0900000|100%| O|  |TAMS 0x00000000e0800000| PB 0x00000000e0800000| Untracked 
|   9|0x00000000e0900000, 0x00000000e0a00000, 0x00000000e0a00000|100%| O|  |TAMS 0x00000000e0900000| PB 0x00000000e0900000| Untracked 
|  10|0x00000000e0a00000, 0x00000000e0b00000, 0x00000000e0b00000|100%| O|  |TAMS 0x00000000e0a00000| PB 0x00000000e0a00000| Untracked 
|  11|0x00000000e0b00000, 0x00000000e0c00000, 0x00000000e0c00000|100%| O|  |TAMS 0x00000000e0b00000| PB 0x00000000e0b00000| Untracked 
|  12|0x00000000e0c00000, 0x00000000e0d00000, 0x00000000e0d00000|100%| O|  |TAMS 0x00000000e0c00000| PB 0x00000000e0c00000| Untracked 
|  13|0x00000000e0d00000, 0x00000000e0e00000, 0x00000000e0e00000|100%|HS|  |TAMS 0x00000000e0d00000| PB 0x00000000e0d00000| Complete 
|  14|0x00000000e0e00000, 0x00000000e0f00000, 0x00000000e0f00000|100%|HC|  |TAMS 0x00000000e0e00000| PB 0x00000000e0e00000| Complete 
|  15|0x00000000e0f00000, 0x00000000e1000000, 0x00000000e1000000|100%|HC|  |TAMS 0x00000000e0f00000| PB 0x00000000e0f00000| Complete 
|  16|0x00000000e1000000, 0x00000000e1100000, 0x00000000e1100000|100%|HC|  |TAMS 0x00000000e1000000| PB 0x00000000e1000000| Complete 
|  17|0x00000000e1100000, 0x00000000e1200000, 0x00000000e1200000|100%|HC|  |TAMS 0x00000000e1100000| PB 0x00000000e1100000| Complete 
|  18|0x00000000e1200000, 0x00000000e1300000, 0x00000000e1300000|100%|HC|  |TAMS 0x00000000e1200000| PB 0x00000000e1200000| Complete 
|  19|0x00000000e1300000, 0x00000000e1400000, 0x00000000e1400000|100%|HS|  |TAMS 0x00000000e1300000| PB 0x00000000e1300000| Complete 
|  20|0x00000000e1400000, 0x00000000e1500000, 0x00000000e1500000|100%|HC|  |TAMS 0x00000000e1400000| PB 0x00000000e1400000| Complete 
|  21|0x00000000e1500000, 0x00000000e1600000, 0x00000000e1600000|100%|HC|  |TAMS 0x00000000e1500000| PB 0x00000000e1500000| Complete 
|  22|0x00000000e1600000, 0x00000000e1700000, 0x00000000e1700000|100%|HS|  |TAMS 0x00000000e1600000| PB 0x00000000e1600000| Complete 
|  23|0x00000000e1700000, 0x00000000e1800000, 0x00000000e1800000|100%|HC|  |TAMS 0x00000000e1700000| PB 0x00000000e1700000| Complete 
|  24|0x00000000e1800000, 0x00000000e1900000, 0x00000000e1900000|100%|HS|  |TAMS 0x00000000e1800000| PB 0x00000000e1800000| Complete 
|  25|0x00000000e1900000, 0x00000000e1a00000, 0x00000000e1a00000|100%|HC|  |TAMS 0x00000000e1900000| PB 0x00000000e1900000| Complete 
|  26|0x00000000e1a00000, 0x00000000e1b00000, 0x00000000e1b00000|100%|HC|  |TAMS 0x00000000e1a00000| PB 0x00000000e1a00000| Complete 
|  27|0x00000000e1b00000, 0x00000000e1c00000, 0x00000000e1c00000|100%|HC|  |TAMS 0x00000000e1b00000| PB 0x00000000e1b00000| Complete 
|  28|0x00000000e1c00000, 0x00000000e1d00000, 0x00000000e1d00000|100%|HC|  |TAMS 0x00000000e1c00000| PB 0x00000000e1c00000| Complete 
|  29|0x00000000e1d00000, 0x00000000e1e00000, 0x00000000e1e00000|100%|HC|  |TAMS 0x00000000e1d00000| PB 0x00000000e1d00000| Complete 
|  30|0x00000000e1e00000, 0x00000000e1f00000, 0x00000000e1f00000|100%|HS|  |TAMS 0x00000000e1e00000| PB 0x00000000e1e00000| Complete 
|  31|0x00000000e1f00000, 0x00000000e2000000, 0x00000000e2000000|100%|HC|  |TAMS 0x00000000e1f00000| PB 0x00000000e1f00000| Complete 
|  32|0x00000000e2000000, 0x00000000e2100000, 0x00000000e2100000|100%|HC|  |TAMS 0x00000000e2000000| PB 0x00000000e2000000| Complete 
|  33|0x00000000e2100000, 0x00000000e2200000, 0x00000000e2200000|100%|HS|  |TAMS 0x00000000e2100000| PB 0x00000000e2100000| Complete 
|  34|0x00000000e2200000, 0x00000000e2300000, 0x00000000e2300000|100%|HC|  |TAMS 0x00000000e2200000| PB 0x00000000e2200000| Complete 
|  35|0x00000000e2300000, 0x00000000e2400000, 0x00000000e2400000|100%|HS|  |TAMS 0x00000000e2300000| PB 0x00000000e2300000| Complete 
|  36|0x00000000e2400000, 0x00000000e2500000, 0x00000000e2500000|100%| O|  |TAMS 0x00000000e2400000| PB 0x00000000e2400000| Untracked 
|  37|0x00000000e2500000, 0x00000000e2600000, 0x00000000e2600000|100%| O|  |TAMS 0x00000000e2500000| PB 0x00000000e2500000| Untracked 
|  38|0x00000000e2600000, 0x00000000e2700000, 0x00000000e2700000|100%| O|  |TAMS 0x00000000e2600000| PB 0x00000000e2600000| Untracked 
|  39|0x00000000e2700000, 0x00000000e2800000, 0x00000000e2800000|100%| O|  |TAMS 0x00000000e2700000| PB 0x00000000e2700000| Untracked 
|  40|0x00000000e2800000, 0x00000000e2900000, 0x00000000e2900000|100%| O|  |TAMS 0x00000000e2800000| PB 0x00000000e2800000| Untracked 
|  41|0x00000000e2900000, 0x00000000e2a00000, 0x00000000e2a00000|100%| O|  |TAMS 0x00000000e2900000| PB 0x00000000e2900000| Untracked 
|  42|0x00000000e2a00000, 0x00000000e2b00000, 0x00000000e2b00000|100%| O|  |TAMS 0x00000000e2a00000| PB 0x00000000e2a00000| Untracked 
|  43|0x00000000e2b00000, 0x00000000e2c00000, 0x00000000e2c00000|100%| O|  |TAMS 0x00000000e2b00000| PB 0x00000000e2b00000| Untracked 
|  44|0x00000000e2c00000, 0x00000000e2d00000, 0x00000000e2d00000|100%| O|  |TAMS 0x00000000e2c00000| PB 0x00000000e2c00000| Untracked 
|  45|0x00000000e2d00000, 0x00000000e2e00000, 0x00000000e2e00000|100%| O|  |TAMS 0x00000000e2d00000| PB 0x00000000e2d00000| Untracked 
|  46|0x00000000e2e00000, 0x00000000e2f00000, 0x00000000e2f00000|100%| O|  |TAMS 0x00000000e2e00000| PB 0x00000000e2e00000| Untracked 
|  47|0x00000000e2f00000, 0x00000000e3000000, 0x00000000e3000000|100%| O|Cm|TAMS 0x00000000e2f00000| PB 0x00000000e2f00000| Complete 
|  48|0x00000000e3000000, 0x00000000e3100000, 0x00000000e3100000|100%| O|  |TAMS 0x00000000e3000000| PB 0x00000000e3000000| Untracked 
|  49|0x00000000e3100000, 0x00000000e3200000, 0x00000000e3200000|100%| O|  |TAMS 0x00000000e3100000| PB 0x00000000e3100000| Untracked 
|  50|0x00000000e3200000, 0x00000000e3300000, 0x00000000e3300000|100%| O|  |TAMS 0x00000000e3200000| PB 0x00000000e3200000| Untracked 
|  51|0x00000000e3300000, 0x00000000e3400000, 0x00000000e3400000|100%| O|  |TAMS 0x00000000e3300000| PB 0x00000000e3300000| Untracked 
|  52|0x00000000e3400000, 0x00000000e3500000, 0x00000000e3500000|100%| O|  |TAMS 0x00000000e3400000| PB 0x00000000e3400000| Untracked 
|  53|0x00000000e3500000, 0x00000000e3600000, 0x00000000e3600000|100%| O|  |TAMS 0x00000000e3500000| PB 0x00000000e3500000| Untracked 
|  54|0x00000000e3600000, 0x00000000e3700000, 0x00000000e3700000|100%| O|  |TAMS 0x00000000e3600000| PB 0x00000000e3600000| Untracked 
|  55|0x00000000e3700000, 0x00000000e3800000, 0x00000000e3800000|100%| O|  |TAMS 0x00000000e3700000| PB 0x00000000e3700000| Untracked 
|  56|0x00000000e3800000, 0x00000000e3900000, 0x00000000e3900000|100%| O|  |TAMS 0x00000000e3800000| PB 0x00000000e3800000| Untracked 
|  57|0x00000000e3900000, 0x00000000e3a00000, 0x00000000e3a00000|100%|HS|  |TAMS 0x00000000e3900000| PB 0x00000000e3900000| Complete 
|  58|0x00000000e3a00000, 0x00000000e3b00000, 0x00000000e3b00000|100%|HS|  |TAMS 0x00000000e3a00000| PB 0x00000000e3a00000| Complete 
|  59|0x00000000e3b00000, 0x00000000e3c00000, 0x00000000e3c00000|100%|HC|  |TAMS 0x00000000e3b00000| PB 0x00000000e3b00000| Complete 
|  60|0x00000000e3c00000, 0x00000000e3d00000, 0x00000000e3d00000|100%|HS|  |TAMS 0x00000000e3c00000| PB 0x00000000e3c00000| Complete 
|  61|0x00000000e3d00000, 0x00000000e3e00000, 0x00000000e3e00000|100%|HC|  |TAMS 0x00000000e3d00000| PB 0x00000000e3d00000| Complete 
|  62|0x00000000e3e00000, 0x00000000e3e00000, 0x00000000e3f00000|  0%| F|  |TAMS 0x00000000e3e00000| PB 0x00000000e3e00000| Untracked 
|  63|0x00000000e3f00000, 0x00000000e3f00000, 0x00000000e4000000|  0%| F|  |TAMS 0x00000000e3f00000| PB 0x00000000e3f00000| Untracked 
|  64|0x00000000e4000000, 0x00000000e4000000, 0x00000000e4100000|  0%| F|  |TAMS 0x00000000e4000000| PB 0x00000000e4000000| Untracked 
|  65|0x00000000e4100000, 0x00000000e4100000, 0x00000000e4200000|  0%| F|  |TAMS 0x00000000e4100000| PB 0x00000000e4100000| Untracked 
|  66|0x00000000e4200000, 0x00000000e4200000, 0x00000000e4300000|  0%| F|  |TAMS 0x00000000e4200000| PB 0x00000000e4200000| Untracked 
|  67|0x00000000e4300000, 0x00000000e4300000, 0x00000000e4400000|  0%| F|  |TAMS 0x00000000e4300000| PB 0x00000000e4300000| Untracked 
|  68|0x00000000e4400000, 0x00000000e4400000, 0x00000000e4500000|  0%| F|  |TAMS 0x00000000e4400000| PB 0x00000000e4400000| Untracked 
|  69|0x00000000e4500000, 0x00000000e4500000, 0x00000000e4600000|  0%| F|  |TAMS 0x00000000e4500000| PB 0x00000000e4500000| Untracked 
|  70|0x00000000e4600000, 0x00000000e4600000, 0x00000000e4700000|  0%| F|  |TAMS 0x00000000e4600000| PB 0x00000000e4600000| Untracked 
|  71|0x00000000e4700000, 0x00000000e4700000, 0x00000000e4800000|  0%| F|  |TAMS 0x00000000e4700000| PB 0x00000000e4700000| Untracked 
|  72|0x00000000e4800000, 0x00000000e4800000, 0x00000000e4900000|  0%| F|  |TAMS 0x00000000e4800000| PB 0x00000000e4800000| Untracked 
|  73|0x00000000e4900000, 0x00000000e4900000, 0x00000000e4a00000|  0%| F|  |TAMS 0x00000000e4900000| PB 0x00000000e4900000| Untracked 
|  74|0x00000000e4a00000, 0x00000000e4a00000, 0x00000000e4b00000|  0%| F|  |TAMS 0x00000000e4a00000| PB 0x00000000e4a00000| Untracked 
|  75|0x00000000e4b00000, 0x00000000e4b00000, 0x00000000e4c00000|  0%| F|  |TAMS 0x00000000e4b00000| PB 0x00000000e4b00000| Untracked 
|  76|0x00000000e4c00000, 0x00000000e4c00000, 0x00000000e4d00000|  0%| F|  |TAMS 0x00000000e4c00000| PB 0x00000000e4c00000| Untracked 
|  77|0x00000000e4d00000, 0x00000000e4d00000, 0x00000000e4e00000|  0%| F|  |TAMS 0x00000000e4d00000| PB 0x00000000e4d00000| Untracked 
|  78|0x00000000e4e00000, 0x00000000e4e00000, 0x00000000e4f00000|  0%| F|  |TAMS 0x00000000e4e00000| PB 0x00000000e4e00000| Untracked 
|  79|0x00000000e4f00000, 0x00000000e4f00000, 0x00000000e5000000|  0%| F|  |TAMS 0x00000000e4f00000| PB 0x00000000e4f00000| Untracked 
|  80|0x00000000e5000000, 0x00000000e5000000, 0x00000000e5100000|  0%| F|  |TAMS 0x00000000e5000000| PB 0x00000000e5000000| Untracked 
|  81|0x00000000e5100000, 0x00000000e5100000, 0x00000000e5200000|  0%| F|  |TAMS 0x00000000e5100000| PB 0x00000000e5100000| Untracked 
|  82|0x00000000e5200000, 0x00000000e5200000, 0x00000000e5300000|  0%| F|  |TAMS 0x00000000e5200000| PB 0x00000000e5200000| Untracked 
|  83|0x00000000e5300000, 0x00000000e5300000, 0x00000000e5400000|  0%| F|  |TAMS 0x00000000e5300000| PB 0x00000000e5300000| Untracked 
|  84|0x00000000e5400000, 0x00000000e5400000, 0x00000000e5500000|  0%| F|  |TAMS 0x00000000e5400000| PB 0x00000000e5400000| Untracked 
|  85|0x00000000e5500000, 0x00000000e5500000, 0x00000000e5600000|  0%| F|  |TAMS 0x00000000e5500000| PB 0x00000000e5500000| Untracked 
|  86|0x00000000e5600000, 0x00000000e5600000, 0x00000000e5700000|  0%| F|  |TAMS 0x00000000e5600000| PB 0x00000000e5600000| Untracked 
|  87|0x00000000e5700000, 0x00000000e5700000, 0x00000000e5800000|  0%| F|  |TAMS 0x00000000e5700000| PB 0x00000000e5700000| Untracked 
|  88|0x00000000e5800000, 0x00000000e5800000, 0x00000000e5900000|  0%| F|  |TAMS 0x00000000e5800000| PB 0x00000000e5800000| Untracked 
|  89|0x00000000e5900000, 0x00000000e5900000, 0x00000000e5a00000|  0%| F|  |TAMS 0x00000000e5900000| PB 0x00000000e5900000| Untracked 
|  90|0x00000000e5a00000, 0x00000000e5a00000, 0x00000000e5b00000|  0%| F|  |TAMS 0x00000000e5a00000| PB 0x00000000e5a00000| Untracked 
|  91|0x00000000e5b00000, 0x00000000e5b00000, 0x00000000e5c00000|  0%| F|  |TAMS 0x00000000e5b00000| PB 0x00000000e5b00000| Untracked 
|  92|0x00000000e5c00000, 0x00000000e5c00000, 0x00000000e5d00000|  0%| F|  |TAMS 0x00000000e5c00000| PB 0x00000000e5c00000| Untracked 
|  93|0x00000000e5d00000, 0x00000000e5d00000, 0x00000000e5e00000|  0%| F|  |TAMS 0x00000000e5d00000| PB 0x00000000e5d00000| Untracked 
|  94|0x00000000e5e00000, 0x00000000e5e00000, 0x00000000e5f00000|  0%| F|  |TAMS 0x00000000e5e00000| PB 0x00000000e5e00000| Untracked 
|  95|0x00000000e5f00000, 0x00000000e5f00000, 0x00000000e6000000|  0%| F|  |TAMS 0x00000000e5f00000| PB 0x00000000e5f00000| Untracked 
|  96|0x00000000e6000000, 0x00000000e6000000, 0x00000000e6100000|  0%| F|  |TAMS 0x00000000e6000000| PB 0x00000000e6000000| Untracked 
|  97|0x00000000e6100000, 0x00000000e6100000, 0x00000000e6200000|  0%| F|  |TAMS 0x00000000e6100000| PB 0x00000000e6100000| Untracked 
|  98|0x00000000e6200000, 0x00000000e6200000, 0x00000000e6300000|  0%| F|  |TAMS 0x00000000e6200000| PB 0x00000000e6200000| Untracked 
|  99|0x00000000e6300000, 0x00000000e6300000, 0x00000000e6400000|  0%| F|  |TAMS 0x00000000e6300000| PB 0x00000000e6300000| Untracked 
| 100|0x00000000e6400000, 0x00000000e6400000, 0x00000000e6500000|  0%| F|  |TAMS 0x00000000e6400000| PB 0x00000000e6400000| Untracked 
| 101|0x00000000e6500000, 0x00000000e6500000, 0x00000000e6600000|  0%| F|  |TAMS 0x00000000e6500000| PB 0x00000000e6500000| Untracked 
| 102|0x00000000e6600000, 0x00000000e6600000, 0x00000000e6700000|  0%| F|  |TAMS 0x00000000e6600000| PB 0x00000000e6600000| Untracked 
| 103|0x00000000e6700000, 0x00000000e6700000, 0x00000000e6800000|  0%| F|  |TAMS 0x00000000e6700000| PB 0x00000000e6700000| Untracked 
| 104|0x00000000e6800000, 0x00000000e6800000, 0x00000000e6900000|  0%| F|  |TAMS 0x00000000e6800000| PB 0x00000000e6800000| Untracked 
| 105|0x00000000e6900000, 0x00000000e6900000, 0x00000000e6a00000|  0%| F|  |TAMS 0x00000000e6900000| PB 0x00000000e6900000| Untracked 
| 106|0x00000000e6a00000, 0x00000000e6a00000, 0x00000000e6b00000|  0%| F|  |TAMS 0x00000000e6a00000| PB 0x00000000e6a00000| Untracked 
| 107|0x00000000e6b00000, 0x00000000e6b00000, 0x00000000e6c00000|  0%| F|  |TAMS 0x00000000e6b00000| PB 0x00000000e6b00000| Untracked 
| 108|0x00000000e6c00000, 0x00000000e6c00000, 0x00000000e6d00000|  0%| F|  |TAMS 0x00000000e6c00000| PB 0x00000000e6c00000| Untracked 
| 109|0x00000000e6d00000, 0x00000000e6d00000, 0x00000000e6e00000|  0%| F|  |TAMS 0x00000000e6d00000| PB 0x00000000e6d00000| Untracked 
| 110|0x00000000e6e00000, 0x00000000e6e00000, 0x00000000e6f00000|  0%| F|  |TAMS 0x00000000e6e00000| PB 0x00000000e6e00000| Untracked 
| 111|0x00000000e6f00000, 0x00000000e6f00000, 0x00000000e7000000|  0%| F|  |TAMS 0x00000000e6f00000| PB 0x00000000e6f00000| Untracked 
| 112|0x00000000e7000000, 0x00000000e7000000, 0x00000000e7100000|  0%| F|  |TAMS 0x00000000e7000000| PB 0x00000000e7000000| Untracked 
| 113|0x00000000e7100000, 0x00000000e7100000, 0x00000000e7200000|  0%| F|  |TAMS 0x00000000e7100000| PB 0x00000000e7100000| Untracked 
| 114|0x00000000e7200000, 0x00000000e7200000, 0x00000000e7300000|  0%| F|  |TAMS 0x00000000e7200000| PB 0x00000000e7200000| Untracked 
| 115|0x00000000e7300000, 0x00000000e7300000, 0x00000000e7400000|  0%| F|  |TAMS 0x00000000e7300000| PB 0x00000000e7300000| Untracked 
| 116|0x00000000e7400000, 0x00000000e7400000, 0x00000000e7500000|  0%| F|  |TAMS 0x00000000e7400000| PB 0x00000000e7400000| Untracked 
| 117|0x00000000e7500000, 0x00000000e7500000, 0x00000000e7600000|  0%| F|  |TAMS 0x00000000e7500000| PB 0x00000000e7500000| Untracked 
| 118|0x00000000e7600000, 0x00000000e7600000, 0x00000000e7700000|  0%| F|  |TAMS 0x00000000e7600000| PB 0x00000000e7600000| Untracked 
| 119|0x00000000e7700000, 0x00000000e7700000, 0x00000000e7800000|  0%| F|  |TAMS 0x00000000e7700000| PB 0x00000000e7700000| Untracked 
| 120|0x00000000e7800000, 0x00000000e7800000, 0x00000000e7900000|  0%| F|  |TAMS 0x00000000e7800000| PB 0x00000000e7800000| Untracked 
| 121|0x00000000e7900000, 0x00000000e7900000, 0x00000000e7a00000|  0%| F|  |TAMS 0x00000000e7900000| PB 0x00000000e7900000| Untracked 
| 122|0x00000000e7a00000, 0x00000000e7a00000, 0x00000000e7b00000|  0%| F|  |TAMS 0x00000000e7a00000| PB 0x00000000e7a00000| Untracked 
| 123|0x00000000e7b00000, 0x00000000e7b00000, 0x00000000e7c00000|  0%| F|  |TAMS 0x00000000e7b00000| PB 0x00000000e7b00000| Untracked 
| 124|0x00000000e7c00000, 0x00000000e7c00000, 0x00000000e7d00000|  0%| F|  |TAMS 0x00000000e7c00000| PB 0x00000000e7c00000| Untracked 
| 125|0x00000000e7d00000, 0x00000000e7d00000, 0x00000000e7e00000|  0%| F|  |TAMS 0x00000000e7d00000| PB 0x00000000e7d00000| Untracked 
| 126|0x00000000e7e00000, 0x00000000e7e00000, 0x00000000e7f00000|  0%| F|  |TAMS 0x00000000e7e00000| PB 0x00000000e7e00000| Untracked 
| 127|0x00000000e7f00000, 0x00000000e7f00000, 0x00000000e8000000|  0%| F|  |TAMS 0x00000000e7f00000| PB 0x00000000e7f00000| Untracked 
| 128|0x00000000e8000000, 0x00000000e8000000, 0x00000000e8100000|  0%| F|  |TAMS 0x00000000e8000000| PB 0x00000000e8000000| Untracked 
| 129|0x00000000e8100000, 0x00000000e8100000, 0x00000000e8200000|  0%| F|  |TAMS 0x00000000e8100000| PB 0x00000000e8100000| Untracked 
| 130|0x00000000e8200000, 0x00000000e8200000, 0x00000000e8300000|  0%| F|  |TAMS 0x00000000e8200000| PB 0x00000000e8200000| Untracked 
| 131|0x00000000e8300000, 0x00000000e8300000, 0x00000000e8400000|  0%| F|  |TAMS 0x00000000e8300000| PB 0x00000000e8300000| Untracked 
| 132|0x00000000e8400000, 0x00000000e8400000, 0x00000000e8500000|  0%| F|  |TAMS 0x00000000e8400000| PB 0x00000000e8400000| Untracked 
| 133|0x00000000e8500000, 0x00000000e8500000, 0x00000000e8600000|  0%| F|  |TAMS 0x00000000e8500000| PB 0x00000000e8500000| Untracked 
| 134|0x00000000e8600000, 0x00000000e8600000, 0x00000000e8700000|  0%| F|  |TAMS 0x00000000e8600000| PB 0x00000000e8600000| Untracked 
| 135|0x00000000e8700000, 0x00000000e8700000, 0x00000000e8800000|  0%| F|  |TAMS 0x00000000e8700000| PB 0x00000000e8700000| Untracked 
| 136|0x00000000e8800000, 0x00000000e8800000, 0x00000000e8900000|  0%| F|  |TAMS 0x00000000e8800000| PB 0x00000000e8800000| Untracked 
| 137|0x00000000e8900000, 0x00000000e8900000, 0x00000000e8a00000|  0%| F|  |TAMS 0x00000000e8900000| PB 0x00000000e8900000| Untracked 
| 138|0x00000000e8a00000, 0x00000000e8a00000, 0x00000000e8b00000|  0%| F|  |TAMS 0x00000000e8a00000| PB 0x00000000e8a00000| Untracked 
| 139|0x00000000e8b00000, 0x00000000e8b00000, 0x00000000e8c00000|  0%| F|  |TAMS 0x00000000e8b00000| PB 0x00000000e8b00000| Untracked 
| 140|0x00000000e8c00000, 0x00000000e8c00000, 0x00000000e8d00000|  0%| F|  |TAMS 0x00000000e8c00000| PB 0x00000000e8c00000| Untracked 
| 141|0x00000000e8d00000, 0x00000000e8d00000, 0x00000000e8e00000|  0%| F|  |TAMS 0x00000000e8d00000| PB 0x00000000e8d00000| Untracked 
| 142|0x00000000e8e00000, 0x00000000e8e00000, 0x00000000e8f00000|  0%| F|  |TAMS 0x00000000e8e00000| PB 0x00000000e8e00000| Untracked 
| 143|0x00000000e8f00000, 0x00000000e8f00000, 0x00000000e9000000|  0%| F|  |TAMS 0x00000000e8f00000| PB 0x00000000e8f00000| Untracked 
| 144|0x00000000e9000000, 0x00000000e9000000, 0x00000000e9100000|  0%| F|  |TAMS 0x00000000e9000000| PB 0x00000000e9000000| Untracked 
| 145|0x00000000e9100000, 0x00000000e9100000, 0x00000000e9200000|  0%| F|  |TAMS 0x00000000e9100000| PB 0x00000000e9100000| Untracked 
| 146|0x00000000e9200000, 0x00000000e9200000, 0x00000000e9300000|  0%| F|  |TAMS 0x00000000e9200000| PB 0x00000000e9200000| Untracked 
| 147|0x00000000e9300000, 0x00000000e9300000, 0x00000000e9400000|  0%| F|  |TAMS 0x00000000e9300000| PB 0x00000000e9300000| Untracked 
| 148|0x00000000e9400000, 0x00000000e9400000, 0x00000000e9500000|  0%| F|  |TAMS 0x00000000e9400000| PB 0x00000000e9400000| Untracked 
| 149|0x00000000e9500000, 0x00000000e9500000, 0x00000000e9600000|  0%| F|  |TAMS 0x00000000e9500000| PB 0x00000000e9500000| Untracked 
| 150|0x00000000e9600000, 0x00000000e9600000, 0x00000000e9700000|  0%| F|  |TAMS 0x00000000e9600000| PB 0x00000000e9600000| Untracked 
| 151|0x00000000e9700000, 0x00000000e9700000, 0x00000000e9800000|  0%| F|  |TAMS 0x00000000e9700000| PB 0x00000000e9700000| Untracked 
| 152|0x00000000e9800000, 0x00000000e9800000, 0x00000000e9900000|  0%| F|  |TAMS 0x00000000e9800000| PB 0x00000000e9800000| Untracked 
| 153|0x00000000e9900000, 0x00000000e9900000, 0x00000000e9a00000|  0%| F|  |TAMS 0x00000000e9900000| PB 0x00000000e9900000| Untracked 
| 154|0x00000000e9a00000, 0x00000000e9a00000, 0x00000000e9b00000|  0%| F|  |TAMS 0x00000000e9a00000| PB 0x00000000e9a00000| Untracked 
| 155|0x00000000e9b00000, 0x00000000e9b00000, 0x00000000e9c00000|  0%| F|  |TAMS 0x00000000e9b00000| PB 0x00000000e9b00000| Untracked 
| 156|0x00000000e9c00000, 0x00000000e9c00000, 0x00000000e9d00000|  0%| F|  |TAMS 0x00000000e9c00000| PB 0x00000000e9c00000| Untracked 
| 157|0x00000000e9d00000, 0x00000000e9d00000, 0x00000000e9e00000|  0%| F|  |TAMS 0x00000000e9d00000| PB 0x00000000e9d00000| Untracked 
| 158|0x00000000e9e00000, 0x00000000e9e00000, 0x00000000e9f00000|  0%| F|  |TAMS 0x00000000e9e00000| PB 0x00000000e9e00000| Untracked 
| 159|0x00000000e9f00000, 0x00000000e9f00000, 0x00000000ea000000|  0%| F|  |TAMS 0x00000000e9f00000| PB 0x00000000e9f00000| Untracked 
| 160|0x00000000ea000000, 0x00000000ea000000, 0x00000000ea100000|  0%| F|  |TAMS 0x00000000ea000000| PB 0x00000000ea000000| Untracked 
| 161|0x00000000ea100000, 0x00000000ea100000, 0x00000000ea200000|  0%| F|  |TAMS 0x00000000ea100000| PB 0x00000000ea100000| Untracked 
| 162|0x00000000ea200000, 0x00000000ea200000, 0x00000000ea300000|  0%| F|  |TAMS 0x00000000ea200000| PB 0x00000000ea200000| Untracked 
| 163|0x00000000ea300000, 0x00000000ea300000, 0x00000000ea400000|  0%| F|  |TAMS 0x00000000ea300000| PB 0x00000000ea300000| Untracked 
| 164|0x00000000ea400000, 0x00000000ea400000, 0x00000000ea500000|  0%| F|  |TAMS 0x00000000ea400000| PB 0x00000000ea400000| Untracked 
| 165|0x00000000ea500000, 0x00000000ea500000, 0x00000000ea600000|  0%| F|  |TAMS 0x00000000ea500000| PB 0x00000000ea500000| Untracked 
| 166|0x00000000ea600000, 0x00000000ea600000, 0x00000000ea700000|  0%| F|  |TAMS 0x00000000ea600000| PB 0x00000000ea600000| Untracked 
| 167|0x00000000ea700000, 0x00000000ea700000, 0x00000000ea800000|  0%| F|  |TAMS 0x00000000ea700000| PB 0x00000000ea700000| Untracked 
| 168|0x00000000ea800000, 0x00000000ea800000, 0x00000000ea900000|  0%| F|  |TAMS 0x00000000ea800000| PB 0x00000000ea800000| Untracked 
| 169|0x00000000ea900000, 0x00000000ea900000, 0x00000000eaa00000|  0%| F|  |TAMS 0x00000000ea900000| PB 0x00000000ea900000| Untracked 
| 170|0x00000000eaa00000, 0x00000000eaa00000, 0x00000000eab00000|  0%| F|  |TAMS 0x00000000eaa00000| PB 0x00000000eaa00000| Untracked 
| 171|0x00000000eab00000, 0x00000000eab00000, 0x00000000eac00000|  0%| F|  |TAMS 0x00000000eab00000| PB 0x00000000eab00000| Untracked 
| 172|0x00000000eac00000, 0x00000000eac00000, 0x00000000ead00000|  0%| F|  |TAMS 0x00000000eac00000| PB 0x00000000eac00000| Untracked 
| 173|0x00000000ead00000, 0x00000000ead00000, 0x00000000eae00000|  0%| F|  |TAMS 0x00000000ead00000| PB 0x00000000ead00000| Untracked 
| 174|0x00000000eae00000, 0x00000000eae00000, 0x00000000eaf00000|  0%| F|  |TAMS 0x00000000eae00000| PB 0x00000000eae00000| Untracked 
| 175|0x00000000eaf00000, 0x00000000eaf00000, 0x00000000eb000000|  0%| F|  |TAMS 0x00000000eaf00000| PB 0x00000000eaf00000| Untracked 
| 176|0x00000000eb000000, 0x00000000eb000000, 0x00000000eb100000|  0%| F|  |TAMS 0x00000000eb000000| PB 0x00000000eb000000| Untracked 
| 177|0x00000000eb100000, 0x00000000eb100000, 0x00000000eb200000|  0%| F|  |TAMS 0x00000000eb100000| PB 0x00000000eb100000| Untracked 
| 178|0x00000000eb200000, 0x00000000eb200000, 0x00000000eb300000|  0%| F|  |TAMS 0x00000000eb200000| PB 0x00000000eb200000| Untracked 
| 179|0x00000000eb300000, 0x00000000eb300000, 0x00000000eb400000|  0%| F|  |TAMS 0x00000000eb300000| PB 0x00000000eb300000| Untracked 
| 180|0x00000000eb400000, 0x00000000eb400000, 0x00000000eb500000|  0%| F|  |TAMS 0x00000000eb400000| PB 0x00000000eb400000| Untracked 
| 181|0x00000000eb500000, 0x00000000eb500000, 0x00000000eb600000|  0%| F|  |TAMS 0x00000000eb500000| PB 0x00000000eb500000| Untracked 
| 182|0x00000000eb600000, 0x00000000eb600000, 0x00000000eb700000|  0%| F|  |TAMS 0x00000000eb600000| PB 0x00000000eb600000| Untracked 
| 183|0x00000000eb700000, 0x00000000eb700000, 0x00000000eb800000|  0%| F|  |TAMS 0x00000000eb700000| PB 0x00000000eb700000| Untracked 
| 184|0x00000000eb800000, 0x00000000eb800000, 0x00000000eb900000|  0%| F|  |TAMS 0x00000000eb800000| PB 0x00000000eb800000| Untracked 
| 185|0x00000000eb900000, 0x00000000eb900000, 0x00000000eba00000|  0%| F|  |TAMS 0x00000000eb900000| PB 0x00000000eb900000| Untracked 
| 186|0x00000000eba00000, 0x00000000eba00000, 0x00000000ebb00000|  0%| F|  |TAMS 0x00000000eba00000| PB 0x00000000eba00000| Untracked 
| 187|0x00000000ebb00000, 0x00000000ebb00000, 0x00000000ebc00000|  0%| F|  |TAMS 0x00000000ebb00000| PB 0x00000000ebb00000| Untracked 
| 188|0x00000000ebc00000, 0x00000000ebc80000, 0x00000000ebd00000| 50%| E|  |TAMS 0x00000000ebc00000| PB 0x00000000ebc00000| Complete 
| 189|0x00000000ebd00000, 0x00000000ebe00000, 0x00000000ebe00000|100%| E|CS|TAMS 0x00000000ebd00000| PB 0x00000000ebd00000| Complete 
| 190|0x00000000ebe00000, 0x00000000ebf00000, 0x00000000ebf00000|100%| E|CS|TAMS 0x00000000ebe00000| PB 0x00000000ebe00000| Complete 
| 191|0x00000000ebf00000, 0x00000000ec000000, 0x00000000ec000000|100%| E|CS|TAMS 0x00000000ebf00000| PB 0x00000000ebf00000| Complete 
| 192|0x00000000ec000000, 0x00000000ec100000, 0x00000000ec100000|100%| E|CS|TAMS 0x00000000ec000000| PB 0x00000000ec000000| Complete 
| 193|0x00000000ec100000, 0x00000000ec200000, 0x00000000ec200000|100%| E|CS|TAMS 0x00000000ec100000| PB 0x00000000ec100000| Complete 
| 194|0x00000000ec200000, 0x00000000ec300000, 0x00000000ec300000|100%| E|CS|TAMS 0x00000000ec200000| PB 0x00000000ec200000| Complete 
| 195|0x00000000ec300000, 0x00000000ec400000, 0x00000000ec400000|100%| E|CS|TAMS 0x00000000ec300000| PB 0x00000000ec300000| Complete 
| 196|0x00000000ec400000, 0x00000000ec500000, 0x00000000ec500000|100%| E|CS|TAMS 0x00000000ec400000| PB 0x00000000ec400000| Complete 
| 197|0x00000000ec500000, 0x00000000ec600000, 0x00000000ec600000|100%| E|CS|TAMS 0x00000000ec500000| PB 0x00000000ec500000| Complete 
| 198|0x00000000ec600000, 0x00000000ec700000, 0x00000000ec700000|100%| E|CS|TAMS 0x00000000ec600000| PB 0x00000000ec600000| Complete 
| 199|0x00000000ec700000, 0x00000000ec800000, 0x00000000ec800000|100%| E|CS|TAMS 0x00000000ec700000| PB 0x00000000ec700000| Complete 
| 200|0x00000000ec800000, 0x00000000ec900000, 0x00000000ec900000|100%| E|CS|TAMS 0x00000000ec800000| PB 0x00000000ec800000| Complete 
| 201|0x00000000ec900000, 0x00000000eca00000, 0x00000000eca00000|100%| E|CS|TAMS 0x00000000ec900000| PB 0x00000000ec900000| Complete 
| 202|0x00000000eca00000, 0x00000000ecb00000, 0x00000000ecb00000|100%| E|CS|TAMS 0x00000000eca00000| PB 0x00000000eca00000| Complete 
| 203|0x00000000ecb00000, 0x00000000ecc00000, 0x00000000ecc00000|100%| E|CS|TAMS 0x00000000ecb00000| PB 0x00000000ecb00000| Complete 
| 204|0x00000000ecc00000, 0x00000000ecd00000, 0x00000000ecd00000|100%| E|CS|TAMS 0x00000000ecc00000| PB 0x00000000ecc00000| Complete 
| 205|0x00000000ecd00000, 0x00000000ece00000, 0x00000000ece00000|100%| E|CS|TAMS 0x00000000ecd00000| PB 0x00000000ecd00000| Complete 
| 206|0x00000000ece00000, 0x00000000ecf00000, 0x00000000ecf00000|100%| E|CS|TAMS 0x00000000ece00000| PB 0x00000000ece00000| Complete 
| 207|0x00000000ecf00000, 0x00000000ed000000, 0x00000000ed000000|100%| E|CS|TAMS 0x00000000ecf00000| PB 0x00000000ecf00000| Complete 
| 208|0x00000000ed000000, 0x00000000ed100000, 0x00000000ed100000|100%| E|CS|TAMS 0x00000000ed000000| PB 0x00000000ed000000| Complete 
| 209|0x00000000ed100000, 0x00000000ed200000, 0x00000000ed200000|100%| E|CS|TAMS 0x00000000ed100000| PB 0x00000000ed100000| Complete 
| 210|0x00000000ed200000, 0x00000000ed300000, 0x00000000ed300000|100%| E|CS|TAMS 0x00000000ed200000| PB 0x00000000ed200000| Complete 
| 211|0x00000000ed300000, 0x00000000ed400000, 0x00000000ed400000|100%| E|CS|TAMS 0x00000000ed300000| PB 0x00000000ed300000| Complete 
| 212|0x00000000ed400000, 0x00000000ed500000, 0x00000000ed500000|100%| E|CS|TAMS 0x00000000ed400000| PB 0x00000000ed400000| Complete 
| 213|0x00000000ed500000, 0x00000000ed600000, 0x00000000ed600000|100%| E|CS|TAMS 0x00000000ed500000| PB 0x00000000ed500000| Complete 
| 214|0x00000000ed600000, 0x00000000ed700000, 0x00000000ed700000|100%| E|CS|TAMS 0x00000000ed600000| PB 0x00000000ed600000| Complete 
| 215|0x00000000ed700000, 0x00000000ed800000, 0x00000000ed800000|100%| E|CS|TAMS 0x00000000ed700000| PB 0x00000000ed700000| Complete 
| 216|0x00000000ed800000, 0x00000000ed900000, 0x00000000ed900000|100%| E|CS|TAMS 0x00000000ed800000| PB 0x00000000ed800000| Complete 
| 217|0x00000000ed900000, 0x00000000eda00000, 0x00000000eda00000|100%| E|CS|TAMS 0x00000000ed900000| PB 0x00000000ed900000| Complete 
| 218|0x00000000eda00000, 0x00000000edb00000, 0x00000000edb00000|100%| E|CS|TAMS 0x00000000eda00000| PB 0x00000000eda00000| Complete 
| 219|0x00000000edb00000, 0x00000000edc00000, 0x00000000edc00000|100%| E|CS|TAMS 0x00000000edb00000| PB 0x00000000edb00000| Complete 
| 220|0x00000000edc00000, 0x00000000edd00000, 0x00000000edd00000|100%| E|CS|TAMS 0x00000000edc00000| PB 0x00000000edc00000| Complete 
| 221|0x00000000edd00000, 0x00000000ede00000, 0x00000000ede00000|100%| E|CS|TAMS 0x00000000edd00000| PB 0x00000000edd00000| Complete 
| 222|0x00000000ede00000, 0x00000000edf00000, 0x00000000edf00000|100%| E|CS|TAMS 0x00000000ede00000| PB 0x00000000ede00000| Complete 
| 223|0x00000000edf00000, 0x00000000ee000000, 0x00000000ee000000|100%| E|CS|TAMS 0x00000000edf00000| PB 0x00000000edf00000| Complete 
| 224|0x00000000ee000000, 0x00000000ee100000, 0x00000000ee100000|100%| E|CS|TAMS 0x00000000ee000000| PB 0x00000000ee000000| Complete 
| 225|0x00000000ee100000, 0x00000000ee200000, 0x00000000ee200000|100%| E|CS|TAMS 0x00000000ee100000| PB 0x00000000ee100000| Complete 
| 226|0x00000000ee200000, 0x00000000ee300000, 0x00000000ee300000|100%| E|CS|TAMS 0x00000000ee200000| PB 0x00000000ee200000| Complete 
| 227|0x00000000ee300000, 0x00000000ee400000, 0x00000000ee400000|100%| E|CS|TAMS 0x00000000ee300000| PB 0x00000000ee300000| Complete 
| 228|0x00000000ee400000, 0x00000000ee500000, 0x00000000ee500000|100%| E|CS|TAMS 0x00000000ee400000| PB 0x00000000ee400000| Complete 
| 229|0x00000000ee500000, 0x00000000ee600000, 0x00000000ee600000|100%| E|CS|TAMS 0x00000000ee500000| PB 0x00000000ee500000| Complete 
| 230|0x00000000ee600000, 0x00000000ee700000, 0x00000000ee700000|100%| E|CS|TAMS 0x00000000ee600000| PB 0x00000000ee600000| Complete 
| 231|0x00000000ee700000, 0x00000000ee800000, 0x00000000ee800000|100%| E|CS|TAMS 0x00000000ee700000| PB 0x00000000ee700000| Complete 
| 232|0x00000000ee800000, 0x00000000ee900000, 0x00000000ee900000|100%| E|CS|TAMS 0x00000000ee800000| PB 0x00000000ee800000| Complete 
| 233|0x00000000ee900000, 0x00000000eea00000, 0x00000000eea00000|100%| E|CS|TAMS 0x00000000ee900000| PB 0x00000000ee900000| Complete 
| 234|0x00000000eea00000, 0x00000000eeb00000, 0x00000000eeb00000|100%| E|CS|TAMS 0x00000000eea00000| PB 0x00000000eea00000| Complete 
| 235|0x00000000eeb00000, 0x00000000eec00000, 0x00000000eec00000|100%| E|CS|TAMS 0x00000000eeb00000| PB 0x00000000eeb00000| Complete 
| 236|0x00000000eec00000, 0x00000000eed00000, 0x00000000eed00000|100%| E|CS|TAMS 0x00000000eec00000| PB 0x00000000eec00000| Complete 
| 237|0x00000000eed00000, 0x00000000eee00000, 0x00000000eee00000|100%| E|CS|TAMS 0x00000000eed00000| PB 0x00000000eed00000| Complete 
| 238|0x00000000eee00000, 0x00000000eef00000, 0x00000000eef00000|100%| E|CS|TAMS 0x00000000eee00000| PB 0x00000000eee00000| Complete 
| 239|0x00000000eef00000, 0x00000000ef000000, 0x00000000ef000000|100%| E|CS|TAMS 0x00000000eef00000| PB 0x00000000eef00000| Complete 
| 240|0x00000000ef000000, 0x00000000ef100000, 0x00000000ef100000|100%| E|CS|TAMS 0x00000000ef000000| PB 0x00000000ef000000| Complete 
| 241|0x00000000ef100000, 0x00000000ef200000, 0x00000000ef200000|100%| E|CS|TAMS 0x00000000ef100000| PB 0x00000000ef100000| Complete 
| 242|0x00000000ef200000, 0x00000000ef300000, 0x00000000ef300000|100%| E|CS|TAMS 0x00000000ef200000| PB 0x00000000ef200000| Complete 
| 243|0x00000000ef300000, 0x00000000ef400000, 0x00000000ef400000|100%| E|CS|TAMS 0x00000000ef300000| PB 0x00000000ef300000| Complete 
| 244|0x00000000ef400000, 0x00000000ef500000, 0x00000000ef500000|100%| E|CS|TAMS 0x00000000ef400000| PB 0x00000000ef400000| Complete 
| 245|0x00000000ef500000, 0x00000000ef600000, 0x00000000ef600000|100%| E|CS|TAMS 0x00000000ef500000| PB 0x00000000ef500000| Complete 
| 246|0x00000000ef600000, 0x00000000ef700000, 0x00000000ef700000|100%| E|CS|TAMS 0x00000000ef600000| PB 0x00000000ef600000| Complete 
| 247|0x00000000ef700000, 0x00000000ef800000, 0x00000000ef800000|100%| E|  |TAMS 0x00000000ef700000| PB 0x00000000ef700000| Complete 
| 248|0x00000000ef800000, 0x00000000ef900000, 0x00000000ef900000|100%| E|CS|TAMS 0x00000000ef800000| PB 0x00000000ef800000| Complete 
| 249|0x00000000ef900000, 0x00000000efa00000, 0x00000000efa00000|100%| E|CS|TAMS 0x00000000ef900000| PB 0x00000000ef900000| Complete 
| 250|0x00000000efa00000, 0x00000000efadb960, 0x00000000efb00000| 85%| S|CS|TAMS 0x00000000efa00000| PB 0x00000000efa00000| Complete 
| 251|0x00000000efb00000, 0x00000000efc00000, 0x00000000efc00000|100%| S|CS|TAMS 0x00000000efb00000| PB 0x00000000efb00000| Complete 
| 252|0x00000000efc00000, 0x00000000efd00000, 0x00000000efd00000|100%| S|CS|TAMS 0x00000000efc00000| PB 0x00000000efc00000| Complete 
| 253|0x00000000efd00000, 0x00000000efe00000, 0x00000000efe00000|100%| E|CS|TAMS 0x00000000efd00000| PB 0x00000000efd00000| Complete 
| 254|0x00000000efe00000, 0x00000000eff00000, 0x00000000eff00000|100%| E|CS|TAMS 0x00000000efe00000| PB 0x00000000efe00000| Complete 
| 255|0x00000000eff00000, 0x00000000f0000000, 0x00000000f0000000|100%| E|CS|TAMS 0x00000000eff00000| PB 0x00000000eff00000| Complete 

Card table byte_map: [0x000002bf3ec90000,0x000002bf3ed90000] _byte_map_base: 0x000002bf3e590000

Marking Bits: (CMBitMap*) 0x000002bf271afa30
 Bits: [0x000002bf3ed90000, 0x000002bf3f590000)

Polling page: 0x000002bf24f70000

Metaspace:

Usage:
  Non-class:     36.32 MB used.
      Class:      6.14 MB used.
       Both:     42.46 MB used.

Virtual space:
  Non-class space:       64.00 MB reserved,      37.12 MB ( 58%) committed,  1 nodes.
      Class space:      320.00 MB reserved,       6.88 MB (  2%) committed,  1 nodes.
             Both:      384.00 MB reserved,      44.00 MB ( 11%) committed. 

Chunk freelists:
   Non-Class:  10.84 MB
       Class:  8.99 MB
        Both:  19.83 MB

MaxMetaspaceSize: 384.00 MB
CompressedClassSpaceSize: 320.00 MB
Initial GC threshold: 21.00 MB
Current GC threshold: 60.44 MB
CDS: on
 - commit_granule_bytes: 65536.
 - commit_granule_words: 8192.
 - virtual_space_node_default_size: 8388608.
 - enlarge_chunks_in_place: 1.
 - use_allocation_guard: 0.


Internal statistics:

num_allocs_failed_limit: 12.
num_arena_births: 2794.
num_arena_deaths: 0.
num_vsnodes_births: 2.
num_vsnodes_deaths: 0.
num_space_committed: 704.
num_space_uncommitted: 0.
num_chunks_returned_to_freelist: 12.
num_chunks_taken_from_freelist: 4856.
num_chunk_merges: 9.
num_chunk_splits: 3117.
num_chunks_enlarged: 1864.
num_inconsistent_stats: 0.

CodeHeap 'non-profiled nmethods': size=120000Kb used=2832Kb max_used=2832Kb free=117167Kb
 bounds [0x000002bf37330000, 0x000002bf37600000, 0x000002bf3e860000]
CodeHeap 'profiled nmethods': size=120000Kb used=8787Kb max_used=9013Kb free=111213Kb
 bounds [0x000002bf2f860000, 0x000002bf30130000, 0x000002bf36d90000]
CodeHeap 'non-nmethods': size=5760Kb used=2934Kb max_used=2953Kb free=2825Kb
 bounds [0x000002bf36d90000, 0x000002bf37080000, 0x000002bf37330000]
CodeCache: size=245760Kb, used=14553Kb, max_used=14798Kb, free=231205Kb
 total_blobs=5374, nmethods=4538, adapters=739, full_count=0
Compilation: enabled, stopped_count=0, restarted_count=0

Compilation events (20 events):
Event: 29.510 Thread 0x000002bf4203af90 5022       1       sun.reflect.generics.tree.MethodTypeSignature::getFormalTypeParameters (5 bytes)
Event: 29.510 Thread 0x000002bf4203af90 nmethod 5022 0x000002bf375f0090 code [0x000002bf375f0220, 0x000002bf375f02e8]
Event: 29.512 Thread 0x000002bf4203af90 5024       3       org.gradle.internal.instantiation.generator.AbstractClassGenerator$AbstractInjectedPropertyHandler::claimPropertyImplementation (61 bytes)
Event: 29.514 Thread 0x000002bf4203af90 nmethod 5024 0x000002bf2f9c2510 code [0x000002bf2f9c27c0, 0x000002bf2f9c34c8]
Event: 29.514 Thread 0x000002bf4203af90 5025       1       com.google.common.collect.LinkedHashMultimap$ValueEntry::setSuccessorInValueSet (6 bytes)
Event: 29.515 Thread 0x000002bf4203af90 nmethod 5025 0x000002bf375f0390 code [0x000002bf375f0520, 0x000002bf375f0630]
Event: 29.517 Thread 0x000002bf4203af90 5026       3       org.gradle.model.internal.asm.MethodVisitorScope::_INVOKESPECIAL (13 bytes)
Event: 29.518 Thread 0x000002bf4203af90 nmethod 5026 0x000002bf2f9c1f10 code [0x000002bf2f9c20e0, 0x000002bf2f9c2388]
Event: 29.521 Thread 0x000002bf4203af90 5027       3       org.gradle.model.internal.asm.AsmClassGeneratorUtils::visitType (112 bytes)
Event: 29.524 Thread 0x000002bf4203af90 nmethod 5027 0x000002bf2f9d6b10 code [0x000002bf2f9d6f80, 0x000002bf2f9d9048]
Event: 29.551 Thread 0x000002bf4203af90 5029       3       org.gradle.model.internal.asm.ClassVisitorScope::privateSyntheticMethod (12 bytes)
Event: 29.551 Thread 0x000002bf4203af90 nmethod 5029 0x000002bf2fb0d810 code [0x000002bf2fb0d9c0, 0x000002bf2fb0db20]
Event: 29.566 Thread 0x000002bf4203af90 5030       1       com.google.common.cache.LocalCache$2::poll (2 bytes)
Event: 29.566 Thread 0x000002bf4203af90 nmethod 5030 0x000002bf375f0690 code [0x000002bf375f0820, 0x000002bf375f08f0]
Event: 29.575 Thread 0x000002bf4203af90 5032       1       org.gradle.internal.instantiation.generator.AsmBackedClassGenerator$ClassBuilderImpl::access$1300 (5 bytes)
Event: 29.576 Thread 0x000002bf4203af90 nmethod 5032 0x000002bf375f0990 code [0x000002bf375f0b20, 0x000002bf375f0bd0]
Event: 29.589 Thread 0x000002bf4203af90 5033       3       java.lang.invoke.SimpleMethodHandle::speciesData (4 bytes)
Event: 29.590 Thread 0x000002bf4203af90 nmethod 5033 0x000002bf2f9d6590 code [0x000002bf2f9d6720, 0x000002bf2f9d6838]
Event: 29.658 Thread 0x000002bf4203af90 5035       1       java.lang.Class::getClassLoader0 (5 bytes)
Event: 29.658 Thread 0x000002bf4203af90 nmethod 5035 0x000002bf375f0c90 code [0x000002bf375f0e20, 0x000002bf375f0ee8]

GC Heap History (14 events):
Event: 1.869 GC heap before
{Heap before GC invocations=0 (full 0):
 garbage-first heap   total 262144K, used 22528K [0x00000000e0000000, 0x0000000100000000)
  region size 1024K, 23 young (23552K), 0 survivors (0K)
 Metaspace       used 1043K, committed 1152K, reserved 393216K
  class space    used 79K, committed 128K, reserved 327680K
}
Event: 1.960 GC heap after
{Heap after GC invocations=1 (full 0):
 garbage-first heap   total 262144K, used 1834K [0x00000000e0000000, 0x0000000100000000)
  region size 1024K, 2 young (2048K), 2 survivors (2048K)
 Metaspace       used 1043K, committed 1152K, reserved 393216K
  class space    used 79K, committed 128K, reserved 327680K
}
Event: 5.068 GC heap before
{Heap before GC invocations=1 (full 0):
 garbage-first heap   total 262144K, used 40746K [0x00000000e0000000, 0x0000000100000000)
  region size 1024K, 38 young (38912K), 2 survivors (2048K)
 Metaspace       used 4422K, committed 4608K, reserved 393216K
  class space    used 557K, committed 640K, reserved 327680K
}
Event: 5.079 GC heap after
{Heap after GC invocations=2 (full 0):
 garbage-first heap   total 262144K, used 10717K [0x00000000e0000000, 0x0000000100000000)
  region size 1024K, 5 young (5120K), 5 survivors (5120K)
 Metaspace       used 4422K, committed 4608K, reserved 393216K
  class space    used 557K, committed 640K, reserved 327680K
}
Event: 8.858 GC heap before
{Heap before GC invocations=2 (full 0):
 garbage-first heap   total 262144K, used 69085K [0x00000000e0000000, 0x0000000100000000)
  region size 1024K, 60 young (61440K), 5 survivors (5120K)
 Metaspace       used 7085K, committed 7296K, reserved 393216K
  class space    used 944K, committed 1024K, reserved 327680K
}
Event: 8.868 GC heap after
{Heap after GC invocations=3 (full 0):
 garbage-first heap   total 262144K, used 18113K [0x00000000e0000000, 0x0000000100000000)
  region size 1024K, 6 young (6144K), 6 survivors (6144K)
 Metaspace       used 7085K, committed 7296K, reserved 393216K
  class space    used 944K, committed 1024K, reserved 327680K
}
Event: 17.361 GC heap before
{Heap before GC invocations=3 (full 0):
 garbage-first heap   total 262144K, used 101057K [0x00000000e0000000, 0x0000000100000000)
  region size 1024K, 88 young (90112K), 6 survivors (6144K)
 Metaspace       used 20878K, committed 21504K, reserved 393216K
  class space    used 3047K, committed 3328K, reserved 327680K
}
Event: 17.386 GC heap after
{Heap after GC invocations=4 (full 0):
 garbage-first heap   total 262144K, used 24022K [0x00000000e0000000, 0x0000000100000000)
  region size 1024K, 12 young (12288K), 12 survivors (12288K)
 Metaspace       used 20878K, committed 21504K, reserved 393216K
  class space    used 3047K, committed 3328K, reserved 327680K
}
Event: 24.675 GC heap before
{Heap before GC invocations=5 (full 0):
 garbage-first heap   total 262144K, used 148950K [0x00000000e0000000, 0x0000000100000000)
  region size 1024K, 112 young (114688K), 12 survivors (12288K)
 Metaspace       used 35333K, committed 36416K, reserved 393216K
  class space    used 5078K, committed 5568K, reserved 327680K
}
Event: 24.696 GC heap after
{Heap after GC invocations=6 (full 0):
 garbage-first heap   total 262144K, used 60346K [0x00000000e0000000, 0x0000000100000000)
  region size 1024K, 18 young (18432K), 18 survivors (18432K)
 Metaspace       used 35333K, committed 36416K, reserved 393216K
  class space    used 5078K, committed 5568K, reserved 327680K
}
Event: 25.209 GC heap before
{Heap before GC invocations=6 (full 0):
 garbage-first heap   total 262144K, used 83898K [0x00000000e0000000, 0x0000000100000000)
  region size 1024K, 42 young (43008K), 18 survivors (18432K)
 Metaspace       used 35725K, committed 36736K, reserved 393216K
  class space    used 5122K, committed 5632K, reserved 327680K
}
Event: 25.221 GC heap after
{Heap after GC invocations=7 (full 0):
 garbage-first heap   total 262144K, used 60235K [0x00000000e0000000, 0x0000000100000000)
  region size 1024K, 12 young (12288K), 12 survivors (12288K)
 Metaspace       used 35725K, committed 36736K, reserved 393216K
  class space    used 5122K, committed 5632K, reserved 327680K
}
Event: 25.350 GC heap before
{Heap before GC invocations=7 (full 0):
 garbage-first heap   total 262144K, used 62283K [0x00000000e0000000, 0x0000000100000000)
  region size 1024K, 15 young (15360K), 12 survivors (12288K)
 Metaspace       used 35947K, committed 37056K, reserved 393216K
  class space    used 5165K, committed 5760K, reserved 327680K
}
Event: 25.361 GC heap after
{Heap after GC invocations=8 (full 0):
 garbage-first heap   total 262144K, used 61294K [0x00000000e0000000, 0x0000000100000000)
  region size 1024K, 3 young (3072K), 3 survivors (3072K)
 Metaspace       used 35947K, committed 37056K, reserved 393216K
  class space    used 5165K, committed 5760K, reserved 327680K
}

Dll operation events (15 events):
Event: 0.336 Loaded shared library C:\Users\Dell\.jdks\ms-21.0.8\bin\java.dll
Event: 0.518 Loaded shared library C:\Users\Dell\.jdks\ms-21.0.8\bin\jsvml.dll
Event: 0.633 Loaded shared library C:\Users\Dell\.jdks\ms-21.0.8\bin\zip.dll
Event: 0.642 Loaded shared library C:\Users\Dell\.jdks\ms-21.0.8\bin\instrument.dll
Event: 0.677 Loaded shared library C:\Users\Dell\.jdks\ms-21.0.8\bin\net.dll
Event: 0.702 Loaded shared library C:\Users\Dell\.jdks\ms-21.0.8\bin\nio.dll
Event: 0.712 Loaded shared library C:\Users\Dell\.jdks\ms-21.0.8\bin\zip.dll
Event: 1.689 Loaded shared library C:\Users\Dell\.jdks\ms-21.0.8\bin\jimage.dll
Event: 2.501 Loaded shared library C:\Users\Dell\.jdks\ms-21.0.8\bin\verify.dll
Event: 2.887 Loaded shared library C:\Users\Dell\.gradle\native\1def1411415f61bf3af743bc5b6707747c0891f09f0c88961ee8f79bc544acac\windows-amd64\native-platform.dll
Event: 2.969 Loaded shared library C:\Users\Dell\.gradle\native\0.2.7\x86_64-windows-gnu\gradle-fileevents.dll
Event: 8.479 Loaded shared library C:\Users\Dell\.jdks\ms-21.0.8\bin\management.dll
Event: 8.538 Loaded shared library C:\Users\Dell\.jdks\ms-21.0.8\bin\management_ext.dll
Event: 10.007 Loaded shared library C:\Users\Dell\.jdks\ms-21.0.8\bin\extnet.dll
Event: 11.615 Loaded shared library C:\Users\Dell\.jdks\ms-21.0.8\bin\sunmscapi.dll

Deoptimization events (20 events):
Event: 28.669 Thread 0x000002bf425746d0 Uncommon trap: trap_request=0xffffffbe fr.pc=0x000002bf37423c74 relative=0x0000000000001214
Event: 28.669 Thread 0x000002bf425746d0 Uncommon trap: reason=profile_predicate action=maybe_recompile pc=0x000002bf37423c74 method=java.lang.invoke.InvokerBytecodeGenerator.<init>(Ljava/lang/String;Ljava/lang/String;Ljava/lang/invoke/LambdaForm;Ljava/lang/invoke/MethodType;)V @ 33 c2
Event: 28.669 Thread 0x000002bf425746d0 DEOPT PACKING pc=0x000002bf37423c74 sp=0x000000ec5e4f6e20
Event: 28.669 Thread 0x000002bf425746d0 DEOPT UNPACKING pc=0x000002bf36de7da2 sp=0x000000ec5e4f6dd0 mode 2
Event: 28.670 Thread 0x000002bf425746d0 Uncommon trap: trap_request=0xffffffbe fr.pc=0x000002bf37423c74 relative=0x0000000000001214
Event: 28.670 Thread 0x000002bf425746d0 Uncommon trap: reason=profile_predicate action=maybe_recompile pc=0x000002bf37423c74 method=java.lang.invoke.InvokerBytecodeGenerator.<init>(Ljava/lang/String;Ljava/lang/String;Ljava/lang/invoke/LambdaForm;Ljava/lang/invoke/MethodType;)V @ 33 c2
Event: 28.670 Thread 0x000002bf425746d0 DEOPT PACKING pc=0x000002bf37423c74 sp=0x000000ec5e4f6d60
Event: 28.670 Thread 0x000002bf425746d0 DEOPT UNPACKING pc=0x000002bf36de7da2 sp=0x000000ec5e4f6d10 mode 2
Event: 28.693 Thread 0x000002bf425746d0 Uncommon trap: trap_request=0xffffff45 fr.pc=0x000002bf3739ad30 relative=0x0000000000000a50
Event: 28.693 Thread 0x000002bf425746d0 Uncommon trap: reason=unstable_if action=reinterpret pc=0x000002bf3739ad30 method=org.objectweb.asm.Frame.push(I)V @ 26 c2
Event: 28.693 Thread 0x000002bf425746d0 DEOPT PACKING pc=0x000002bf3739ad30 sp=0x000000ec5e4f67c0
Event: 28.693 Thread 0x000002bf425746d0 DEOPT UNPACKING pc=0x000002bf36de7da2 sp=0x000000ec5e4f66c8 mode 2
Event: 28.813 Thread 0x000002bf425746d0 Uncommon trap: trap_request=0xffffff3d fr.pc=0x000002bf373f60a8 relative=0x0000000000000ca8
Event: 28.813 Thread 0x000002bf425746d0 Uncommon trap: reason=unstable_fused_if action=reinterpret pc=0x000002bf373f60a8 method=org.objectweb.asm.ByteVector.putUTF8(Ljava/lang/String;)Lorg/objectweb/asm/ByteVector; @ 93 c2
Event: 28.813 Thread 0x000002bf425746d0 DEOPT PACKING pc=0x000002bf373f60a8 sp=0x000000ec5e4f5ae0
Event: 28.813 Thread 0x000002bf425746d0 DEOPT UNPACKING pc=0x000002bf36de7da2 sp=0x000000ec5e4f5a38 mode 2
Event: 29.590 Thread 0x000002bf425746d0 Uncommon trap: trap_request=0xffffff45 fr.pc=0x000002bf3756cfd0 relative=0x0000000000000130
Event: 29.590 Thread 0x000002bf425746d0 Uncommon trap: reason=unstable_if action=reinterpret pc=0x000002bf3756cfd0 method=java.util.Arrays.hashCode([Ljava/lang/Object;)I @ 34 c2
Event: 29.590 Thread 0x000002bf425746d0 DEOPT PACKING pc=0x000002bf3756cfd0 sp=0x000000ec5e4f7940
Event: 29.590 Thread 0x000002bf425746d0 DEOPT UNPACKING pc=0x000002bf36de7da2 sp=0x000000ec5e4f78b8 mode 2

Classes loaded (20 events):
Event: 28.308 Loading class java/lang/invoke/BoundMethodHandle$Species_LLLLLLLLLLLLLLLLLLLLLLLLLL
Event: 28.308 Loading class java/lang/invoke/BoundMethodHandle$Species_LLLLLLLLLLLLLLLLLLLLLLLLLL done
Event: 28.312 Loading class java/lang/invoke/BoundMethodHandle$Species_LLLLLLLLLLLLLLLLLLLLLLLLLLL
Event: 28.312 Loading class java/lang/invoke/BoundMethodHandle$Species_LLLLLLLLLLLLLLLLLLLLLLLLLLL done
Event: 28.317 Loading class java/lang/invoke/BoundMethodHandle$Species_LLLLLLLLLLLLLLLLLLLLLLLLLLLL
Event: 28.317 Loading class java/lang/invoke/BoundMethodHandle$Species_LLLLLLLLLLLLLLLLLLLLLLLLLLLL done
Event: 28.323 Loading class java/lang/invoke/BoundMethodHandle$Species_LLLLLLLLLLLLLLLLLLLLLLLLLLLLL
Event: 28.323 Loading class java/lang/invoke/BoundMethodHandle$Species_LLLLLLLLLLLLLLLLLLLLLLLLLLLLL done
Event: 28.329 Loading class java/lang/invoke/BoundMethodHandle$Species_LLLLLLLLLLLLLLLLLLLLLLLLLLLLLL
Event: 28.329 Loading class java/lang/invoke/BoundMethodHandle$Species_LLLLLLLLLLLLLLLLLLLLLLLLLLLLLL done
Event: 28.334 Loading class java/lang/invoke/BoundMethodHandle$Species_LLLLLLLLLLLLLLLLLLLLLLLLLLLLLLL
Event: 28.334 Loading class java/lang/invoke/BoundMethodHandle$Species_LLLLLLLLLLLLLLLLLLLLLLLLLLLLLLL done
Event: 28.343 Loading class java/lang/invoke/BoundMethodHandle$Species_LLLLLLLLLLLLLLLLLLLLLLLLLLLLLLLL
Event: 28.343 Loading class java/lang/invoke/BoundMethodHandle$Species_LLLLLLLLLLLLLLLLLLLLLLLLLLLLLLLL done
Event: 29.603 Loading class java/util/PrimitiveIterator$OfInt
Event: 29.603 Loading class java/util/PrimitiveIterator
Event: 29.603 Loading class java/util/PrimitiveIterator done
Event: 29.603 Loading class java/util/PrimitiveIterator$OfInt done
Event: 29.623 Loading class java/util/concurrent/RecursiveAction
Event: 29.623 Loading class java/util/concurrent/RecursiveAction done

Classes unloaded (0 events):
No events

Classes redefined (0 events):
No events

Internal exceptions (20 events):
Event: 28.376 Thread 0x000002bf425746d0 Exception <a 'java/lang/NoSuchMethodError'{0x00000000ed5fd398}: 'java.lang.Object java.lang.invoke.DelegatingMethodHandle$Holder.reinvoke_L(java.lang.Object, java.lang.Object, java.lang.Object, java.lang.Object, java.lang.Object, java.lang.Object, java.lang.Object, java.lang.Object, java.lang.Object, java.lang.Object, java.lang.Object, java.lang.Object, java.lang.Object, java.lang.Object, java.lang.Object, java.lang.Object, java.lang.Object, java.lang.Object, java.lang.Object)'> (0x00000000ed5fd398) 
throw
Event: 28.672 Thread 0x000002bf425746d0 Exception <a 'java/lang/NoSuchMethodError'{0x00000000ecf796d0}: 'java.lang.Object java.lang.invoke.DirectMethodHandle$Holder.invokeVirtual(java.lang.Object, java.lang.Object, java.lang.Object, java.lang.Object, java.lang.Object, java.lang.Object, java.lang.Object, java.lang.Object, java.lang.Object, java.lang.Object, java.lang.Object, java.lang.Object, java.lang.Object, java.lang.Object, java.lang.Object)'> (0x00000000ecf796d0) 
thrown [s\src\hotspot\share\interpreter\linkResolver.cpp, line 773]
Event: 28.696 Thread 0x000002bf425746d0 Exception <a 'java/lang/NoSuchMethodError'{0x00000000ece56fb0}: 'java.lang.Object java.lang.invoke.DirectMethodHandle$Holder.newInvokeSpecial(java.lang.Object, java.lang.Object, java.lang.Object, java.lang.Object, java.lang.Object, java.lang.Object, java.lang.Object, java.lang.Object, java.lang.Object, java.lang.Object, java.lang.Object, java.lang.Object, java.lang.Object)'> (0x00000000ece56fb0) 
thrown [s\src\hotspot\share\interpreter\linkResolver.cpp, line 773]
Event: 28.920 Thread 0x000002bf425746d0 Exception <a 'java/lang/NoSuchMethodError'{0x00000000ecbe9b50}: 'java.lang.Object java.lang.invoke.DirectMethodHandle$Holder.newInvokeSpecial(java.lang.Object, java.lang.Object, java.lang.Object, java.lang.Object, int)'> (0x00000000ecbe9b50) 
thrown [s\src\hotspot\share\interpreter\linkResolver.cpp, line 773]
Event: 28.921 Thread 0x000002bf425746d0 Exception <a 'java/lang/NoSuchMethodError'{0x00000000ecbeee70}: 'java.lang.Object java.lang.invoke.DirectMethodHandle$Holder.invokeSpecial(java.lang.Object, java.lang.Object, java.lang.Object, java.lang.Object, java.lang.Object, int)'> (0x00000000ecbeee70) 
thrown [s\src\hotspot\share\interpreter\linkResolver.cpp, line 773]
Event: 28.923 Thread 0x000002bf425746d0 Exception <a 'java/lang/NoSuchMethodError'{0x00000000ecbf3858}: 'java.lang.Object java.lang.invoke.Invokers$Holder.linkToTargetMethod(java.lang.Object, java.lang.Object, java.lang.Object, int, java.lang.Object)'> (0x00000000ecbf3858) 
thrown [s\src\hotspot\share\interpreter\linkResolver.cpp, line 773]
Event: 29.085 Thread 0x000002bf425746d0 Exception <a 'java/lang/NoSuchMethodError'{0x00000000ec8e02e0}: 'int java.lang.invoke.DirectMethodHandle$Holder.invokeInterface(java.lang.Object, java.lang.Object, java.lang.Object, java.lang.Object)'> (0x00000000ec8e02e0) 
thrown [s\src\hotspot\share\interpreter\linkResolver.cpp, line 773]
Event: 29.256 Thread 0x000002bf425746d0 Exception <a 'java/lang/NoSuchMethodError'{0x00000000ec5360d0}: 'java.lang.Object java.lang.invoke.DirectMethodHandle$Holder.invokeStatic(java.lang.Object, long, java.lang.Object)'> (0x00000000ec5360d0) 
thrown [s\src\hotspot\share\interpreter\linkResolver.cpp, line 773]
Event: 29.257 Thread 0x000002bf425746d0 Exception <a 'java/lang/NoSuchMethodError'{0x00000000ec53d708}: 'java.lang.Object java.lang.invoke.DirectMethodHandle$Holder.newInvokeSpecial(java.lang.Object, long)'> (0x00000000ec53d708) 
thrown [s\src\hotspot\share\interpreter\linkResolver.cpp, line 773]
Event: 29.273 Thread 0x000002bf425746d0 Exception <a 'java/lang/NoSuchMethodError'{0x00000000ec5a4bf0}: 'java.lang.Object java.lang.invoke.DirectMethodHandle$Holder.newInvokeSpecial(java.lang.Object, java.lang.Object, java.lang.Object, java.lang.Object, java.lang.Object, long, java.lang.Object)'> (0x00000000ec5a4bf0) 
thrown [s\src\hotspot\share\interpreter\linkResolver.cpp, line 773]
Event: 29.274 Thread 0x000002bf425746d0 Exception <a 'java/lang/NoSuchMethodError'{0x00000000ec5ad898}: 'java.lang.Object java.lang.invoke.Invokers$Holder.linkToTargetMethod(java.lang.Object, java.lang.Object, java.lang.Object, java.lang.Object, long, java.lang.Object, java.lang.Object)'> (0x00000000ec5ad898) 
thrown [s\src\hotspot\share\interpreter\linkResolver.cpp, line 773]
Event: 29.285 Thread 0x000002bf425746d0 Exception <a 'java/lang/NoSuchMethodError'{0x00000000ec5f33c0}: 'java.lang.Object java.lang.invoke.DirectMethodHandle$Holder.newInvokeSpecial(java.lang.Object, java.lang.Object, java.lang.Object, long, java.lang.Object)'> (0x00000000ec5f33c0) 
thrown [s\src\hotspot\share\interpreter\linkResolver.cpp, line 773]
Event: 29.285 Thread 0x000002bf425746d0 Exception <a 'java/lang/NoSuchMethodError'{0x00000000ec5f8518}: 'java.lang.Object java.lang.invoke.DirectMethodHandle$Holder.invokeSpecial(java.lang.Object, java.lang.Object, java.lang.Object, java.lang.Object, long, java.lang.Object)'> (0x00000000ec5f8518) 
thrown [s\src\hotspot\share\interpreter\linkResolver.cpp, line 773]
Event: 29.286 Thread 0x000002bf425746d0 Exception <a 'java/lang/NoSuchMethodError'{0x00000000ec5fcd00}: 'java.lang.Object java.lang.invoke.Invokers$Holder.linkToTargetMethod(java.lang.Object, java.lang.Object, long, java.lang.Object, java.lang.Object)'> (0x00000000ec5fcd00) 
thrown [s\src\hotspot\share\interpreter\linkResolver.cpp, line 773]
Event: 29.437 Thread 0x000002bf425746d0 Exception <a 'java/lang/NoSuchMethodError'{0x00000000ec2616f8}: 'java.lang.Object java.lang.invoke.DirectMethodHandle$Holder.newInvokeSpecial(java.lang.Object, java.lang.Object, java.lang.Object, java.lang.Object, java.lang.Object, java.lang.Object, java.lang.Object, java.lang.Object, java.lang.Object, java.lang.Object, java.lang.Object, java.lang.Object, java.lang.Object, java.lang.Object, java.lang.Object, java.lang.Object, java.lang.Object, java.lang.Object, java.lang.Object, java.lang.Object, java.lang
Event: 29.439 Thread 0x000002bf425746d0 Exception <a 'java/lang/NoSuchMethodError'{0x00000000ec269570}: 'java.lang.Object java.lang.invoke.DirectMethodHandle$Holder.invokeSpecial(java.lang.Object, java.lang.Object, java.lang.Object, java.lang.Object, java.lang.Object, java.lang.Object, java.lang.Object, java.lang.Object, java.lang.Object, java.lang.Object, java.lang.Object, java.lang.Object, java.lang.Object, java.lang.Object, java.lang.Object, java.lang.Object, java.lang.Object, java.lang.Object, java.lang.Object, java.lang.Object, java.lang.Ob
Event: 29.440 Thread 0x000002bf425746d0 Exception <a 'java/lang/NoSuchMethodError'{0x00000000ec26fde8}: 'java.lang.Object java.lang.invoke.DelegatingMethodHandle$Holder.reinvoke_L(java.lang.Object, java.lang.Object, java.lang.Object, java.lang.Object, java.lang.Object, java.lang.Object, java.lang.Object, java.lang.Object, java.lang.Object, java.lang.Object, java.lang.Object, java.lang.Object, java.lang.Object, java.lang.Object, java.lang.Object, java.lang.Object, java.lang.Object, java.lang.Object, java.lang.Object, java.lang.Object, java.lang.O
Event: 29.590 Thread 0x000002bf425746d0 Implicit null exception at 0x000002bf3756cefc to 0x000002bf3756cfb4
Event: 29.658 Thread 0x000002bf425746d0 Exception <a 'java/lang/ClassNotFoundException'{0x00000000ebe8c370}: org/gradle/api/internal/artifacts/dsl/dependencies/DefaultDependencyHandler_DecoratedBeanInfo> (0x00000000ebe8c370) 
thrown [s\src\hotspot\share\classfile\systemDictionary.cpp, line 312]
Event: 29.660 Thread 0x000002bf425746d0 Exception <a 'java/lang/ClassNotFoundException'{0x00000000ebea2430}: org/gradle/api/internal/artifacts/dsl/dependencies/DefaultDependencyHandlerBeanInfo> (0x00000000ebea2430) 
thrown [s\src\hotspot\share\classfile\systemDictionary.cpp, line 312]

ZGC Phase Switch (0 events):
No events

VM Operations (20 events):
Event: 24.675 Executing VM operation: CollectForMetadataAllocation (Metadata GC Threshold)
Event: 24.696 Executing VM operation: CollectForMetadataAllocation (Metadata GC Threshold) done
Event: 25.209 Executing VM operation: CollectForMetadataAllocation (Metadata GC Threshold)
Event: 25.222 Executing VM operation: CollectForMetadataAllocation (Metadata GC Threshold) done
Event: 25.350 Executing VM operation: CollectForMetadataAllocation (Metadata GC Threshold)
Event: 25.362 Executing VM operation: CollectForMetadataAllocation (Metadata GC Threshold) done
Event: 25.392 Executing VM operation: G1PauseRemark
Event: 25.400 Executing VM operation: G1PauseRemark done
Event: 25.414 Executing VM operation: G1PauseCleanup
Event: 25.427 Executing VM operation: G1PauseCleanup done
Event: 26.440 Executing VM operation: Cleanup
Event: 26.440 Executing VM operation: Cleanup done
Event: 27.088 Executing VM operation: HandshakeAllThreads (Deoptimize)
Event: 27.088 Executing VM operation: HandshakeAllThreads (Deoptimize) done
Event: 28.096 Executing VM operation: Cleanup
Event: 28.112 Executing VM operation: Cleanup done
Event: 28.888 Executing VM operation: HandshakeAllThreads (Deoptimize)
Event: 28.889 Executing VM operation: HandshakeAllThreads (Deoptimize) done
Event: 29.080 Executing VM operation: HandshakeAllThreads (Deoptimize)
Event: 29.080 Executing VM operation: HandshakeAllThreads (Deoptimize) done

Memory protections (0 events):
No events

Nmethod flushes (20 events):
Event: 25.398 Thread 0x000002bf42008e10 flushing  nmethod 0x000002bf2fa50290
Event: 25.398 Thread 0x000002bf42008e10 flushing  nmethod 0x000002bf2fa50810
Event: 25.398 Thread 0x000002bf42008e10 flushing  nmethod 0x000002bf2fa52b90
Event: 25.398 Thread 0x000002bf42008e10 flushing  nmethod 0x000002bf2fa92810
Event: 25.398 Thread 0x000002bf42008e10 flushing  nmethod 0x000002bf2fa93390
Event: 25.398 Thread 0x000002bf42008e10 flushing  nmethod 0x000002bf2fa93810
Event: 25.398 Thread 0x000002bf42008e10 flushing  nmethod 0x000002bf2fa95790
Event: 25.398 Thread 0x000002bf42008e10 flushing  nmethod 0x000002bf2fa95b10
Event: 25.398 Thread 0x000002bf42008e10 flushing  nmethod 0x000002bf2fab2810
Event: 25.398 Thread 0x000002bf42008e10 flushing  nmethod 0x000002bf2fab7110
Event: 25.398 Thread 0x000002bf42008e10 flushing  nmethod 0x000002bf2facc290
Event: 25.398 Thread 0x000002bf42008e10 flushing  nmethod 0x000002bf2face390
Event: 25.398 Thread 0x000002bf42008e10 flushing  nmethod 0x000002bf2facfb90
Event: 25.398 Thread 0x000002bf42008e10 flushing  nmethod 0x000002bf2fad1990
Event: 25.398 Thread 0x000002bf42008e10 flushing  nmethod 0x000002bf2fad2090
Event: 25.398 Thread 0x000002bf42008e10 flushing  nmethod 0x000002bf2fad2f10
Event: 25.398 Thread 0x000002bf42008e10 flushing  nmethod 0x000002bf2fb0d810
Event: 25.398 Thread 0x000002bf42008e10 flushing  nmethod 0x000002bf2fb7a090
Event: 25.398 Thread 0x000002bf42008e10 flushing  nmethod 0x000002bf2fcd2e90
Event: 25.398 Thread 0x000002bf42008e10 flushing  nmethod 0x000002bf2fd76390

Events (20 events):
Event: 20.150 Thread 0x000002bf425746d0 Thread added: 0x000002bf5dccbd50
Event: 20.359 Thread 0x000002bf4203af90 Thread added: 0x000002bf5d2ffe30
Event: 21.294 Thread 0x000002bf5d2ffe30 Thread exited: 0x000002bf5d2ffe30
Event: 22.675 Thread 0x000002bf4203af90 Thread added: 0x000002bf5e91e6a0
Event: 23.038 Thread 0x000002bf4203af90 Thread added: 0x000002bf5f2243e0
Event: 23.433 Thread 0x000002bf5f2243e0 Thread exited: 0x000002bf5f2243e0
Event: 24.471 Thread 0x000002bf5e91e6a0 Thread exited: 0x000002bf5e91e6a0
Event: 24.728 Thread 0x000002bf4203af90 Thread added: 0x000002bf5f1c2ee0
Event: 24.785 Thread 0x000002bf4203af90 Thread added: 0x000002bf5f1c3580
Event: 25.175 Thread 0x000002bf425746d0 Thread added: 0x000002bf5dcc88d0
Event: 25.296 Thread 0x000002bf425746d0 Thread added: 0x000002bf5dccd790
Event: 25.946 Thread 0x000002bf5f1c3580 Thread exited: 0x000002bf5f1c3580
Event: 25.947 Thread 0x000002bf5f1c2ee0 Thread exited: 0x000002bf5f1c2ee0
Event: 27.118 Thread 0x000002bf4203af90 Thread added: 0x000002bf60e49060
Event: 27.860 Thread 0x000002bf425746d0 Thread added: 0x000002bf5dccca70
Event: 28.090 Thread 0x000002bf425746d0 Thread added: 0x000002bf5dcce4b0
Event: 28.225 Thread 0x000002bf60e49060 Thread exited: 0x000002bf60e49060
Event: 28.544 Thread 0x000002bf4203af90 Thread added: 0x000002bf5c3b93b0
Event: 29.242 Thread 0x000002bf5c3b93b0 Thread exited: 0x000002bf5c3b93b0
Event: 29.659 Thread 0x000002bf4203af90 Thread added: 0x000002bf5eec5960


Dynamic libraries:
0x00007ff727b40000 - 0x00007ff727b4e000 	C:\Users\Dell\.jdks\ms-21.0.8\bin\java.exe
0x00007ffe14b20000 - 0x00007ffe14d89000 	C:\WINDOWS\SYSTEM32\ntdll.dll
0x00007ffe13c70000 - 0x00007ffe13d39000 	C:\WINDOWS\System32\KERNEL32.DLL
0x00007ffe120b0000 - 0x00007ffe124a3000 	C:\WINDOWS\System32\KERNELBASE.dll
0x00007ffe12770000 - 0x00007ffe128bb000 	C:\WINDOWS\System32\ucrtbase.dll
0x00007ffe00b60000 - 0x00007ffe00b78000 	C:\Users\Dell\.jdks\ms-21.0.8\bin\jli.dll
0x00007ffe13d40000 - 0x00007ffe13f04000 	C:\WINDOWS\System32\USER32.dll
0x00007ffe128c0000 - 0x00007ffe128e7000 	C:\WINDOWS\System32\win32u.dll
0x00007ffe14a50000 - 0x00007ffe14a7b000 	C:\WINDOWS\System32\GDI32.dll
0x00007ffe11f80000 - 0x00007ffe120ad000 	C:\WINDOWS\System32\gdi32full.dll
0x00007ffe12550000 - 0x00007ffe125f3000 	C:\WINDOWS\System32\msvcp_win.dll
0x00007ffe04ad0000 - 0x00007ffe04aee000 	C:\Users\Dell\.jdks\ms-21.0.8\bin\VCRUNTIME140.dll
0x00007ffdfd9c0000 - 0x00007ffdfdc53000 	C:\WINDOWS\WinSxS\amd64_microsoft.windows.common-controls_6595b64144ccf1df_6.0.26100.5074_none_3e0d6f78e32fd63f\COMCTL32.dll
0x00007ffe14040000 - 0x00007ffe140e9000 	C:\WINDOWS\System32\msvcrt.dll
0x00007ffe14a80000 - 0x00007ffe14aaf000 	C:\WINDOWS\System32\IMM32.DLL
0x0000000074270000 - 0x000000007427c000 	C:\Program Files (x86)\360\Total Security\safemon\SafeWrapper.dll
0x00007ffe12f10000 - 0x00007ffe12fc4000 	C:\WINDOWS\System32\ADVAPI32.dll
0x00007ffe14990000 - 0x00007ffe14a36000 	C:\WINDOWS\System32\sechost.dll
0x00007ffe13060000 - 0x00007ffe13178000 	C:\WINDOWS\System32\RPCRT4.dll
0x00007ffdafb30000 - 0x00007ffdafbdc000 	C:\Program Files (x86)\360\Total Security\safemon\libzdtp64.dll
0x00007ffe141f0000 - 0x00007ffe1493d000 	C:\WINDOWS\System32\SHELL32.dll
0x00007ffe12600000 - 0x00007ffe1276c000 	C:\WINDOWS\System32\wintypes.dll
0x00007ffe138e0000 - 0x00007ffe13c5b000 	C:\WINDOWS\System32\combase.dll
0x00007ffe133e0000 - 0x00007ffe13442000 	C:\WINDOWS\System32\SHLWAPI.dll
0x00007ffe117b0000 - 0x00007ffe117bb000 	C:\WINDOWS\SYSTEM32\VERSION.dll
0x00007ffe01f80000 - 0x00007ffe01f8c000 	C:\Users\Dell\.jdks\ms-21.0.8\bin\vcruntime140_1.dll
0x00007ffdb7e20000 - 0x00007ffdb7ea9000 	C:\Users\Dell\.jdks\ms-21.0.8\bin\msvcp140.dll
0x00007ffd7acb0000 - 0x00007ffd7ba5c000 	C:\Users\Dell\.jdks\ms-21.0.8\bin\server\jvm.dll
0x00007ffe13360000 - 0x00007ffe133d4000 	C:\WINDOWS\System32\WS2_32.dll
0x00007ffe11b00000 - 0x00007ffe11b5e000 	C:\WINDOWS\SYSTEM32\POWRPROF.dll
0x00007ffdfe170000 - 0x00007ffdfe1a5000 	C:\WINDOWS\SYSTEM32\WINMM.dll
0x00007ffe11ae0000 - 0x00007ffe11af4000 	C:\WINDOWS\SYSTEM32\UMPDC.dll
0x00007ffe109e0000 - 0x00007ffe109fb000 	C:\WINDOWS\SYSTEM32\kernel.appcore.dll
0x00007ffe00b20000 - 0x00007ffe00b2a000 	C:\Users\Dell\.jdks\ms-21.0.8\bin\jimage.dll
0x00007ffe0f460000 - 0x00007ffe0f6a2000 	C:\WINDOWS\SYSTEM32\DBGHELP.DLL
0x00007ffe12e00000 - 0x00007ffe12ed7000 	C:\WINDOWS\System32\OLEAUT32.dll
0x00007ffdf3080000 - 0x00007ffdf30bd000 	C:\WINDOWS\SYSTEM32\dbgcore.DLL
0x00007ffe124b0000 - 0x00007ffe12549000 	C:\WINDOWS\System32\bcryptPrimitives.dll
0x00007ffdff440000 - 0x00007ffdff450000 	C:\Users\Dell\.jdks\ms-21.0.8\bin\instrument.dll
0x00007ffdd58d0000 - 0x00007ffdd58f1000 	C:\Users\Dell\.jdks\ms-21.0.8\bin\java.dll
0x00007ffe0f860000 - 0x00007ffe100b9000 	C:\WINDOWS\SYSTEM32\windows.storage.dll
0x00007ffe12d00000 - 0x00007ffe12df0000 	C:\WINDOWS\System32\SHCORE.dll
0x00007ffe11bd0000 - 0x00007ffe11bf9000 	C:\WINDOWS\SYSTEM32\profapi.dll
0x00007ffdb6860000 - 0x00007ffdb6936000 	C:\Users\Dell\.jdks\ms-21.0.8\bin\jsvml.dll
0x00007ffdff0e0000 - 0x00007ffdff0f8000 	C:\Users\Dell\.jdks\ms-21.0.8\bin\zip.dll
0x00007ffdfad70000 - 0x00007ffdfad81000 	C:\Users\Dell\.jdks\ms-21.0.8\bin\net.dll
0x00007ffe07310000 - 0x00007ffe0742f000 	C:\WINDOWS\SYSTEM32\WINHTTP.dll
0x00007ffe10f40000 - 0x00007ffe10fab000 	C:\WINDOWS\system32\mswsock.dll
0x00007ffde3e40000 - 0x00007ffde3e56000 	C:\Users\Dell\.jdks\ms-21.0.8\bin\nio.dll
0x00007ffdff300000 - 0x00007ffdff310000 	C:\Users\Dell\.jdks\ms-21.0.8\bin\verify.dll
0x00007ffe01fd0000 - 0x00007ffe01ff7000 	C:\Users\Dell\.gradle\native\1def1411415f61bf3af743bc5b6707747c0891f09f0c88961ee8f79bc544acac\windows-amd64\native-platform.dll
0x00007ffdcbe70000 - 0x00007ffdcbee8000 	C:\Users\Dell\.gradle\native\0.2.7\x86_64-windows-gnu\gradle-fileevents.dll
0x00007ffdff1b0000 - 0x00007ffdff1ba000 	C:\Users\Dell\.jdks\ms-21.0.8\bin\management.dll
0x00007ffdff140000 - 0x00007ffdff14c000 	C:\Users\Dell\.jdks\ms-21.0.8\bin\management_ext.dll
0x00007ffe12cf0000 - 0x00007ffe12cf8000 	C:\WINDOWS\System32\PSAPI.DLL
0x00007ffe10490000 - 0x00007ffe104c4000 	C:\WINDOWS\SYSTEM32\IPHLPAPI.DLL
0x00007ffe14a40000 - 0x00007ffe14a4a000 	C:\WINDOWS\System32\NSI.dll
0x00007ffdff0b0000 - 0x00007ffdff0b9000 	C:\Users\Dell\.jdks\ms-21.0.8\bin\extnet.dll
0x00007ffe11310000 - 0x00007ffe1132b000 	C:\WINDOWS\SYSTEM32\CRYPTSP.dll
0x00007ffe10940000 - 0x00007ffe1097b000 	C:\WINDOWS\system32\rsaenh.dll
0x00007ffe10fe0000 - 0x00007ffe1100b000 	C:\WINDOWS\SYSTEM32\USERENV.dll
0x00007ffe11ba0000 - 0x00007ffe11bc6000 	C:\WINDOWS\SYSTEM32\bcrypt.dll
0x00007ffe11170000 - 0x00007ffe1117c000 	C:\WINDOWS\SYSTEM32\CRYPTBASE.dll
0x00007ffdfacb0000 - 0x00007ffdfacbe000 	C:\Users\Dell\.jdks\ms-21.0.8\bin\sunmscapi.dll
0x00007ffe11d40000 - 0x00007ffe11eb7000 	C:\WINDOWS\System32\CRYPT32.dll
0x00007ffe11460000 - 0x00007ffe11490000 	C:\WINDOWS\SYSTEM32\ncrypt.dll
0x00007ffe11410000 - 0x00007ffe1144f000 	C:\WINDOWS\SYSTEM32\NTASN1.dll
0x00007ffde4210000 - 0x00007ffde4218000 	C:\WINDOWS\system32\wshunix.dll

JVMTI agents:
C:\Users\Dell\.gradle\wrapper\dists\gradle-8.14.3-bin\cv11ve7ro1n3o1j4so8xd9n66\gradle-8.14.3\lib\agents\gradle-instrumentation-agent-8.14.3.jar path:C:\Users\Dell\.jdks\ms-21.0.8\bin\instrument.dll, loaded, initialized, instrumentlib options:none

dbghelp: loaded successfully - version: 4.0.5 - missing functions: none
symbol engine: initialized successfully - sym options: 0x614 - pdb path: .;C:\Users\Dell\.jdks\ms-21.0.8\bin;C:\WINDOWS\SYSTEM32;C:\WINDOWS\WinSxS\amd64_microsoft.windows.common-controls_6595b64144ccf1df_6.0.26100.5074_none_3e0d6f78e32fd63f;C:\Program Files (x86)\360\Total Security\safemon;C:\Users\Dell\.jdks\ms-21.0.8\bin\server;C:\Users\Dell\.gradle\native\1def1411415f61bf3af743bc5b6707747c0891f09f0c88961ee8f79bc544acac\windows-amd64;C:\Users\Dell\.gradle\native\0.2.7\x86_64-windows-gnu

VM Arguments:
jvm_args: --add-opens=java.base/java.lang=ALL-UNNAMED --add-opens=java.base/java.lang.invoke=ALL-UNNAMED --add-opens=java.base/java.util=ALL-UNNAMED --add-opens=java.prefs/java.util.prefs=ALL-UNNAMED --add-exports=jdk.compiler/com.sun.tools.javac.api=ALL-UNNAMED --add-exports=jdk.compiler/com.sun.tools.javac.util=ALL-UNNAMED --add-opens=java.base/java.util=ALL-UNNAMED --add-opens=java.prefs/java.util.prefs=ALL-UNNAMED --add-opens=java.base/java.nio.charset=ALL-UNNAMED --add-opens=java.base/java.net=ALL-UNNAMED --add-opens=java.base/java.util.concurrent.atomic=ALL-UNNAMED --add-opens=java.xml/javax.xml.namespace=ALL-UNNAMED -XX:MaxMetaspaceSize=384m -XX:+HeapDumpOnOutOfMemoryError -Xms256m -Xmx512m -Dfile.encoding=UTF-8 -Duser.country=US -Duser.language=en -Duser.variant -javaagent:C:\Users\Dell\.gradle\wrapper\dists\gradle-8.14.3-bin\cv11ve7ro1n3o1j4so8xd9n66\gradle-8.14.3\lib\agents\gradle-instrumentation-agent-8.14.3.jar 
java_command: org.gradle.launcher.daemon.bootstrap.GradleDaemon 8.14.3
java_class_path (initial): C:\Users\Dell\.gradle\wrapper\dists\gradle-8.14.3-bin\cv11ve7ro1n3o1j4so8xd9n66\gradle-8.14.3\lib\gradle-daemon-main-8.14.3.jar
Launcher Type: SUN_STANDARD

[Global flags]
     intx CICompilerCount                          = 4                                         {product} {ergonomic}
   size_t CompressedClassSpaceSize                 = 335544320                                 {product} {ergonomic}
     uint ConcGCThreads                            = 2                                         {product} {ergonomic}
     uint G1ConcRefinementThreads                  = 8                                         {product} {ergonomic}
   size_t G1HeapRegionSize                         = 1048576                                   {product} {ergonomic}
    uintx GCDrainStackTargetSize                   = 64                                        {product} {ergonomic}
     bool HeapDumpOnOutOfMemoryError               = true                                   {manageable} {command line}
   size_t InitialHeapSize                          = 268435456                                 {product} {command line}
   size_t MarkStackSize                            = 4194304                                   {product} {ergonomic}
   size_t MaxHeapSize                              = 536870912                                 {product} {command line}
   size_t MaxMetaspaceSize                         = 402653184                                 {product} {command line}
   size_t MaxNewSize                               = 321912832                                 {product} {ergonomic}
   size_t MinHeapDeltaBytes                        = 1048576                                   {product} {ergonomic}
   size_t MinHeapSize                              = 268435456                                 {product} {command line}
    uintx NonNMethodCodeHeapSize                   = 5839372                                {pd product} {ergonomic}
    uintx NonProfiledCodeHeapSize                  = 122909434                              {pd product} {ergonomic}
    uintx ProfiledCodeHeapSize                     = 122909434                              {pd product} {ergonomic}
    uintx ReservedCodeCacheSize                    = 251658240                              {pd product} {ergonomic}
     bool SegmentedCodeCache                       = true                                      {product} {ergonomic}
   size_t SoftMaxHeapSize                          = 536870912                              {manageable} {ergonomic}
     bool UseCompressedOops                        = true                           {product lp64_product} {ergonomic}
     bool UseG1GC                                  = true                                      {product} {ergonomic}
     bool UseLargePagesIndividualAllocation        = false                                  {pd product} {ergonomic}

Logging:
Log output configuration:
 #0: stdout all=warning uptime,level,tags foldmultilines=false
 #1: stderr all=off uptime,level,tags foldmultilines=false

Environment Variables:
PATH=C:\Program Files\Common Files\Oracle\Java\javapath;C:\Program Files (x86)\NVIDIA Corporation\PhysX\Common;C:\WINDOWS\system32;C:\WINDOWS;C:\WINDOWS\System32\Wbem;C:\WINDOWS\System32\WindowsPowerShell\v1.0\;C:\WINDOWS\System32\OpenSSH\;C:\Program Files\dotnet\;C:\Program Files\Microsoft SQL Server\Client SDK\ODBC\170\Tools\Binn\;C:\Program Files\Microsoft SQL Server\150\Tools\Binn\;C:\Program Files\Git\cmd;C:\Program Files\Azure Data Studio\bin;C:\Program Files (x86)\Microsoft SQL Server\160\Tools\Binn\;C:\Program Files\Microsoft SQL Server\160\Tools\Binn\;C:\Program Files\Microsoft SQL Server\160\DTS\Binn\;C:\Program Files (x86)\Microsoft SQL Server\160\DTS\Binn\;C:\Program Files\nodejs\;C:\Program Files\Docker\Docker\resources\bin;C:\Program Files\MySQL\MySQL Shell 8.0\bin\;C:\Users\Dell\AppData\Local\Microsoft\WindowsApps;C:\Users\Dell\AppData\Local\Programs\Microsoft VS Code\bin;C:\Program Files\Azure Data Studio\bin;C:\Users\Dell\AppData\Roaming\npm;C:\Users\Dell\.dotnet\tools;D:\Texnoera Academy\Programs\IntelliJ IDEA 2025.1.1.1\bin;;D:\Texnoera Academy\Programs\DataGrip 2025.2.2\bin;
USERNAME=Dell
OS=Windows_NT
PROCESSOR_IDENTIFIER=Intel64 Family 6 Model 126 Stepping 5, GenuineIntel
TMP=C:\Users\Dell\AppData\Local\Temp
TEMP=C:\Users\Dell\AppData\Local\Temp




Periodic native trim disabled

---------------  S Y S T E M  ---------------

OS:
 Windows 11 , 64 bit Build 26100 (10.0.26100.5074)
OS uptime: 1 days 22:07 hours
Hyper-V role detected

CPU: total 8 (initial active 8) (4 cores per cpu, 2 threads per core) family 6 model 126 stepping 5 microcode 0xca, cx8, cmov, fxsr, ht, mmx, 3dnowpref, sse, sse2, sse3, ssse3, sse4.1, sse4.2, popcnt, lzcnt, tsc, tscinvbit, avx, avx2, aes, erms, clmul, bmi1, bmi2, adx, avx512f, avx512dq, avx512cd, avx512bw, avx512vl, sha, fma, vzeroupper, avx512_vpopcntdq, avx512_vpclmulqdq, avx512_vaes, avx512_vnni, clflush, clflushopt, avx512_vbmi2, avx512_vbmi, hv, rdtscp, rdpid, fsrm, gfni, avx512_bitalg, f16c, avx512_ifma
Processor Information for the first 8 processors :
  Max Mhz: 1190, Current Mhz: 991, Mhz Limit: 987

Memory: 4k page, system-wide physical 12051M (730M free)
TotalPageFile size 18439M (AvailPageFile size 8M)
current process WorkingSet (physical memory assigned to process): 337M, peak: 354M
current process commit charge ("private bytes"): 451M, peak: 472M

vm_info: OpenJDK 64-Bit Server VM (21.0.8+9-LTS) for windows-amd64 JRE (21.0.8+9-LTS), built on 2025-07-10T20:22:44Z by "MicrosoftCorporation" with unknown MS VC++:1944

END.
