#
# There is insufficient memory for the Java Runtime Environment to continue.
# Native memory allocation (malloc) failed to allocate 2091376 bytes. Error detail: Chunk::new
# Possible reasons:
#   The system is out of physical RAM or swap space
#   This process is running with CompressedOops enabled, and the Java Heap may be blocking the growth of the native heap
# Possible solutions:
#   Reduce memory load on the system
#   Increase physical memory or swap space
#   Check if swap backing store is full
#   Decrease Java heap size (-Xmx/-Xms)
#   Decrease number of Java threads
#   Decrease Java thread stack sizes (-Xss)
#   Set larger code cache with -XX:ReservedCodeCacheSize=
#   JVM is running with Unscaled Compressed Oops mode in which the Java heap is
#     placed in the first 4GB address space. The Java Heap base address is the
#     maximum limit for the native heap growth. Please use -XX:HeapBaseMinAddress
#     to set the Java Heap base and to place the Java Heap above 4GB virtual address.
# This output file may be truncated or incomplete.
#
#  Out of Memory Error (arena.cpp:168), pid=50088, tid=47364
#
# JRE version: OpenJDK Runtime Environment Microsoft-11933218 (21.0.8+9) (build 21.0.8+9-LTS)
# Java VM: OpenJDK 64-Bit Server VM Microsoft-11933218 (21.0.8+9-LTS, mixed mode, sharing, tiered, compressed oops, compressed class ptrs, g1 gc, windows-amd64)
# No core dump will be written. Minidumps are not enabled by default on client versions of Windows
#

---------------  S U M M A R Y ------------

Command Line: --add-opens=java.base/java.lang=ALL-UNNAMED --add-opens=java.base/java.lang.invoke=ALL-UNNAMED --add-opens=java.base/java.util=ALL-UNNAMED --add-opens=java.prefs/java.util.prefs=ALL-UNNAMED --add-exports=jdk.compiler/com.sun.tools.javac.api=ALL-UNNAMED --add-exports=jdk.compiler/com.sun.tools.javac.util=ALL-UNNAMED --add-opens=java.base/java.util=ALL-UNNAMED --add-opens=java.prefs/java.util.prefs=ALL-UNNAMED --add-opens=java.base/java.nio.charset=ALL-UNNAMED --add-opens=java.base/java.net=ALL-UNNAMED --add-opens=java.base/java.util.concurrent.atomic=ALL-UNNAMED --add-opens=java.xml/javax.xml.namespace=ALL-UNNAMED -XX:MaxMetaspaceSize=384m -XX:+HeapDumpOnOutOfMemoryError -Xms256m -Xmx512m -Dfile.encoding=UTF-8 -Duser.country=US -Duser.language=en -Duser.variant -javaagent:C:\Users\Dell\.gradle\wrapper\dists\gradle-8.13-bin\5xuhj0ry160q40clulazy9h7d\gradle-8.13\lib\agents\gradle-instrumentation-agent-8.13.jar org.gradle.launcher.daemon.bootstrap.GradleDaemon 8.13

Host: Intel(R) Core(TM) i5-1035G1 CPU @ 1.00GHz, 8 cores, 11G,  Windows 11 , 64 bit Build 26100 (10.0.26100.5074)
Time: Sun Oct  5 18:59:47 2025 Azerbaijan Standard Time elapsed time: 33.873381 seconds (0d 0h 0m 33s)

---------------  T H R E A D  ---------------

Current thread (0x000001866ed12260):  JavaThread "C2 CompilerThread0" daemon [_thread_in_native, id=47364, stack(0x0000007cefe00000,0x0000007ceff00000) (1024K)]


Current CompileTask:
C2:33873 6278       4       org.objectweb.asm.ClassReader::readCode (5117 bytes)

Stack: [0x0000007cefe00000,0x0000007ceff00000]
Native frames: (J=compiled Java code, j=interpreted, Vv=VM code, C=native code)
V  [jvm.dll+0x6e1729]
V  [jvm.dll+0x8bf47b]
V  [jvm.dll+0x8c19aa]
V  [jvm.dll+0x8c2083]
V  [jvm.dll+0x289fd6]
V  [jvm.dll+0xc903d]
V  [jvm.dll+0xc958c]
V  [jvm.dll+0x3c76e2]
V  [jvm.dll+0x393f22]
V  [jvm.dll+0x39337a]
V  [jvm.dll+0x251c60]
V  [jvm.dll+0x251283]
V  [jvm.dll+0x1d18bf]
V  [jvm.dll+0x260f4a]
V  [jvm.dll+0x25f2b5]
V  [jvm.dll+0x40151d]
V  [jvm.dll+0x86975d]
V  [jvm.dll+0x6dff2d]
C  [ucrtbase.dll+0x37b0]
C  [KERNEL32.DLL+0x2e8d7]
C  [ntdll.dll+0x8d9c]


---------------  P R O C E S S  ---------------

Threads class SMR info:
_java_thread_list=0x00000186777ae480, length=65, elements={
0x0000018653de2a90, 0x000001866ec391f0, 0x000001866ec3a3c0, 0x000001866ec3e6b0,
0x000001866ec3f070, 0x000001866ec50e20, 0x000001866ec55ac0, 0x000001866ed12260,
0x000001866ec5d490, 0x000001866ec00a40, 0x000001866ef9c6d0, 0x000001866f3dbb60,
0x000001866eea9730, 0x0000018674f39700, 0x0000018674f695d0, 0x0000018674f69c30,
0x0000018674d244f0, 0x0000018674d29350, 0x0000018674d8b120, 0x0000018674d86dc0,
0x0000018674dca060, 0x0000018674dc8cb0, 0x0000018674dca6f0, 0x0000018674dcad80,
0x0000018674dcc130, 0x0000018674dcb410, 0x0000018674dc9340, 0x0000018674dc99d0,
0x0000018675624260, 0x0000018675625610, 0x0000018675623bd0, 0x00000186756269c0,
0x0000018675627050, 0x00000186756276e0, 0x00000186756248f0, 0x0000018675627d70,
0x0000018675625ca0, 0x0000018675624f80, 0x0000018675628a90, 0x0000018675629120,
0x0000018675626330, 0x000001867562a4d0, 0x0000018675629e40, 0x000001867562b1f0,
0x000001867562ab60, 0x0000018675b91f20, 0x0000018675b91200, 0x0000018675b8fe50,
0x0000018675b91890, 0x0000018675b932d0, 0x0000018675b925b0, 0x0000018675b92c40,
0x0000018675b93960, 0x0000018675b90b70, 0x0000018675b904e0, 0x0000018675b94d10,
0x0000018675b953a0, 0x0000018675b97470, 0x0000018675b95a30, 0x0000018675b960c0,
0x0000018675b96750, 0x0000018675b96de0, 0x0000018675b93ff0, 0x000001866f6c4980,
0x000001866f6c5df0
}

Java Threads: ( => current thread )
  0x0000018653de2a90 JavaThread "main"                              [_thread_blocked, id=49128, stack(0x0000007cef000000,0x0000007cef100000) (1024K)]
  0x000001866ec391f0 JavaThread "Reference Handler"          daemon [_thread_blocked, id=48644, stack(0x0000007cef800000,0x0000007cef900000) (1024K)]
  0x000001866ec3a3c0 JavaThread "Finalizer"                  daemon [_thread_blocked, id=45788, stack(0x0000007cef900000,0x0000007cefa00000) (1024K)]
  0x000001866ec3e6b0 JavaThread "Signal Dispatcher"          daemon [_thread_blocked, id=38276, stack(0x0000007cefa00000,0x0000007cefb00000) (1024K)]
  0x000001866ec3f070 JavaThread "Attach Listener"            daemon [_thread_blocked, id=47056, stack(0x0000007cefb00000,0x0000007cefc00000) (1024K)]
  0x000001866ec50e20 JavaThread "Service Thread"             daemon [_thread_blocked, id=49892, stack(0x0000007cefc00000,0x0000007cefd00000) (1024K)]
  0x000001866ec55ac0 JavaThread "Monitor Deflation Thread"   daemon [_thread_blocked, id=43976, stack(0x0000007cefd00000,0x0000007cefe00000) (1024K)]
=>0x000001866ed12260 JavaThread "C2 CompilerThread0"         daemon [_thread_in_native, id=47364, stack(0x0000007cefe00000,0x0000007ceff00000) (1024K)]
  0x000001866ec5d490 JavaThread "C1 CompilerThread0"         daemon [_thread_blocked, id=50136, stack(0x0000007ceff00000,0x0000007cf0000000) (1024K)]
  0x000001866ec00a40 JavaThread "Common-Cleaner"             daemon [_thread_blocked, id=41500, stack(0x0000007cf0000000,0x0000007cf0100000) (1024K)]
  0x000001866ef9c6d0 JavaThread "Notification Thread"        daemon [_thread_blocked, id=49700, stack(0x0000007cf0100000,0x0000007cf0200000) (1024K)]
  0x000001866f3dbb60 JavaThread "Daemon health stats"               [_thread_blocked, id=34456, stack(0x0000007cf0900000,0x0000007cf0a00000) (1024K)]
  0x000001866eea9730 JavaThread "Incoming local TCP Connector on port 61197"        [_thread_in_native, id=40484, stack(0x0000007cf0a00000,0x0000007cf0b00000) (1024K)]
  0x0000018674f39700 JavaThread "Daemon periodic checks"            [_thread_blocked, id=49432, stack(0x0000007cf0b00000,0x0000007cf0c00000) (1024K)]
  0x0000018674f695d0 JavaThread "Daemon"                            [_thread_blocked, id=31040, stack(0x0000007cf0c00000,0x0000007cf0d00000) (1024K)]
  0x0000018674f69c30 JavaThread "Handler for socket connection from /127.0.0.1:61197 to /127.0.0.1:61198"        [_thread_in_native, id=48904, stack(0x0000007cf0d00000,0x0000007cf0e00000) (1024K)]
  0x0000018674d244f0 JavaThread "Cancel handler"                    [_thread_blocked, id=47572, stack(0x0000007cf0e00000,0x0000007cf0f00000) (1024K)]
  0x0000018674d29350 JavaThread "Daemon worker"                     [_thread_blocked, id=45340, stack(0x0000007cf0f00000,0x0000007cf1000000) (1024K)]
  0x0000018674d8b120 JavaThread "Asynchronous log dispatcher for DefaultDaemonConnection: socket connection from /127.0.0.1:61197 to /127.0.0.1:61198"        [_thread_blocked, id=8184, stack(0x0000007cf1000000,0x0000007cf1100000) (1024K)]
  0x0000018674d86dc0 JavaThread "Stdin handler"                     [_thread_blocked, id=49924, stack(0x0000007cf1100000,0x0000007cf1200000) (1024K)]
  0x0000018674dca060 JavaThread "Daemon client event forwarder"        [_thread_blocked, id=39184, stack(0x0000007cf1200000,0x0000007cf1300000) (1024K)]
  0x0000018674dc8cb0 JavaThread "Cache worker for journal cache (C:\Users\Dell\.gradle\caches\journal-1)"        [_thread_blocked, id=21668, stack(0x0000007cf1300000,0x0000007cf1400000) (1024K)]
  0x0000018674dca6f0 JavaThread "File lock request listener"        [_thread_in_native, id=49644, stack(0x0000007cf1400000,0x0000007cf1500000) (1024K)]
  0x0000018674dcad80 JavaThread "Cache worker for file hash cache (C:\Users\Dell\.gradle\caches\8.13\fileHashes)"        [_thread_in_native, id=48536, stack(0x0000007cf1500000,0x0000007cf1600000) (1024K)]
  0x0000018674dcc130 JavaThread "Cache worker for file hash cache (D:\Texnoera Academy\Spring\Microservice\restoran-system\kafka-common\.gradle\8.13\fileHashes)"        [_thread_blocked, id=41604, stack(0x0000007cf1800000,0x0000007cf1900000) (1024K)]
  0x0000018674dcb410 JavaThread "Cache worker for Build Output Cleanup Cache (D:\Texnoera Academy\Spring\Microservice\restoran-system\kafka-common\.gradle\buildOutputCleanup)"        [_thread_blocked, id=45288, stack(0x0000007cf1900000,0x0000007cf1a00000) (1024K)]
  0x0000018674dc9340 JavaThread "File watcher server"        daemon [_thread_in_native, id=50044, stack(0x0000007cf1700000,0x0000007cf1800000) (1024K)]
  0x0000018674dc99d0 JavaThread "File watcher consumer"      daemon [_thread_blocked, id=45576, stack(0x0000007cf1a00000,0x0000007cf1b00000) (1024K)]
  0x0000018675624260 JavaThread "jar transforms"                    [_thread_blocked, id=47152, stack(0x0000007cf1c00000,0x0000007cf1d00000) (1024K)]
  0x0000018675625610 JavaThread "jar transforms Thread 2"           [_thread_blocked, id=13372, stack(0x0000007cf1d00000,0x0000007cf1e00000) (1024K)]
  0x0000018675623bd0 JavaThread "jar transforms Thread 3"           [_thread_blocked, id=45660, stack(0x0000007cf1e00000,0x0000007cf1f00000) (1024K)]
  0x00000186756269c0 JavaThread "jar transforms Thread 4"           [_thread_blocked, id=50116, stack(0x0000007cf1f00000,0x0000007cf2000000) (1024K)]
  0x0000018675627050 JavaThread "jar transforms Thread 5"           [_thread_blocked, id=48968, stack(0x0000007cf2000000,0x0000007cf2100000) (1024K)]
  0x00000186756276e0 JavaThread "jar transforms Thread 6"           [_thread_blocked, id=29220, stack(0x0000007cf2100000,0x0000007cf2200000) (1024K)]
  0x00000186756248f0 JavaThread "jar transforms Thread 7"           [_thread_blocked, id=47292, stack(0x0000007cf2200000,0x0000007cf2300000) (1024K)]
  0x0000018675627d70 JavaThread "jar transforms Thread 8"           [_thread_blocked, id=47472, stack(0x0000007cf2300000,0x0000007cf2400000) (1024K)]
  0x0000018675625ca0 JavaThread "File lock release action executor"        [_thread_blocked, id=49656, stack(0x0000007cf2400000,0x0000007cf2500000) (1024K)]
  0x0000018675624f80 JavaThread "Cache worker for checksums cache (D:\Texnoera Academy\Spring\Microservice\restoran-system\kafka-common\.gradle\8.13\checksums)"        [_thread_blocked, id=20324, stack(0x0000007cf2600000,0x0000007cf2700000) (1024K)]
  0x0000018675628a90 JavaThread "Cache worker for file content cache (C:\Users\Dell\.gradle\caches\8.13\fileContent)"        [_thread_blocked, id=49800, stack(0x0000007cf2700000,0x0000007cf2800000) (1024K)]
  0x0000018675629120 JavaThread "Cache worker for cache directory md-supplier (C:\Users\Dell\.gradle\caches\8.13\md-supplier)"        [_thread_blocked, id=35500, stack(0x0000007cf2800000,0x0000007cf2900000) (1024K)]
  0x0000018675626330 JavaThread "Cache worker for cache directory md-rule (C:\Users\Dell\.gradle\caches\8.13\md-rule)"        [_thread_blocked, id=43048, stack(0x0000007cf2900000,0x0000007cf2a00000) (1024K)]
  0x000001867562a4d0 JavaThread "Unconstrained build operations"        [_thread_blocked, id=3048, stack(0x0000007cf1b00000,0x0000007cf1c00000) (1024K)]
  0x0000018675629e40 JavaThread "Unconstrained build operations Thread 2"        [_thread_blocked, id=37064, stack(0x0000007cf2500000,0x0000007cf2600000) (1024K)]
  0x000001867562b1f0 JavaThread "Unconstrained build operations Thread 3"        [_thread_blocked, id=49216, stack(0x0000007cf2a00000,0x0000007cf2b00000) (1024K)]
  0x000001867562ab60 JavaThread "Unconstrained build operations Thread 4"        [_thread_blocked, id=47380, stack(0x0000007cf2b00000,0x0000007cf2c00000) (1024K)]
  0x0000018675b91f20 JavaThread "Unconstrained build operations Thread 5"        [_thread_blocked, id=47620, stack(0x0000007cf2c00000,0x0000007cf2d00000) (1024K)]
  0x0000018675b91200 JavaThread "Unconstrained build operations Thread 6"        [_thread_blocked, id=37060, stack(0x0000007cf2d00000,0x0000007cf2e00000) (1024K)]
  0x0000018675b8fe50 JavaThread "Unconstrained build operations Thread 7"        [_thread_blocked, id=46344, stack(0x0000007cf2e00000,0x0000007cf2f00000) (1024K)]
  0x0000018675b91890 JavaThread "Unconstrained build operations Thread 8"        [_thread_blocked, id=45020, stack(0x0000007cf2f00000,0x0000007cf3000000) (1024K)]
  0x0000018675b932d0 JavaThread "Unconstrained build operations Thread 9"        [_thread_blocked, id=48928, stack(0x0000007cf3000000,0x0000007cf3100000) (1024K)]
  0x0000018675b925b0 JavaThread "Unconstrained build operations Thread 10"        [_thread_blocked, id=45592, stack(0x0000007cf3100000,0x0000007cf3200000) (1024K)]
  0x0000018675b92c40 JavaThread "Unconstrained build operations Thread 11"        [_thread_blocked, id=49872, stack(0x0000007cf3200000,0x0000007cf3300000) (1024K)]
  0x0000018675b93960 JavaThread "Unconstrained build operations Thread 12"        [_thread_blocked, id=49388, stack(0x0000007cf3300000,0x0000007cf3400000) (1024K)]
  0x0000018675b90b70 JavaThread "Unconstrained build operations Thread 13"        [_thread_blocked, id=40932, stack(0x0000007cf3400000,0x0000007cf3500000) (1024K)]
  0x0000018675b904e0 JavaThread "Unconstrained build operations Thread 14"        [_thread_blocked, id=48400, stack(0x0000007cf3500000,0x0000007cf3600000) (1024K)]
  0x0000018675b94d10 JavaThread "Unconstrained build operations Thread 15"        [_thread_blocked, id=48292, stack(0x0000007cf3600000,0x0000007cf3700000) (1024K)]
  0x0000018675b953a0 JavaThread "Unconstrained build operations Thread 16"        [_thread_blocked, id=47552, stack(0x0000007cf3700000,0x0000007cf3800000) (1024K)]
  0x0000018675b97470 JavaThread "Unconstrained build operations Thread 17"        [_thread_blocked, id=14744, stack(0x0000007cf3800000,0x0000007cf3900000) (1024K)]
  0x0000018675b95a30 JavaThread "Unconstrained build operations Thread 18"        [_thread_in_Java, id=46544, stack(0x0000007cf3900000,0x0000007cf3a00000) (1024K)]
  0x0000018675b960c0 JavaThread "Unconstrained build operations Thread 19"        [_thread_blocked, id=48788, stack(0x0000007cf3a00000,0x0000007cf3b00000) (1024K)]
  0x0000018675b96750 JavaThread "Unconstrained build operations Thread 20"        [_thread_blocked, id=44492, stack(0x0000007cf3b00000,0x0000007cf3c00000) (1024K)]
  0x0000018675b96de0 JavaThread "Unconstrained build operations Thread 21"        [_thread_blocked, id=49332, stack(0x0000007cf3c00000,0x0000007cf3d00000) (1024K)]
  0x0000018675b93ff0 JavaThread "Unconstrained build operations Thread 22"        [_thread_blocked, id=46292, stack(0x0000007cf3d00000,0x0000007cf3e00000) (1024K)]
  0x000001866f6c4980 JavaThread "C2 CompilerThread1"         daemon [_thread_in_native, id=48988, stack(0x0000007cf3e00000,0x0000007cf3f00000) (1024K)]
  0x000001866f6c5df0 JavaThread "C2 CompilerThread2"         daemon [_thread_in_native, id=49508, stack(0x0000007cf3f00000,0x0000007cf4000000) (1024K)]
Total: 65

Other Threads:
  0x000001866ec14180 VMThread "VM Thread"                           [id=44828, stack(0x0000007cef700000,0x0000007cef800000) (1024K)]
  0x000001866ecf1920 WatcherThread "VM Periodic Task Thread"        [id=49616, stack(0x0000007cef600000,0x0000007cef700000) (1024K)]
  0x0000018653e0f340 WorkerThread "GC Thread#0"                     [id=49960, stack(0x0000007cef100000,0x0000007cef200000) (1024K)]
  0x000001866f84a890 WorkerThread "GC Thread#1"                     [id=49248, stack(0x0000007cf0400000,0x0000007cf0500000) (1024K)]
  0x000001866f84ac30 WorkerThread "GC Thread#2"                     [id=30872, stack(0x0000007cf0500000,0x0000007cf0600000) (1024K)]
  0x000001866f652420 WorkerThread "GC Thread#3"                     [id=49476, stack(0x0000007cf0600000,0x0000007cf0700000) (1024K)]
  0x000001866f6527c0 WorkerThread "GC Thread#4"                     [id=27116, stack(0x0000007cf0700000,0x0000007cf0800000) (1024K)]
  0x000001866f652b60 WorkerThread "GC Thread#5"                     [id=41644, stack(0x0000007cf0800000,0x0000007cf0900000) (1024K)]
  0x000001866f321480 WorkerThread "GC Thread#6"                     [id=46976, stack(0x0000007cf0200000,0x0000007cf0300000) (1024K)]
  0x000001866f06d680 WorkerThread "GC Thread#7"                     [id=48608, stack(0x0000007cf0300000,0x0000007cf0400000) (1024K)]
  0x0000018653e14a40 ConcurrentGCThread "G1 Main Marker"            [id=49672, stack(0x0000007cef200000,0x0000007cef300000) (1024K)]
  0x0000018653e19960 WorkerThread "G1 Conc#0"                       [id=49244, stack(0x0000007cef300000,0x0000007cef400000) (1024K)]
  0x0000018676b19790 WorkerThread "G1 Conc#1"                       [id=43452, stack(0x0000007cf1600000,0x0000007cf1700000) (1024K)]
  0x000001866eb52740 ConcurrentGCThread "G1 Refine#0"               [id=33236, stack(0x0000007cef400000,0x0000007cef500000) (1024K)]
  0x000001866eb52c70 ConcurrentGCThread "G1 Service"                [id=42872, stack(0x0000007cef500000,0x0000007cef600000) (1024K)]
Total: 15

Threads with active compile tasks:
C2 CompilerThread0  34093 6278       4       org.objectweb.asm.ClassReader::readCode (5117 bytes)
C2 CompilerThread1  34093 6826       4       org.objectweb.asm.ClassWriter::toByteArray (1535 bytes)
C2 CompilerThread2  34093 6786       4       org.objectweb.asm.ClassReader::readMethod (1070 bytes)
Total: 3

VM state: not at safepoint (normal execution)

VM Mutex/Monitor currently owned by a thread: None

Heap address: 0x00000000e0000000, size: 512 MB, Compressed Oops mode: 32-bit

CDS archive(s) mapped at: [0x0000018600000000-0x0000018600c80000-0x0000018600c80000), size 13107200, SharedBaseAddress: 0x0000018600000000, ArchiveRelocationMode: 1.
Compressed class space mapped at: 0x0000018601000000-0x0000018615000000, reserved size: 335544320
Narrow klass base: 0x0000018600000000, Narrow klass shift: 0, Narrow klass range: 0x100000000

GC Precious Log:
 CardTable entry size: 512
 Card Set container configuration: InlinePtr #cards 5 size 8 Array Of Cards #cards 12 size 40 Howl #buckets 4 coarsen threshold 1843 Howl Bitmap #cards 512 size 80 coarsen threshold 460 Card regions per heap region 1 cards per card region 2048
 CPUs: 8 total, 8 available
 Memory: 12051M
 Large Page Support: Disabled
 NUMA Support: Disabled
 Compressed Oops: Enabled (32-bit)
 Heap Region Size: 1M
 Heap Min Capacity: 256M
 Heap Initial Capacity: 256M
 Heap Max Capacity: 512M
 Pre-touch: Disabled
 Parallel Workers: 8
 Concurrent Workers: 2
 Concurrent Refinement Workers: 8
 Periodic GC: Disabled

Heap:
 garbage-first heap   total 262144K, used 186352K [0x00000000e0000000, 0x0000000100000000)
  region size 1024K, 112 young (114688K), 19 survivors (19456K)
 Metaspace       used 48109K, committed 49664K, reserved 393216K
  class space    used 6931K, committed 7680K, reserved 327680K

Heap Regions: E=young(eden), S=young(survivor), O=old, HS=humongous(starts), HC=humongous(continues), CS=collection set, F=free, TAMS=top-at-mark-start, PB=parsable bottom
|   0|0x00000000e0000000, 0x00000000e0100000, 0x00000000e0100000|100%|HS|  |TAMS 0x00000000e0000000| PB 0x00000000e0000000| Complete 
|   1|0x00000000e0100000, 0x00000000e0200000, 0x00000000e0200000|100%|HC|  |TAMS 0x00000000e0100000| PB 0x00000000e0100000| Complete 
|   2|0x00000000e0200000, 0x00000000e0300000, 0x00000000e0300000|100%|HC|  |TAMS 0x00000000e0200000| PB 0x00000000e0200000| Complete 
|   3|0x00000000e0300000, 0x00000000e0400000, 0x00000000e0400000|100%| O|  |TAMS 0x00000000e0300000| PB 0x00000000e0300000| Untracked 
|   4|0x00000000e0400000, 0x00000000e0500000, 0x00000000e0500000|100%| O|  |TAMS 0x00000000e0400000| PB 0x00000000e0400000| Untracked 
|   5|0x00000000e0500000, 0x00000000e0600000, 0x00000000e0600000|100%| O|  |TAMS 0x00000000e0500000| PB 0x00000000e0500000| Untracked 
|   6|0x00000000e0600000, 0x00000000e0700000, 0x00000000e0700000|100%|HS|  |TAMS 0x00000000e0600000| PB 0x00000000e0600000| Complete 
|   7|0x00000000e0700000, 0x00000000e0800000, 0x00000000e0800000|100%|HS|  |TAMS 0x00000000e0700000| PB 0x00000000e0700000| Complete 
|   8|0x00000000e0800000, 0x00000000e0900000, 0x00000000e0900000|100%| O|  |TAMS 0x00000000e0800000| PB 0x00000000e0800000| Untracked 
|   9|0x00000000e0900000, 0x00000000e0a00000, 0x00000000e0a00000|100%| O|  |TAMS 0x00000000e0900000| PB 0x00000000e0900000| Untracked 
|  10|0x00000000e0a00000, 0x00000000e0a00000, 0x00000000e0b00000|  0%| F|  |TAMS 0x00000000e0a00000| PB 0x00000000e0a00000| Untracked 
|  11|0x00000000e0b00000, 0x00000000e0c00000, 0x00000000e0c00000|100%| O|  |TAMS 0x00000000e0b00000| PB 0x00000000e0b00000| Untracked 
|  12|0x00000000e0c00000, 0x00000000e0d00000, 0x00000000e0d00000|100%| O|  |TAMS 0x00000000e0c00000| PB 0x00000000e0c00000| Untracked 
|  13|0x00000000e0d00000, 0x00000000e0e00000, 0x00000000e0e00000|100%|HS|  |TAMS 0x00000000e0d00000| PB 0x00000000e0d00000| Complete 
|  14|0x00000000e0e00000, 0x00000000e0f00000, 0x00000000e0f00000|100%|HC|  |TAMS 0x00000000e0e00000| PB 0x00000000e0e00000| Complete 
|  15|0x00000000e0f00000, 0x00000000e1000000, 0x00000000e1000000|100%|HC|  |TAMS 0x00000000e0f00000| PB 0x00000000e0f00000| Complete 
|  16|0x00000000e1000000, 0x00000000e1100000, 0x00000000e1100000|100%|HC|  |TAMS 0x00000000e1000000| PB 0x00000000e1000000| Complete 
|  17|0x00000000e1100000, 0x00000000e1200000, 0x00000000e1200000|100%|HC|  |TAMS 0x00000000e1100000| PB 0x00000000e1100000| Complete 
|  18|0x00000000e1200000, 0x00000000e1300000, 0x00000000e1300000|100%|HC|  |TAMS 0x00000000e1200000| PB 0x00000000e1200000| Complete 
|  19|0x00000000e1300000, 0x00000000e1400000, 0x00000000e1400000|100%|HS|  |TAMS 0x00000000e1300000| PB 0x00000000e1300000| Complete 
|  20|0x00000000e1400000, 0x00000000e1500000, 0x00000000e1500000|100%|HC|  |TAMS 0x00000000e1400000| PB 0x00000000e1400000| Complete 
|  21|0x00000000e1500000, 0x00000000e1600000, 0x00000000e1600000|100%|HC|  |TAMS 0x00000000e1500000| PB 0x00000000e1500000| Complete 
|  22|0x00000000e1600000, 0x00000000e1700000, 0x00000000e1700000|100%|HS|  |TAMS 0x00000000e1600000| PB 0x00000000e1600000| Complete 
|  23|0x00000000e1700000, 0x00000000e1800000, 0x00000000e1800000|100%|HC|  |TAMS 0x00000000e1700000| PB 0x00000000e1700000| Complete 
|  24|0x00000000e1800000, 0x00000000e1900000, 0x00000000e1900000|100%|HS|  |TAMS 0x00000000e1800000| PB 0x00000000e1800000| Complete 
|  25|0x00000000e1900000, 0x00000000e1a00000, 0x00000000e1a00000|100%|HC|  |TAMS 0x00000000e1900000| PB 0x00000000e1900000| Complete 
|  26|0x00000000e1a00000, 0x00000000e1b00000, 0x00000000e1b00000|100%|HC|  |TAMS 0x00000000e1a00000| PB 0x00000000e1a00000| Complete 
|  27|0x00000000e1b00000, 0x00000000e1c00000, 0x00000000e1c00000|100%|HC|  |TAMS 0x00000000e1b00000| PB 0x00000000e1b00000| Complete 
|  28|0x00000000e1c00000, 0x00000000e1d00000, 0x00000000e1d00000|100%|HC|  |TAMS 0x00000000e1c00000| PB 0x00000000e1c00000| Complete 
|  29|0x00000000e1d00000, 0x00000000e1e00000, 0x00000000e1e00000|100%|HC|  |TAMS 0x00000000e1d00000| PB 0x00000000e1d00000| Complete 
|  30|0x00000000e1e00000, 0x00000000e1f00000, 0x00000000e1f00000|100%|HS|  |TAMS 0x00000000e1e00000| PB 0x00000000e1e00000| Complete 
|  31|0x00000000e1f00000, 0x00000000e2000000, 0x00000000e2000000|100%|HC|  |TAMS 0x00000000e1f00000| PB 0x00000000e1f00000| Complete 
|  32|0x00000000e2000000, 0x00000000e2100000, 0x00000000e2100000|100%|HC|  |TAMS 0x00000000e2000000| PB 0x00000000e2000000| Complete 
|  33|0x00000000e2100000, 0x00000000e2200000, 0x00000000e2200000|100%|HS|  |TAMS 0x00000000e2100000| PB 0x00000000e2100000| Complete 
|  34|0x00000000e2200000, 0x00000000e2300000, 0x00000000e2300000|100%|HC|  |TAMS 0x00000000e2200000| PB 0x00000000e2200000| Complete 
|  35|0x00000000e2300000, 0x00000000e2400000, 0x00000000e2400000|100%|HS|  |TAMS 0x00000000e2300000| PB 0x00000000e2300000| Complete 
|  36|0x00000000e2400000, 0x00000000e2500000, 0x00000000e2500000|100%| O|  |TAMS 0x00000000e2400000| PB 0x00000000e2400000| Untracked 
|  37|0x00000000e2500000, 0x00000000e2600000, 0x00000000e2600000|100%| O|  |TAMS 0x00000000e2500000| PB 0x00000000e2500000| Untracked 
|  38|0x00000000e2600000, 0x00000000e2700000, 0x00000000e2700000|100%| O|  |TAMS 0x00000000e2600000| PB 0x00000000e2600000| Untracked 
|  39|0x00000000e2700000, 0x00000000e2800000, 0x00000000e2800000|100%| O|  |TAMS 0x00000000e2700000| PB 0x00000000e2700000| Untracked 
|  40|0x00000000e2800000, 0x00000000e2900000, 0x00000000e2900000|100%| O|  |TAMS 0x00000000e2800000| PB 0x00000000e2800000| Untracked 
|  41|0x00000000e2900000, 0x00000000e2a00000, 0x00000000e2a00000|100%| O|  |TAMS 0x00000000e2900000| PB 0x00000000e2900000| Untracked 
|  42|0x00000000e2a00000, 0x00000000e2b00000, 0x00000000e2b00000|100%| O|  |TAMS 0x00000000e2a00000| PB 0x00000000e2a00000| Untracked 
|  43|0x00000000e2b00000, 0x00000000e2c00000, 0x00000000e2c00000|100%| O|  |TAMS 0x00000000e2b00000| PB 0x00000000e2b00000| Untracked 
|  44|0x00000000e2c00000, 0x00000000e2d00000, 0x00000000e2d00000|100%| O|  |TAMS 0x00000000e2c00000| PB 0x00000000e2c00000| Untracked 
|  45|0x00000000e2d00000, 0x00000000e2e00000, 0x00000000e2e00000|100%| O|  |TAMS 0x00000000e2d00000| PB 0x00000000e2d00000| Untracked 
|  46|0x00000000e2e00000, 0x00000000e2f00000, 0x00000000e2f00000|100%| O|  |TAMS 0x00000000e2e00000| PB 0x00000000e2e00000| Untracked 
|  47|0x00000000e2f00000, 0x00000000e3000000, 0x00000000e3000000|100%| O|  |TAMS 0x00000000e2f00000| PB 0x00000000e2f00000| Untracked 
|  48|0x00000000e3000000, 0x00000000e3100000, 0x00000000e3100000|100%| O|  |TAMS 0x00000000e3000000| PB 0x00000000e3000000| Untracked 
|  49|0x00000000e3100000, 0x00000000e3200000, 0x00000000e3200000|100%| O|  |TAMS 0x00000000e3100000| PB 0x00000000e3100000| Untracked 
|  50|0x00000000e3200000, 0x00000000e3300000, 0x00000000e3300000|100%| O|  |TAMS 0x00000000e3200000| PB 0x00000000e3200000| Untracked 
|  51|0x00000000e3300000, 0x00000000e3400000, 0x00000000e3400000|100%| O|  |TAMS 0x00000000e3300000| PB 0x00000000e3300000| Untracked 
|  52|0x00000000e3400000, 0x00000000e3500000, 0x00000000e3500000|100%| O|  |TAMS 0x00000000e3400000| PB 0x00000000e3400000| Untracked 
|  53|0x00000000e3500000, 0x00000000e3600000, 0x00000000e3600000|100%| O|  |TAMS 0x00000000e3500000| PB 0x00000000e3500000| Untracked 
|  54|0x00000000e3600000, 0x00000000e3700000, 0x00000000e3700000|100%| O|  |TAMS 0x00000000e3600000| PB 0x00000000e3600000| Untracked 
|  55|0x00000000e3700000, 0x00000000e3800000, 0x00000000e3800000|100%| O|  |TAMS 0x00000000e3700000| PB 0x00000000e3700000| Untracked 
|  56|0x00000000e3800000, 0x00000000e3900000, 0x00000000e3900000|100%| O|  |TAMS 0x00000000e3800000| PB 0x00000000e3800000| Untracked 
|  57|0x00000000e3900000, 0x00000000e3a00000, 0x00000000e3a00000|100%| O|  |TAMS 0x00000000e3900000| PB 0x00000000e3900000| Untracked 
|  58|0x00000000e3a00000, 0x00000000e3b00000, 0x00000000e3b00000|100%| O|Cm|TAMS 0x00000000e3a00000| PB 0x00000000e3a00000| Complete 
|  59|0x00000000e3b00000, 0x00000000e3c00000, 0x00000000e3c00000|100%| O|  |TAMS 0x00000000e3b00000| PB 0x00000000e3b00000| Untracked 
|  60|0x00000000e3c00000, 0x00000000e3c00000, 0x00000000e3d00000|  0%| F|  |TAMS 0x00000000e3c00000| PB 0x00000000e3c00000| Untracked 
|  61|0x00000000e3d00000, 0x00000000e3d00000, 0x00000000e3e00000|  0%| F|  |TAMS 0x00000000e3d00000| PB 0x00000000e3d00000| Untracked 
|  62|0x00000000e3e00000, 0x00000000e3e00000, 0x00000000e3f00000|  0%| F|  |TAMS 0x00000000e3e00000| PB 0x00000000e3e00000| Untracked 
|  63|0x00000000e3f00000, 0x00000000e3f00000, 0x00000000e4000000|  0%| F|  |TAMS 0x00000000e3f00000| PB 0x00000000e3f00000| Untracked 
|  64|0x00000000e4000000, 0x00000000e4100000, 0x00000000e4100000|100%|HS|  |TAMS 0x00000000e4000000| PB 0x00000000e4000000| Complete 
|  65|0x00000000e4100000, 0x00000000e4200000, 0x00000000e4200000|100%|HS|  |TAMS 0x00000000e4100000| PB 0x00000000e4100000| Complete 
|  66|0x00000000e4200000, 0x00000000e4300000, 0x00000000e4300000|100%| O|  |TAMS 0x00000000e4200000| PB 0x00000000e4200000| Untracked 
|  67|0x00000000e4300000, 0x00000000e4400000, 0x00000000e4400000|100%| O|  |TAMS 0x00000000e4300000| PB 0x00000000e4300000| Untracked 
|  68|0x00000000e4400000, 0x00000000e4500000, 0x00000000e4500000|100%| O|  |TAMS 0x00000000e4400000| PB 0x00000000e4400000| Untracked 
|  69|0x00000000e4500000, 0x00000000e4600000, 0x00000000e4600000|100%| O|  |TAMS 0x00000000e4500000| PB 0x00000000e4500000| Untracked 
|  70|0x00000000e4600000, 0x00000000e4700000, 0x00000000e4700000|100%| O|  |TAMS 0x00000000e4600000| PB 0x00000000e4600000| Untracked 
|  71|0x00000000e4700000, 0x00000000e4800000, 0x00000000e4800000|100%| O|  |TAMS 0x00000000e4700000| PB 0x00000000e4700000| Untracked 
|  72|0x00000000e4800000, 0x00000000e4900000, 0x00000000e4900000|100%| O|  |TAMS 0x00000000e4800000| PB 0x00000000e4800000| Untracked 
|  73|0x00000000e4900000, 0x00000000e4a00000, 0x00000000e4a00000|100%| O|  |TAMS 0x00000000e4900000| PB 0x00000000e4900000| Untracked 
|  74|0x00000000e4a00000, 0x00000000e4b00000, 0x00000000e4b00000|100%| O|  |TAMS 0x00000000e4a00000| PB 0x00000000e4a00000| Untracked 
|  75|0x00000000e4b00000, 0x00000000e4bfc080, 0x00000000e4c00000| 98%| O|  |TAMS 0x00000000e4b00000| PB 0x00000000e4b00000| Untracked 
|  76|0x00000000e4c00000, 0x00000000e4c00000, 0x00000000e4d00000|  0%| F|  |TAMS 0x00000000e4c00000| PB 0x00000000e4c00000| Untracked 
|  77|0x00000000e4d00000, 0x00000000e4d00000, 0x00000000e4e00000|  0%| F|  |TAMS 0x00000000e4d00000| PB 0x00000000e4d00000| Untracked 
|  78|0x00000000e4e00000, 0x00000000e4e00000, 0x00000000e4f00000|  0%| F|  |TAMS 0x00000000e4e00000| PB 0x00000000e4e00000| Untracked 
|  79|0x00000000e4f00000, 0x00000000e4f00000, 0x00000000e5000000|  0%| F|  |TAMS 0x00000000e4f00000| PB 0x00000000e4f00000| Untracked 
|  80|0x00000000e5000000, 0x00000000e5000000, 0x00000000e5100000|  0%| F|  |TAMS 0x00000000e5000000| PB 0x00000000e5000000| Untracked 
|  81|0x00000000e5100000, 0x00000000e5100000, 0x00000000e5200000|  0%| F|  |TAMS 0x00000000e5100000| PB 0x00000000e5100000| Untracked 
|  82|0x00000000e5200000, 0x00000000e5200000, 0x00000000e5300000|  0%| F|  |TAMS 0x00000000e5200000| PB 0x00000000e5200000| Untracked 
|  83|0x00000000e5300000, 0x00000000e5300000, 0x00000000e5400000|  0%| F|  |TAMS 0x00000000e5300000| PB 0x00000000e5300000| Untracked 
|  84|0x00000000e5400000, 0x00000000e5400000, 0x00000000e5500000|  0%| F|  |TAMS 0x00000000e5400000| PB 0x00000000e5400000| Untracked 
|  85|0x00000000e5500000, 0x00000000e5500000, 0x00000000e5600000|  0%| F|  |TAMS 0x00000000e5500000| PB 0x00000000e5500000| Untracked 
|  86|0x00000000e5600000, 0x00000000e5700000, 0x00000000e5700000|100%| S|CS|TAMS 0x00000000e5600000| PB 0x00000000e5600000| Complete 
|  87|0x00000000e5700000, 0x00000000e5800000, 0x00000000e5800000|100%| S|CS|TAMS 0x00000000e5700000| PB 0x00000000e5700000| Complete 
|  88|0x00000000e5800000, 0x00000000e5900000, 0x00000000e5900000|100%| S|CS|TAMS 0x00000000e5800000| PB 0x00000000e5800000| Complete 
|  89|0x00000000e5900000, 0x00000000e5a00000, 0x00000000e5a00000|100%| S|CS|TAMS 0x00000000e5900000| PB 0x00000000e5900000| Complete 
|  90|0x00000000e5a00000, 0x00000000e5b00000, 0x00000000e5b00000|100%| S|CS|TAMS 0x00000000e5a00000| PB 0x00000000e5a00000| Complete 
|  91|0x00000000e5b00000, 0x00000000e5c00000, 0x00000000e5c00000|100%| S|CS|TAMS 0x00000000e5b00000| PB 0x00000000e5b00000| Complete 
|  92|0x00000000e5c00000, 0x00000000e5d00000, 0x00000000e5d00000|100%| S|CS|TAMS 0x00000000e5c00000| PB 0x00000000e5c00000| Complete 
|  93|0x00000000e5d00000, 0x00000000e5e00000, 0x00000000e5e00000|100%| S|CS|TAMS 0x00000000e5d00000| PB 0x00000000e5d00000| Complete 
|  94|0x00000000e5e00000, 0x00000000e5f00000, 0x00000000e5f00000|100%| S|CS|TAMS 0x00000000e5e00000| PB 0x00000000e5e00000| Complete 
|  95|0x00000000e5f00000, 0x00000000e6000000, 0x00000000e6000000|100%| S|CS|TAMS 0x00000000e5f00000| PB 0x00000000e5f00000| Complete 
|  96|0x00000000e6000000, 0x00000000e6100000, 0x00000000e6100000|100%| S|CS|TAMS 0x00000000e6000000| PB 0x00000000e6000000| Complete 
|  97|0x00000000e6100000, 0x00000000e6200000, 0x00000000e6200000|100%| S|CS|TAMS 0x00000000e6100000| PB 0x00000000e6100000| Complete 
|  98|0x00000000e6200000, 0x00000000e6300000, 0x00000000e6300000|100%| S|CS|TAMS 0x00000000e6200000| PB 0x00000000e6200000| Complete 
|  99|0x00000000e6300000, 0x00000000e6400000, 0x00000000e6400000|100%| S|CS|TAMS 0x00000000e6300000| PB 0x00000000e6300000| Complete 
| 100|0x00000000e6400000, 0x00000000e6500000, 0x00000000e6500000|100%| S|CS|TAMS 0x00000000e6400000| PB 0x00000000e6400000| Complete 
| 101|0x00000000e6500000, 0x00000000e6600000, 0x00000000e6600000|100%| S|CS|TAMS 0x00000000e6500000| PB 0x00000000e6500000| Complete 
| 102|0x00000000e6600000, 0x00000000e6700000, 0x00000000e6700000|100%| S|CS|TAMS 0x00000000e6600000| PB 0x00000000e6600000| Complete 
| 103|0x00000000e6700000, 0x00000000e6800000, 0x00000000e6800000|100%| S|CS|TAMS 0x00000000e6700000| PB 0x00000000e6700000| Complete 
| 104|0x00000000e6800000, 0x00000000e6900000, 0x00000000e6900000|100%| S|CS|TAMS 0x00000000e6800000| PB 0x00000000e6800000| Complete 
| 105|0x00000000e6900000, 0x00000000e6900000, 0x00000000e6a00000|  0%| F|  |TAMS 0x00000000e6900000| PB 0x00000000e6900000| Untracked 
| 106|0x00000000e6a00000, 0x00000000e6a00000, 0x00000000e6b00000|  0%| F|  |TAMS 0x00000000e6a00000| PB 0x00000000e6a00000| Untracked 
| 107|0x00000000e6b00000, 0x00000000e6b00000, 0x00000000e6c00000|  0%| F|  |TAMS 0x00000000e6b00000| PB 0x00000000e6b00000| Untracked 
| 108|0x00000000e6c00000, 0x00000000e6c00000, 0x00000000e6d00000|  0%| F|  |TAMS 0x00000000e6c00000| PB 0x00000000e6c00000| Untracked 
| 109|0x00000000e6d00000, 0x00000000e6d00000, 0x00000000e6e00000|  0%| F|  |TAMS 0x00000000e6d00000| PB 0x00000000e6d00000| Untracked 
| 110|0x00000000e6e00000, 0x00000000e6e00000, 0x00000000e6f00000|  0%| F|  |TAMS 0x00000000e6e00000| PB 0x00000000e6e00000| Untracked 
| 111|0x00000000e6f00000, 0x00000000e6f00000, 0x00000000e7000000|  0%| F|  |TAMS 0x00000000e6f00000| PB 0x00000000e6f00000| Untracked 
| 112|0x00000000e7000000, 0x00000000e7000000, 0x00000000e7100000|  0%| F|  |TAMS 0x00000000e7000000| PB 0x00000000e7000000| Untracked 
| 113|0x00000000e7100000, 0x00000000e7100000, 0x00000000e7200000|  0%| F|  |TAMS 0x00000000e7100000| PB 0x00000000e7100000| Untracked 
| 114|0x00000000e7200000, 0x00000000e7200000, 0x00000000e7300000|  0%| F|  |TAMS 0x00000000e7200000| PB 0x00000000e7200000| Untracked 
| 115|0x00000000e7300000, 0x00000000e7300000, 0x00000000e7400000|  0%| F|  |TAMS 0x00000000e7300000| PB 0x00000000e7300000| Untracked 
| 116|0x00000000e7400000, 0x00000000e7400000, 0x00000000e7500000|  0%| F|  |TAMS 0x00000000e7400000| PB 0x00000000e7400000| Untracked 
| 117|0x00000000e7500000, 0x00000000e7500000, 0x00000000e7600000|  0%| F|  |TAMS 0x00000000e7500000| PB 0x00000000e7500000| Untracked 
| 118|0x00000000e7600000, 0x00000000e7600000, 0x00000000e7700000|  0%| F|  |TAMS 0x00000000e7600000| PB 0x00000000e7600000| Untracked 
| 119|0x00000000e7700000, 0x00000000e7700000, 0x00000000e7800000|  0%| F|  |TAMS 0x00000000e7700000| PB 0x00000000e7700000| Untracked 
| 120|0x00000000e7800000, 0x00000000e7800000, 0x00000000e7900000|  0%| F|  |TAMS 0x00000000e7800000| PB 0x00000000e7800000| Untracked 
| 121|0x00000000e7900000, 0x00000000e7900000, 0x00000000e7a00000|  0%| F|  |TAMS 0x00000000e7900000| PB 0x00000000e7900000| Untracked 
| 122|0x00000000e7a00000, 0x00000000e7a00000, 0x00000000e7b00000|  0%| F|  |TAMS 0x00000000e7a00000| PB 0x00000000e7a00000| Untracked 
| 123|0x00000000e7b00000, 0x00000000e7b00000, 0x00000000e7c00000|  0%| F|  |TAMS 0x00000000e7b00000| PB 0x00000000e7b00000| Untracked 
| 124|0x00000000e7c00000, 0x00000000e7c00000, 0x00000000e7d00000|  0%| F|  |TAMS 0x00000000e7c00000| PB 0x00000000e7c00000| Untracked 
| 125|0x00000000e7d00000, 0x00000000e7d00000, 0x00000000e7e00000|  0%| F|  |TAMS 0x00000000e7d00000| PB 0x00000000e7d00000| Untracked 
| 126|0x00000000e7e00000, 0x00000000e7e00000, 0x00000000e7f00000|  0%| F|  |TAMS 0x00000000e7e00000| PB 0x00000000e7e00000| Untracked 
| 127|0x00000000e7f00000, 0x00000000e7f00000, 0x00000000e8000000|  0%| F|  |TAMS 0x00000000e7f00000| PB 0x00000000e7f00000| Untracked 
| 128|0x00000000e8000000, 0x00000000e8000000, 0x00000000e8100000|  0%| F|  |TAMS 0x00000000e8000000| PB 0x00000000e8000000| Untracked 
| 129|0x00000000e8100000, 0x00000000e8100000, 0x00000000e8200000|  0%| F|  |TAMS 0x00000000e8100000| PB 0x00000000e8100000| Untracked 
| 130|0x00000000e8200000, 0x00000000e8200000, 0x00000000e8300000|  0%| F|  |TAMS 0x00000000e8200000| PB 0x00000000e8200000| Untracked 
| 131|0x00000000e8300000, 0x00000000e8300000, 0x00000000e8400000|  0%| F|  |TAMS 0x00000000e8300000| PB 0x00000000e8300000| Untracked 
| 132|0x00000000e8400000, 0x00000000e8400000, 0x00000000e8500000|  0%| F|  |TAMS 0x00000000e8400000| PB 0x00000000e8400000| Untracked 
| 133|0x00000000e8500000, 0x00000000e8500000, 0x00000000e8600000|  0%| F|  |TAMS 0x00000000e8500000| PB 0x00000000e8500000| Untracked 
| 134|0x00000000e8600000, 0x00000000e8600000, 0x00000000e8700000|  0%| F|  |TAMS 0x00000000e8600000| PB 0x00000000e8600000| Untracked 
| 135|0x00000000e8700000, 0x00000000e8700000, 0x00000000e8800000|  0%| F|  |TAMS 0x00000000e8700000| PB 0x00000000e8700000| Untracked 
| 136|0x00000000e8800000, 0x00000000e8800000, 0x00000000e8900000|  0%| F|  |TAMS 0x00000000e8800000| PB 0x00000000e8800000| Untracked 
| 137|0x00000000e8900000, 0x00000000e8900000, 0x00000000e8a00000|  0%| F|  |TAMS 0x00000000e8900000| PB 0x00000000e8900000| Untracked 
| 138|0x00000000e8a00000, 0x00000000e8a00000, 0x00000000e8b00000|  0%| F|  |TAMS 0x00000000e8a00000| PB 0x00000000e8a00000| Untracked 
| 139|0x00000000e8b00000, 0x00000000e8b00000, 0x00000000e8c00000|  0%| F|  |TAMS 0x00000000e8b00000| PB 0x00000000e8b00000| Untracked 
| 140|0x00000000e8c00000, 0x00000000e8c00000, 0x00000000e8d00000|  0%| F|  |TAMS 0x00000000e8c00000| PB 0x00000000e8c00000| Untracked 
| 141|0x00000000e8d00000, 0x00000000e8d00000, 0x00000000e8e00000|  0%| F|  |TAMS 0x00000000e8d00000| PB 0x00000000e8d00000| Untracked 
| 142|0x00000000e8e00000, 0x00000000e8e00000, 0x00000000e8f00000|  0%| F|  |TAMS 0x00000000e8e00000| PB 0x00000000e8e00000| Untracked 
| 143|0x00000000e8f00000, 0x00000000e8f00000, 0x00000000e9000000|  0%| F|  |TAMS 0x00000000e8f00000| PB 0x00000000e8f00000| Untracked 
| 144|0x00000000e9000000, 0x00000000e9000000, 0x00000000e9100000|  0%| F|  |TAMS 0x00000000e9000000| PB 0x00000000e9000000| Untracked 
| 145|0x00000000e9100000, 0x00000000e9100000, 0x00000000e9200000|  0%| F|  |TAMS 0x00000000e9100000| PB 0x00000000e9100000| Untracked 
| 146|0x00000000e9200000, 0x00000000e9200000, 0x00000000e9300000|  0%| F|  |TAMS 0x00000000e9200000| PB 0x00000000e9200000| Untracked 
| 147|0x00000000e9300000, 0x00000000e9300000, 0x00000000e9400000|  0%| F|  |TAMS 0x00000000e9300000| PB 0x00000000e9300000| Untracked 
| 148|0x00000000e9400000, 0x00000000e9400000, 0x00000000e9500000|  0%| F|  |TAMS 0x00000000e9400000| PB 0x00000000e9400000| Untracked 
| 149|0x00000000e9500000, 0x00000000e9500000, 0x00000000e9600000|  0%| F|  |TAMS 0x00000000e9500000| PB 0x00000000e9500000| Untracked 
| 150|0x00000000e9600000, 0x00000000e9600000, 0x00000000e9700000|  0%| F|  |TAMS 0x00000000e9600000| PB 0x00000000e9600000| Untracked 
| 151|0x00000000e9700000, 0x00000000e9700000, 0x00000000e9800000|  0%| F|  |TAMS 0x00000000e9700000| PB 0x00000000e9700000| Untracked 
| 152|0x00000000e9800000, 0x00000000e9800000, 0x00000000e9900000|  0%| F|  |TAMS 0x00000000e9800000| PB 0x00000000e9800000| Untracked 
| 153|0x00000000e9900000, 0x00000000e9900000, 0x00000000e9a00000|  0%| F|  |TAMS 0x00000000e9900000| PB 0x00000000e9900000| Untracked 
| 154|0x00000000e9a00000, 0x00000000e9a00000, 0x00000000e9b00000|  0%| F|  |TAMS 0x00000000e9a00000| PB 0x00000000e9a00000| Untracked 
| 155|0x00000000e9b00000, 0x00000000e9b00000, 0x00000000e9c00000|  0%| F|  |TAMS 0x00000000e9b00000| PB 0x00000000e9b00000| Untracked 
| 156|0x00000000e9c00000, 0x00000000e9c00000, 0x00000000e9d00000|  0%| F|  |TAMS 0x00000000e9c00000| PB 0x00000000e9c00000| Untracked 
| 157|0x00000000e9d00000, 0x00000000e9d00000, 0x00000000e9e00000|  0%| F|  |TAMS 0x00000000e9d00000| PB 0x00000000e9d00000| Untracked 
| 158|0x00000000e9e00000, 0x00000000e9e00000, 0x00000000e9f00000|  0%| F|  |TAMS 0x00000000e9e00000| PB 0x00000000e9e00000| Untracked 
| 159|0x00000000e9f00000, 0x00000000e9f00000, 0x00000000ea000000|  0%| F|  |TAMS 0x00000000e9f00000| PB 0x00000000e9f00000| Untracked 
| 160|0x00000000ea000000, 0x00000000ea000000, 0x00000000ea100000|  0%| F|  |TAMS 0x00000000ea000000| PB 0x00000000ea000000| Untracked 
| 161|0x00000000ea100000, 0x00000000ea100000, 0x00000000ea200000|  0%| F|  |TAMS 0x00000000ea100000| PB 0x00000000ea100000| Untracked 
| 162|0x00000000ea200000, 0x00000000ea300000, 0x00000000ea300000|100%| E|  |TAMS 0x00000000ea200000| PB 0x00000000ea200000| Complete 
| 163|0x00000000ea300000, 0x00000000ea400000, 0x00000000ea400000|100%| E|CS|TAMS 0x00000000ea300000| PB 0x00000000ea300000| Complete 
| 164|0x00000000ea400000, 0x00000000ea500000, 0x00000000ea500000|100%| E|CS|TAMS 0x00000000ea400000| PB 0x00000000ea400000| Complete 
| 165|0x00000000ea500000, 0x00000000ea600000, 0x00000000ea600000|100%| E|CS|TAMS 0x00000000ea500000| PB 0x00000000ea500000| Complete 
| 166|0x00000000ea600000, 0x00000000ea700000, 0x00000000ea700000|100%| E|CS|TAMS 0x00000000ea600000| PB 0x00000000ea600000| Complete 
| 167|0x00000000ea700000, 0x00000000ea800000, 0x00000000ea800000|100%| E|CS|TAMS 0x00000000ea700000| PB 0x00000000ea700000| Complete 
| 168|0x00000000ea800000, 0x00000000ea900000, 0x00000000ea900000|100%| E|CS|TAMS 0x00000000ea800000| PB 0x00000000ea800000| Complete 
| 169|0x00000000ea900000, 0x00000000eaa00000, 0x00000000eaa00000|100%| E|CS|TAMS 0x00000000ea900000| PB 0x00000000ea900000| Complete 
| 170|0x00000000eaa00000, 0x00000000eab00000, 0x00000000eab00000|100%| E|CS|TAMS 0x00000000eaa00000| PB 0x00000000eaa00000| Complete 
| 171|0x00000000eab00000, 0x00000000eac00000, 0x00000000eac00000|100%| E|CS|TAMS 0x00000000eab00000| PB 0x00000000eab00000| Complete 
| 172|0x00000000eac00000, 0x00000000ead00000, 0x00000000ead00000|100%| E|CS|TAMS 0x00000000eac00000| PB 0x00000000eac00000| Complete 
| 173|0x00000000ead00000, 0x00000000eae00000, 0x00000000eae00000|100%| E|CS|TAMS 0x00000000ead00000| PB 0x00000000ead00000| Complete 
| 174|0x00000000eae00000, 0x00000000eaf00000, 0x00000000eaf00000|100%| E|CS|TAMS 0x00000000eae00000| PB 0x00000000eae00000| Complete 
| 175|0x00000000eaf00000, 0x00000000eb000000, 0x00000000eb000000|100%| E|CS|TAMS 0x00000000eaf00000| PB 0x00000000eaf00000| Complete 
| 176|0x00000000eb000000, 0x00000000eb100000, 0x00000000eb100000|100%| E|CS|TAMS 0x00000000eb000000| PB 0x00000000eb000000| Complete 
| 177|0x00000000eb100000, 0x00000000eb200000, 0x00000000eb200000|100%| E|CS|TAMS 0x00000000eb100000| PB 0x00000000eb100000| Complete 
| 178|0x00000000eb200000, 0x00000000eb300000, 0x00000000eb300000|100%| E|CS|TAMS 0x00000000eb200000| PB 0x00000000eb200000| Complete 
| 179|0x00000000eb300000, 0x00000000eb400000, 0x00000000eb400000|100%| E|CS|TAMS 0x00000000eb300000| PB 0x00000000eb300000| Complete 
| 180|0x00000000eb400000, 0x00000000eb500000, 0x00000000eb500000|100%| E|CS|TAMS 0x00000000eb400000| PB 0x00000000eb400000| Complete 
| 181|0x00000000eb500000, 0x00000000eb600000, 0x00000000eb600000|100%| E|CS|TAMS 0x00000000eb500000| PB 0x00000000eb500000| Complete 
| 182|0x00000000eb600000, 0x00000000eb700000, 0x00000000eb700000|100%| E|CS|TAMS 0x00000000eb600000| PB 0x00000000eb600000| Complete 
| 183|0x00000000eb700000, 0x00000000eb800000, 0x00000000eb800000|100%| E|CS|TAMS 0x00000000eb700000| PB 0x00000000eb700000| Complete 
| 184|0x00000000eb800000, 0x00000000eb900000, 0x00000000eb900000|100%| E|CS|TAMS 0x00000000eb800000| PB 0x00000000eb800000| Complete 
| 185|0x00000000eb900000, 0x00000000eba00000, 0x00000000eba00000|100%| E|CS|TAMS 0x00000000eb900000| PB 0x00000000eb900000| Complete 
| 186|0x00000000eba00000, 0x00000000ebb00000, 0x00000000ebb00000|100%| E|CS|TAMS 0x00000000eba00000| PB 0x00000000eba00000| Complete 
| 187|0x00000000ebb00000, 0x00000000ebc00000, 0x00000000ebc00000|100%| E|CS|TAMS 0x00000000ebb00000| PB 0x00000000ebb00000| Complete 
| 188|0x00000000ebc00000, 0x00000000ebd00000, 0x00000000ebd00000|100%| E|CS|TAMS 0x00000000ebc00000| PB 0x00000000ebc00000| Complete 
| 189|0x00000000ebd00000, 0x00000000ebe00000, 0x00000000ebe00000|100%| E|CS|TAMS 0x00000000ebd00000| PB 0x00000000ebd00000| Complete 
| 190|0x00000000ebe00000, 0x00000000ebf00000, 0x00000000ebf00000|100%| E|CS|TAMS 0x00000000ebe00000| PB 0x00000000ebe00000| Complete 
| 191|0x00000000ebf00000, 0x00000000ec000000, 0x00000000ec000000|100%| E|CS|TAMS 0x00000000ebf00000| PB 0x00000000ebf00000| Complete 
| 192|0x00000000ec000000, 0x00000000ec100000, 0x00000000ec100000|100%| E|CS|TAMS 0x00000000ec000000| PB 0x00000000ec000000| Complete 
| 193|0x00000000ec100000, 0x00000000ec200000, 0x00000000ec200000|100%| E|CS|TAMS 0x00000000ec100000| PB 0x00000000ec100000| Complete 
| 194|0x00000000ec200000, 0x00000000ec300000, 0x00000000ec300000|100%| E|CS|TAMS 0x00000000ec200000| PB 0x00000000ec200000| Complete 
| 195|0x00000000ec300000, 0x00000000ec400000, 0x00000000ec400000|100%| E|CS|TAMS 0x00000000ec300000| PB 0x00000000ec300000| Complete 
| 196|0x00000000ec400000, 0x00000000ec500000, 0x00000000ec500000|100%| E|CS|TAMS 0x00000000ec400000| PB 0x00000000ec400000| Complete 
| 197|0x00000000ec500000, 0x00000000ec600000, 0x00000000ec600000|100%| E|CS|TAMS 0x00000000ec500000| PB 0x00000000ec500000| Complete 
| 198|0x00000000ec600000, 0x00000000ec700000, 0x00000000ec700000|100%| E|CS|TAMS 0x00000000ec600000| PB 0x00000000ec600000| Complete 
| 199|0x00000000ec700000, 0x00000000ec800000, 0x00000000ec800000|100%| E|CS|TAMS 0x00000000ec700000| PB 0x00000000ec700000| Complete 
| 200|0x00000000ec800000, 0x00000000ec900000, 0x00000000ec900000|100%| E|CS|TAMS 0x00000000ec800000| PB 0x00000000ec800000| Complete 
| 201|0x00000000ec900000, 0x00000000eca00000, 0x00000000eca00000|100%| E|CS|TAMS 0x00000000ec900000| PB 0x00000000ec900000| Complete 
| 202|0x00000000eca00000, 0x00000000ecb00000, 0x00000000ecb00000|100%| E|CS|TAMS 0x00000000eca00000| PB 0x00000000eca00000| Complete 
| 203|0x00000000ecb00000, 0x00000000ecc00000, 0x00000000ecc00000|100%| E|CS|TAMS 0x00000000ecb00000| PB 0x00000000ecb00000| Complete 
| 204|0x00000000ecc00000, 0x00000000ecd00000, 0x00000000ecd00000|100%| E|CS|TAMS 0x00000000ecc00000| PB 0x00000000ecc00000| Complete 
| 205|0x00000000ecd00000, 0x00000000ece00000, 0x00000000ece00000|100%| E|CS|TAMS 0x00000000ecd00000| PB 0x00000000ecd00000| Complete 
| 206|0x00000000ece00000, 0x00000000ecf00000, 0x00000000ecf00000|100%| E|CS|TAMS 0x00000000ece00000| PB 0x00000000ece00000| Complete 
| 207|0x00000000ecf00000, 0x00000000ed000000, 0x00000000ed000000|100%| E|CS|TAMS 0x00000000ecf00000| PB 0x00000000ecf00000| Complete 
| 208|0x00000000ed000000, 0x00000000ed100000, 0x00000000ed100000|100%| E|CS|TAMS 0x00000000ed000000| PB 0x00000000ed000000| Complete 
| 209|0x00000000ed100000, 0x00000000ed200000, 0x00000000ed200000|100%| E|CS|TAMS 0x00000000ed100000| PB 0x00000000ed100000| Complete 
| 210|0x00000000ed200000, 0x00000000ed300000, 0x00000000ed300000|100%| E|CS|TAMS 0x00000000ed200000| PB 0x00000000ed200000| Complete 
| 211|0x00000000ed300000, 0x00000000ed400000, 0x00000000ed400000|100%| E|CS|TAMS 0x00000000ed300000| PB 0x00000000ed300000| Complete 
| 212|0x00000000ed400000, 0x00000000ed500000, 0x00000000ed500000|100%| E|CS|TAMS 0x00000000ed400000| PB 0x00000000ed400000| Complete 
| 213|0x00000000ed500000, 0x00000000ed600000, 0x00000000ed600000|100%| E|CS|TAMS 0x00000000ed500000| PB 0x00000000ed500000| Complete 
| 214|0x00000000ed600000, 0x00000000ed700000, 0x00000000ed700000|100%| E|CS|TAMS 0x00000000ed600000| PB 0x00000000ed600000| Complete 
| 215|0x00000000ed700000, 0x00000000ed800000, 0x00000000ed800000|100%| E|CS|TAMS 0x00000000ed700000| PB 0x00000000ed700000| Complete 
| 216|0x00000000ed800000, 0x00000000ed900000, 0x00000000ed900000|100%| E|CS|TAMS 0x00000000ed800000| PB 0x00000000ed800000| Complete 
| 217|0x00000000ed900000, 0x00000000eda00000, 0x00000000eda00000|100%| E|CS|TAMS 0x00000000ed900000| PB 0x00000000ed900000| Complete 
| 218|0x00000000eda00000, 0x00000000edb00000, 0x00000000edb00000|100%| E|CS|TAMS 0x00000000eda00000| PB 0x00000000eda00000| Complete 
| 219|0x00000000edb00000, 0x00000000edc00000, 0x00000000edc00000|100%| E|CS|TAMS 0x00000000edb00000| PB 0x00000000edb00000| Complete 
| 220|0x00000000edc00000, 0x00000000edd00000, 0x00000000edd00000|100%| E|CS|TAMS 0x00000000edc00000| PB 0x00000000edc00000| Complete 
| 221|0x00000000edd00000, 0x00000000ede00000, 0x00000000ede00000|100%| E|CS|TAMS 0x00000000edd00000| PB 0x00000000edd00000| Complete 
| 222|0x00000000ede00000, 0x00000000edf00000, 0x00000000edf00000|100%| E|CS|TAMS 0x00000000ede00000| PB 0x00000000ede00000| Complete 
| 223|0x00000000edf00000, 0x00000000ee000000, 0x00000000ee000000|100%| E|CS|TAMS 0x00000000edf00000| PB 0x00000000edf00000| Complete 
| 224|0x00000000ee000000, 0x00000000ee100000, 0x00000000ee100000|100%| E|CS|TAMS 0x00000000ee000000| PB 0x00000000ee000000| Complete 
| 225|0x00000000ee100000, 0x00000000ee200000, 0x00000000ee200000|100%| E|CS|TAMS 0x00000000ee100000| PB 0x00000000ee100000| Complete 
| 226|0x00000000ee200000, 0x00000000ee300000, 0x00000000ee300000|100%| E|CS|TAMS 0x00000000ee200000| PB 0x00000000ee200000| Complete 
| 227|0x00000000ee300000, 0x00000000ee400000, 0x00000000ee400000|100%| E|CS|TAMS 0x00000000ee300000| PB 0x00000000ee300000| Complete 
| 228|0x00000000ee400000, 0x00000000ee500000, 0x00000000ee500000|100%| E|CS|TAMS 0x00000000ee400000| PB 0x00000000ee400000| Complete 
| 229|0x00000000ee500000, 0x00000000ee600000, 0x00000000ee600000|100%| E|CS|TAMS 0x00000000ee500000| PB 0x00000000ee500000| Complete 
| 230|0x00000000ee600000, 0x00000000ee700000, 0x00000000ee700000|100%| E|CS|TAMS 0x00000000ee600000| PB 0x00000000ee600000| Complete 
| 231|0x00000000ee700000, 0x00000000ee800000, 0x00000000ee800000|100%| E|CS|TAMS 0x00000000ee700000| PB 0x00000000ee700000| Complete 
| 232|0x00000000ee800000, 0x00000000ee900000, 0x00000000ee900000|100%| E|CS|TAMS 0x00000000ee800000| PB 0x00000000ee800000| Complete 
| 233|0x00000000ee900000, 0x00000000eea00000, 0x00000000eea00000|100%| E|CS|TAMS 0x00000000ee900000| PB 0x00000000ee900000| Complete 
| 234|0x00000000eea00000, 0x00000000eeb00000, 0x00000000eeb00000|100%| E|CS|TAMS 0x00000000eea00000| PB 0x00000000eea00000| Complete 
| 235|0x00000000eeb00000, 0x00000000eec00000, 0x00000000eec00000|100%| E|CS|TAMS 0x00000000eeb00000| PB 0x00000000eeb00000| Complete 
| 236|0x00000000eec00000, 0x00000000eed00000, 0x00000000eed00000|100%| E|CS|TAMS 0x00000000eec00000| PB 0x00000000eec00000| Complete 
| 237|0x00000000eed00000, 0x00000000eee00000, 0x00000000eee00000|100%| E|CS|TAMS 0x00000000eed00000| PB 0x00000000eed00000| Complete 
| 238|0x00000000eee00000, 0x00000000eef00000, 0x00000000eef00000|100%| E|CS|TAMS 0x00000000eee00000| PB 0x00000000eee00000| Complete 
| 239|0x00000000eef00000, 0x00000000ef000000, 0x00000000ef000000|100%| E|CS|TAMS 0x00000000eef00000| PB 0x00000000eef00000| Complete 
| 240|0x00000000ef000000, 0x00000000ef100000, 0x00000000ef100000|100%| E|CS|TAMS 0x00000000ef000000| PB 0x00000000ef000000| Complete 
| 241|0x00000000ef100000, 0x00000000ef200000, 0x00000000ef200000|100%| E|CS|TAMS 0x00000000ef100000| PB 0x00000000ef100000| Complete 
| 242|0x00000000ef200000, 0x00000000ef300000, 0x00000000ef300000|100%| E|CS|TAMS 0x00000000ef200000| PB 0x00000000ef200000| Complete 
| 243|0x00000000ef300000, 0x00000000ef400000, 0x00000000ef400000|100%| E|CS|TAMS 0x00000000ef300000| PB 0x00000000ef300000| Complete 
| 244|0x00000000ef400000, 0x00000000ef500000, 0x00000000ef500000|100%| E|CS|TAMS 0x00000000ef400000| PB 0x00000000ef400000| Complete 
| 245|0x00000000ef500000, 0x00000000ef600000, 0x00000000ef600000|100%| E|CS|TAMS 0x00000000ef500000| PB 0x00000000ef500000| Complete 
| 246|0x00000000ef600000, 0x00000000ef700000, 0x00000000ef700000|100%| E|CS|TAMS 0x00000000ef600000| PB 0x00000000ef600000| Complete 
| 247|0x00000000ef700000, 0x00000000ef800000, 0x00000000ef800000|100%| E|CS|TAMS 0x00000000ef700000| PB 0x00000000ef700000| Complete 
| 248|0x00000000ef800000, 0x00000000ef900000, 0x00000000ef900000|100%| E|CS|TAMS 0x00000000ef800000| PB 0x00000000ef800000| Complete 
| 249|0x00000000ef900000, 0x00000000efa00000, 0x00000000efa00000|100%| E|CS|TAMS 0x00000000ef900000| PB 0x00000000ef900000| Complete 
| 250|0x00000000efa00000, 0x00000000efb00000, 0x00000000efb00000|100%| E|CS|TAMS 0x00000000efa00000| PB 0x00000000efa00000| Complete 
| 251|0x00000000efb00000, 0x00000000efc00000, 0x00000000efc00000|100%| E|CS|TAMS 0x00000000efb00000| PB 0x00000000efb00000| Complete 
| 252|0x00000000efc00000, 0x00000000efd00000, 0x00000000efd00000|100%| E|CS|TAMS 0x00000000efc00000| PB 0x00000000efc00000| Complete 
| 253|0x00000000efd00000, 0x00000000efe00000, 0x00000000efe00000|100%| E|CS|TAMS 0x00000000efd00000| PB 0x00000000efd00000| Complete 
| 254|0x00000000efe00000, 0x00000000eff00000, 0x00000000eff00000|100%| E|CS|TAMS 0x00000000efe00000| PB 0x00000000efe00000| Complete 
| 255|0x00000000eff00000, 0x00000000f0000000, 0x00000000f0000000|100%| E|CS|TAMS 0x00000000eff00000| PB 0x00000000eff00000| Complete 

Card table byte_map: [0x000001866b8f0000,0x000001866b9f0000] _byte_map_base: 0x000001866b1f0000

Marking Bits: (CMBitMap*) 0x0000018653e0f950
 Bits: [0x000001866b9f0000, 0x000001866c1f0000)

Polling page: 0x0000018651bb0000

Metaspace:

Usage:
  Non-class:     40.22 MB used.
      Class:      6.77 MB used.
       Both:     46.99 MB used.

Virtual space:
  Non-class space:       64.00 MB reserved,      41.00 MB ( 64%) committed,  1 nodes.
      Class space:      320.00 MB reserved,       7.50 MB (  2%) committed,  1 nodes.
             Both:      384.00 MB reserved,      48.50 MB ( 13%) committed. 

Chunk freelists:
   Non-Class:  6.77 MB
       Class:  8.38 MB
        Both:  15.14 MB

MaxMetaspaceSize: 384.00 MB
CompressedClassSpaceSize: 320.00 MB
Initial GC threshold: 21.00 MB
Current GC threshold: 60.00 MB
CDS: on
 - commit_granule_bytes: 65536.
 - commit_granule_words: 8192.
 - virtual_space_node_default_size: 8388608.
 - enlarge_chunks_in_place: 1.
 - use_allocation_guard: 0.


Internal statistics:

num_allocs_failed_limit: 12.
num_arena_births: 2786.
num_arena_deaths: 0.
num_vsnodes_births: 2.
num_vsnodes_deaths: 0.
num_space_committed: 776.
num_space_uncommitted: 0.
num_chunks_returned_to_freelist: 12.
num_chunks_taken_from_freelist: 5065.
num_chunk_merges: 9.
num_chunk_splits: 3230.
num_chunks_enlarged: 1936.
num_inconsistent_stats: 0.

CodeHeap 'non-profiled nmethods': size=120000Kb used=4072Kb max_used=4072Kb free=115927Kb
 bounds [0x0000018663f90000, 0x0000018664390000, 0x000001866b4c0000]
CodeHeap 'profiled nmethods': size=120000Kb used=12623Kb max_used=12623Kb free=107376Kb
 bounds [0x000001865c4c0000, 0x000001865d120000, 0x00000186639f0000]
CodeHeap 'non-nmethods': size=5760Kb used=2968Kb max_used=3067Kb free=2791Kb
 bounds [0x00000186639f0000, 0x0000018663d00000, 0x0000018663f90000]
CodeCache: size=245760Kb, used=19663Kb, max_used=19762Kb, free=226094Kb
 total_blobs=7172, nmethods=6316, adapters=760, full_count=0
Compilation: enabled, stopped_count=0, restarted_count=0

Compilation events (20 events):
Event: 33.802 Thread 0x000001866ec5d490 nmethod 6792 0x000001865d0f7190 code [0x000001865d0f7360, 0x000001865d0f75f0]
Event: 33.803 Thread 0x000001866ec5d490 6793       3       org.objectweb.asm.MethodWriter::visitIntInsn (113 bytes)
Event: 33.803 Thread 0x000001866f6c4980 6787       4       org.gradle.internal.classpath.transforms.InstrumentingClassTransform$InstrumentingVisitor::visitMethod (70 bytes)
Event: 33.804 Thread 0x000001866ec5d490 nmethod 6793 0x000001865d0f7690 code [0x000001865d0f7880, 0x000001865d0f7cc0]
Event: 33.809 Thread 0x000001866ec5d490 6794       3       org.gradle.internal.classpath.transforms.LambdaSerializationTransformer$LambdaFactoryCallRewriter::visitInvokeDynamicInsn (127 bytes)
Event: 33.812 Thread 0x000001866ec5d490 nmethod 6794 0x000001865d0f7e10 code [0x000001865d0f8140, 0x000001865d0f92a0]
Event: 33.832 Thread 0x000001866f6c4980 nmethod 6787 0x000001866437fe10 code [0x0000018664380000, 0x0000018664380aa8]
Event: 33.837 Thread 0x000001866f6c4980 6795       4       org.objectweb.asm.Type::getArgumentsAndReturnSizes (140 bytes)
Event: 33.857 Thread 0x000001866f6c4980 nmethod 6795 0x0000018664380e10 code [0x0000018664381020, 0x00000186643818d8]
Event: 33.857 Thread 0x000001866f6c4980 6796       4       org.objectweb.asm.MethodWriter::visitMethodInsn (191 bytes)
Event: 33.859 Thread 0x000001866ec5d490 6797       3       org.objectweb.asm.tree.MethodNode::visitVarInsn (17 bytes)
Event: 33.859 Thread 0x000001866ec5d490 nmethod 6797 0x000001865d0f9990 code [0x000001865d0f9b60, 0x000001865d0f9e50]
Event: 33.859 Thread 0x000001866ec5d490 6798       3       org.objectweb.asm.tree.VarInsnNode::<init> (11 bytes)
Event: 33.859 Thread 0x000001866ec5d490 nmethod 6798 0x000001865d0fa010 code [0x000001865d0fa1c0, 0x000001865d0fa398]
Event: 33.862 Thread 0x000001866ec5d490 6799       3       org.objectweb.asm.tree.MethodNode::visitMethodInsn (59 bytes)
Event: 33.863 Thread 0x000001866ec5d490 nmethod 6799 0x000001865d0fa490 code [0x000001865d0fa680, 0x000001865d0fab78]
Event: 33.863 Thread 0x000001866ec5d490 6800       3       org.objectweb.asm.tree.MethodInsnNode::<init> (28 bytes)
Event: 33.863 Thread 0x000001866ec5d490 nmethod 6800 0x000001865d0fad90 code [0x000001865d0faf40, 0x000001865d0fb228]
Event: 33.864 Thread 0x000001866ec5d490 6801       3       org.objectweb.asm.tree.MethodNode::visitInsn (16 bytes)
Event: 33.864 Thread 0x000001866ec5d490 nmethod 6801 0x000001865d0fb310 code [0x000001865d0fb4e0, 0x000001865d0fb7d0]

GC Heap History (16 events):
Event: 1.785 GC heap before
{Heap before GC invocations=0 (full 0):
 garbage-first heap   total 262144K, used 22528K [0x00000000e0000000, 0x0000000100000000)
  region size 1024K, 23 young (23552K), 0 survivors (0K)
 Metaspace       used 1072K, committed 1216K, reserved 393216K
  class space    used 79K, committed 128K, reserved 327680K
}
Event: 1.813 GC heap after
{Heap after GC invocations=1 (full 0):
 garbage-first heap   total 262144K, used 2431K [0x00000000e0000000, 0x0000000100000000)
  region size 1024K, 3 young (3072K), 3 survivors (3072K)
 Metaspace       used 1072K, committed 1216K, reserved 393216K
  class space    used 79K, committed 128K, reserved 327680K
}
Event: 4.122 GC heap before
{Heap before GC invocations=1 (full 0):
 garbage-first heap   total 262144K, used 40319K [0x00000000e0000000, 0x0000000100000000)
  region size 1024K, 38 young (38912K), 3 survivors (3072K)
 Metaspace       used 4453K, committed 4608K, reserved 393216K
  class space    used 557K, committed 640K, reserved 327680K
}
Event: 4.129 GC heap after
{Heap after GC invocations=2 (full 0):
 garbage-first heap   total 262144K, used 10655K [0x00000000e0000000, 0x0000000100000000)
  region size 1024K, 5 young (5120K), 5 survivors (5120K)
 Metaspace       used 4453K, committed 4608K, reserved 393216K
  class space    used 557K, committed 640K, reserved 327680K
}
Event: 6.349 GC heap before
{Heap before GC invocations=2 (full 0):
 garbage-first heap   total 262144K, used 60831K [0x00000000e0000000, 0x0000000100000000)
  region size 1024K, 52 young (53248K), 5 survivors (5120K)
 Metaspace       used 5882K, committed 6080K, reserved 393216K
  class space    used 776K, committed 896K, reserved 327680K
}
Event: 6.362 GC heap after
{Heap after GC invocations=3 (full 0):
 garbage-first heap   total 262144K, used 17962K [0x00000000e0000000, 0x0000000100000000)
  region size 1024K, 6 young (6144K), 6 survivors (6144K)
 Metaspace       used 5882K, committed 6080K, reserved 393216K
  class space    used 776K, committed 896K, reserved 327680K
}
Event: 15.903 GC heap before
{Heap before GC invocations=3 (full 0):
 garbage-first heap   total 262144K, used 102954K [0x00000000e0000000, 0x0000000100000000)
  region size 1024K, 90 young (92160K), 6 survivors (6144K)
 Metaspace       used 20893K, committed 21504K, reserved 393216K
  class space    used 3042K, committed 3328K, reserved 327680K
}
Event: 15.924 GC heap after
{Heap after GC invocations=4 (full 0):
 garbage-first heap   total 262144K, used 23961K [0x00000000e0000000, 0x0000000100000000)
  region size 1024K, 12 young (12288K), 12 survivors (12288K)
 Metaspace       used 20893K, committed 21504K, reserved 393216K
  class space    used 3042K, committed 3328K, reserved 327680K
}
Event: 22.233 GC heap before
{Heap before GC invocations=5 (full 0):
 garbage-first heap   total 262144K, used 164249K [0x00000000e0000000, 0x0000000100000000)
  region size 1024K, 127 young (130048K), 12 survivors (12288K)
 Metaspace       used 35088K, committed 36096K, reserved 393216K
  class space    used 5035K, committed 5504K, reserved 327680K
}
Event: 22.274 GC heap after
{Heap after GC invocations=6 (full 0):
 garbage-first heap   total 262144K, used 60598K [0x00000000e0000000, 0x0000000100000000)
  region size 1024K, 18 young (18432K), 18 survivors (18432K)
 Metaspace       used 35088K, committed 36096K, reserved 393216K
  class space    used 5035K, committed 5504K, reserved 327680K
}
Event: 22.739 GC heap before
{Heap before GC invocations=6 (full 0):
 garbage-first heap   total 262144K, used 65718K [0x00000000e0000000, 0x0000000100000000)
  region size 1024K, 24 young (24576K), 18 survivors (18432K)
 Metaspace       used 35383K, committed 36416K, reserved 393216K
  class space    used 5070K, committed 5632K, reserved 327680K
}
Event: 22.755 GC heap after
{Heap after GC invocations=7 (full 0):
 garbage-first heap   total 262144K, used 61961K [0x00000000e0000000, 0x0000000100000000)
  region size 1024K, 2 young (2048K), 2 survivors (2048K)
 Metaspace       used 35383K, committed 36416K, reserved 393216K
  class space    used 5070K, committed 5632K, reserved 327680K
}
Event: 23.049 GC heap before
{Heap before GC invocations=7 (full 0):
 garbage-first heap   total 262144K, used 65033K [0x00000000e0000000, 0x0000000100000000)
  region size 1024K, 6 young (6144K), 2 survivors (2048K)
 Metaspace       used 35666K, committed 36736K, reserved 393216K
  class space    used 5125K, committed 5696K, reserved 327680K
}
Event: 23.052 GC heap after
{Heap after GC invocations=8 (full 0):
 garbage-first heap   total 262144K, used 60920K [0x00000000e0000000, 0x0000000100000000)
  region size 1024K, 1 young (1024K), 1 survivors (1024K)
 Metaspace       used 35666K, committed 36736K, reserved 393216K
  class space    used 5125K, committed 5696K, reserved 327680K
}
Event: 30.984 GC heap before
{Heap before GC invocations=9 (full 0):
 garbage-first heap   total 262144K, used 221688K [0x00000000e0000000, 0x0000000100000000)
  region size 1024K, 151 young (154624K), 1 survivors (1024K)
 Metaspace       used 46437K, committed 48064K, reserved 393216K
  class space    used 6749K, committed 7552K, reserved 327680K
}
Event: 31.023 GC heap after
{Heap after GC invocations=10 (full 0):
 garbage-first heap   total 262144K, used 92144K [0x00000000e0000000, 0x0000000100000000)
  region size 1024K, 19 young (19456K), 19 survivors (19456K)
 Metaspace       used 46437K, committed 48064K, reserved 393216K
  class space    used 6749K, committed 7552K, reserved 327680K
}

Dll operation events (15 events):
Event: 0.066 Loaded shared library C:\Users\Dell\.jdks\ms-21.0.8\bin\java.dll
Event: 0.181 Loaded shared library C:\Users\Dell\.jdks\ms-21.0.8\bin\jsvml.dll
Event: 0.338 Loaded shared library C:\Users\Dell\.jdks\ms-21.0.8\bin\zip.dll
Event: 0.350 Loaded shared library C:\Users\Dell\.jdks\ms-21.0.8\bin\instrument.dll
Event: 0.372 Loaded shared library C:\Users\Dell\.jdks\ms-21.0.8\bin\net.dll
Event: 0.397 Loaded shared library C:\Users\Dell\.jdks\ms-21.0.8\bin\nio.dll
Event: 0.408 Loaded shared library C:\Users\Dell\.jdks\ms-21.0.8\bin\zip.dll
Event: 1.512 Loaded shared library C:\Users\Dell\.jdks\ms-21.0.8\bin\jimage.dll
Event: 2.143 Loaded shared library C:\Users\Dell\.jdks\ms-21.0.8\bin\verify.dll
Event: 2.460 Loaded shared library C:\Users\Dell\.gradle\native\1def1411415f61bf3af743bc5b6707747c0891f09f0c88961ee8f79bc544acac\windows-amd64\native-platform.dll
Event: 2.539 Loaded shared library C:\Users\Dell\.gradle\native\0.2.7\x86_64-windows-gnu\gradle-fileevents.dll
Event: 6.485 Loaded shared library C:\Users\Dell\.jdks\ms-21.0.8\bin\management.dll
Event: 6.556 Loaded shared library C:\Users\Dell\.jdks\ms-21.0.8\bin\management_ext.dll
Event: 7.995 Loaded shared library C:\Users\Dell\.jdks\ms-21.0.8\bin\extnet.dll
Event: 9.540 Loaded shared library C:\Users\Dell\.jdks\ms-21.0.8\bin\sunmscapi.dll

Deoptimization events (20 events):
Event: 33.473 Thread 0x0000018675b95a30 DEOPT PACKING pc=0x0000018664350a68 sp=0x0000007cf39fa210
Event: 33.473 Thread 0x0000018675b95a30 DEOPT UNPACKING pc=0x0000018663a47da2 sp=0x0000007cf39fa190 mode 2
Event: 33.473 Thread 0x0000018675b95a30 Uncommon trap: trap_request=0xffffff45 fr.pc=0x000001866434be5c relative=0x0000000000000e3c
Event: 33.473 Thread 0x0000018675b95a30 Uncommon trap: reason=unstable_if action=reinterpret pc=0x000001866434be5c method=org.objectweb.asm.MethodWriter.visitLocalVariable(Ljava/lang/String;Ljava/lang/String;Ljava/lang/String;Lorg/objectweb/asm/Label;Lorg/objectweb/asm/Label;I)V @ 195 c2
Event: 33.473 Thread 0x0000018675b95a30 DEOPT PACKING pc=0x000001866434be5c sp=0x0000007cf39fa210
Event: 33.473 Thread 0x0000018675b95a30 DEOPT UNPACKING pc=0x0000018663a47da2 sp=0x0000007cf39fa1b8 mode 2
Event: 33.474 Thread 0x0000018675b95a30 Uncommon trap: trap_request=0xffffff45 fr.pc=0x0000018664343088 relative=0x0000000000001528
Event: 33.474 Thread 0x0000018675b95a30 Uncommon trap: reason=unstable_if action=reinterpret pc=0x0000018664343088 method=org.objectweb.asm.Type.getArgumentsAndReturnSizes(Ljava/lang/String;)I @ 25 c2
Event: 33.474 Thread 0x0000018675b95a30 DEOPT PACKING pc=0x0000018664343088 sp=0x0000007cf39fa320
Event: 33.474 Thread 0x0000018675b95a30 DEOPT UNPACKING pc=0x0000018663a47da2 sp=0x0000007cf39fa280 mode 2
Event: 33.602 Thread 0x0000018675b95a30 Uncommon trap: trap_request=0xffffff45 fr.pc=0x00000186642ea808 relative=0x00000000000004a8
Event: 33.602 Thread 0x0000018675b95a30 Uncommon trap: reason=unstable_if action=reinterpret pc=0x00000186642ea808 method=java.lang.String.replace(Ljava/lang/CharSequence;Ljava/lang/CharSequence;)Ljava/lang/String; @ 42 c2
Event: 33.602 Thread 0x0000018675b95a30 DEOPT PACKING pc=0x00000186642ea808 sp=0x0000007cf39f9e80
Event: 33.602 Thread 0x0000018675b95a30 DEOPT UNPACKING pc=0x0000018663a47da2 sp=0x0000007cf39f9df0 mode 2
Event: 33.720 Thread 0x0000018675b95a30 Uncommon trap: trap_request=0xffffff45 fr.pc=0x0000018664373a1c relative=0x0000000000002a7c
Event: 33.720 Thread 0x0000018675b95a30 Uncommon trap: reason=unstable_if action=reinterpret pc=0x0000018664373a1c method=org.gradle.internal.classpath.generated.InterceptorDeclaration_ConfigCacheJvmBytecode.visitMethodInsn(Lorg/gradle/model/internal/asm/MethodVisitorScope;Ljava/lang/String;ILj
Event: 33.720 Thread 0x0000018675b95a30 DEOPT PACKING pc=0x0000018664373a1c sp=0x0000007cf39fa280
Event: 33.720 Thread 0x0000018675b95a30 DEOPT UNPACKING pc=0x0000018663a47da2 sp=0x0000007cf39fa1e0 mode 2
Event: 33.863 Thread 0x0000018675b95a30 DEOPT PACKING pc=0x000001865cf86f34 sp=0x0000007cf39fa740
Event: 33.863 Thread 0x0000018675b95a30 DEOPT UNPACKING pc=0x0000018663a488e2 sp=0x0000007cf39f9cf0 mode 0

Classes loaded (20 events):
Event: 31.517 Loading class java/util/Collections$UnmodifiableSortedMap
Event: 31.519 Loading class java/util/Collections$UnmodifiableSortedMap done
Event: 31.523 Loading class java/util/zip/Deflater
Event: 31.523 Loading class java/util/zip/Deflater done
Event: 31.525 Loading class java/util/zip/Deflater$DeflaterZStreamRef
Event: 31.525 Loading class java/util/zip/Deflater$DeflaterZStreamRef done
Event: 31.538 Loading class java/util/zip/ZipFile$ZipEntryIterator
Event: 31.539 Loading class java/util/zip/ZipFile$ZipEntryIterator done
Event: 31.545 Loading class java/util/zip/ZipInputStream
Event: 31.546 Loading class java/util/zip/ZipInputStream done
Event: 31.738 Loading class java/nio/StringCharBuffer
Event: 31.738 Loading class java/nio/StringCharBuffer done
Event: 31.749 Loading class java/security/Key
Event: 31.749 Loading class java/security/Key done
Event: 32.446 Loading class java/lang/foreign/MemorySegment
Event: 32.446 Loading class java/lang/foreign/MemorySegment done
Event: 32.669 Loading class java/nio/file/StandardCopyOption
Event: 32.669 Loading class java/nio/file/StandardCopyOption done
Event: 32.673 Loading class sun/nio/fs/WindowsFileCopy
Event: 32.673 Loading class sun/nio/fs/WindowsFileCopy done

Classes unloaded (0 events):
No events

Classes redefined (0 events):
No events

Internal exceptions (20 events):
Event: 27.327 Thread 0x0000018674d29350 Exception <a 'java/lang/NoSuchMethodError'{0x00000000eafb48d8}: 'java.lang.Object java.lang.invoke.DirectMethodHandle$Holder.newInvokeSpecial(java.lang.Object, java.lang.Object, java.lang.Object, java.lang.Object, int, java.lang.Object)'> (0x00000000eafb48d8) 
thrown [s\src\hotspot\share\interpreter\linkResolver.cpp, line 773]
Event: 27.329 Thread 0x0000018674d29350 Exception <a 'java/lang/NoSuchMethodError'{0x00000000eafbd188}: 'java.lang.Object java.lang.invoke.Invokers$Holder.linkToTargetMethod(java.lang.Object, java.lang.Object, java.lang.Object, int, java.lang.Object, java.lang.Object)'> (0x00000000eafbd188) 
thrown [s\src\hotspot\share\interpreter\linkResolver.cpp, line 773]
Event: 28.035 Thread 0x0000018674d29350 Exception <a 'java/lang/NoSuchMethodError'{0x00000000eaa8bf60}: 'java.lang.Object java.lang.invoke.DirectMethodHandle$Holder.invokeSpecialIFC(java.lang.Object, java.lang.Object, java.lang.Object)'> (0x00000000eaa8bf60) 
thrown [s\src\hotspot\share\interpreter\linkResolver.cpp, line 773]
Event: 28.898 Thread 0x0000018674d29350 Exception <a 'java/lang/ClassNotFoundException'{0x00000000ea6aeed8}: ijIdeaPluginConfigurator1_yn48k1irfmi9m4klbl56hil2BeanInfo> (0x00000000ea6aeed8) 
thrown [s\src\hotspot\share\classfile\systemDictionary.cpp, line 312]
Event: 28.900 Thread 0x0000018674d29350 Exception <a 'java/lang/ClassNotFoundException'{0x00000000ea6e7730}: ijIdeaPluginConfigurator1_yn48k1irfmi9m4klbl56hil2Customizer> (0x00000000ea6e7730) 
thrown [s\src\hotspot\share\classfile\systemDictionary.cpp, line 312]
Event: 28.935 Thread 0x0000018674d29350 Exception <a 'java/lang/ClassNotFoundException'{0x00000000ea568bb8}: sun/misc/SharedSecrets> (0x00000000ea568bb8) 
thrown [s\src\hotspot\share\classfile\systemDictionary.cpp, line 312]
Event: 28.937 Thread 0x0000018674d29350 Exception <a 'java/lang/ClassNotFoundException'{0x00000000ea56c710}: com/intellij/gradle/toolingExtension/impl/initScript/util/GradleLifecycleUtilBeanInfo> (0x00000000ea56c710) 
thrown [s\src\hotspot\share\classfile\systemDictionary.cpp, line 312]
Event: 28.939 Thread 0x0000018674d29350 Exception <a 'java/lang/ClassNotFoundException'{0x00000000ea5755e8}: com/intellij/gradle/toolingExtension/impl/initScript/util/GradleLifecycleUtilCustomizer> (0x00000000ea5755e8) 
thrown [s\src\hotspot\share\classfile\systemDictionary.cpp, line 312]
Event: 29.102 Thread 0x0000018674d29350 Exception <a 'java/lang/ClassNotFoundException'{0x00000000ea4e0510}: ijInit3_bw5evpvimwju4or5qyp6n2659BeanInfo> (0x00000000ea4e0510) 
thrown [s\src\hotspot\share\classfile\systemDictionary.cpp, line 312]
Event: 29.123 Thread 0x0000018674d29350 Exception <a 'java/lang/ClassNotFoundException'{0x00000000ea4e7750}: ijInit3_bw5evpvimwju4or5qyp6n2659Customizer> (0x00000000ea4e7750) 
thrown [s\src\hotspot\share\classfile\systemDictionary.cpp, line 312]
Event: 29.160 Thread 0x0000018674d29350 Exception <a 'java/lang/ClassNotFoundException'{0x00000000ea335028}: ijInit3_bw5evpvimwju4or5qyp6n2659$_run_closure1BeanInfo> (0x00000000ea335028) 
thrown [s\src\hotspot\share\classfile\systemDictionary.cpp, line 312]
Event: 29.161 Thread 0x0000018674d29350 Exception <a 'java/lang/ClassNotFoundException'{0x00000000ea33d150}: ijInit3_bw5evpvimwju4or5qyp6n2659$_run_closure1Customizer> (0x00000000ea33d150) 
thrown [s\src\hotspot\share\classfile\systemDictionary.cpp, line 312]
Event: 30.345 Thread 0x0000018675b95a30 Exception <a 'java/lang/IncompatibleClassChangeError'{0x00000000e9b3f730}: Found class java.lang.Object, but interface was expected> (0x00000000e9b3f730) 
thrown [s\src\hotspot\share\interpreter\linkResolver.cpp, line 840]
Event: 30.403 Thread 0x0000018675b95a30 Exception <a 'java/lang/NoSuchMethodError'{0x00000000e9a44838}: 'void java.lang.invoke.DirectMethodHandle$Holder.invokeVirtual(java.lang.Object, java.lang.Object)'> (0x00000000e9a44838) 
thrown [s\src\hotspot\share\interpreter\linkResolver.cpp, line 773]
Event: 31.185 Thread 0x0000018675b95a30 Exception <a 'java/lang/NoSuchMethodError'{0x00000000eef2a820}: 'void java.lang.invoke.DirectMethodHandle$Holder.invokeStaticInit(java.lang.Object, java.lang.Object, java.lang.Object, java.lang.Object, java.lang.Object, java.lang.Object, java.lang.Object, int)'> (0x00000000eef2a820) 
thrown [s\src\hotspot\share\interpreter\linkResolver.cpp, line 773]
Event: 31.298 Thread 0x0000018675b95a30 Exception <a 'java/lang/NoSuchMethodError'{0x00000000eed5ea08}: 'void java.lang.invoke.DirectMethodHandle$Holder.invokeInterface(java.lang.Object, java.lang.Object, java.lang.Object, java.lang.Object)'> (0x00000000eed5ea08) 
thrown [s\src\hotspot\share\interpreter\linkResolver.cpp, line 773]
Event: 31.303 Thread 0x0000018675b95a30 Exception <a 'sun/nio/fs/WindowsException'{0x00000000eed69200}> (0x00000000eed69200) 
thrown [s\src\hotspot\share\prims\jni.cpp, line 520]
Event: 31.542 Thread 0x0000018675b95a30 Implicit null exception at 0x0000018664178493 to 0x000001866417946c
Event: 32.674 Thread 0x0000018675b97470 Exception <a 'sun/nio/fs/WindowsException'{0x00000000ef5b9d08}> (0x00000000ef5b9d08) 
thrown [s\src\hotspot\share\prims\jni.cpp, line 520]
Event: 32.695 Thread 0x0000018675b97470 Exception <a 'sun/nio/fs/WindowsException'{0x00000000ef5b9fa0}> (0x00000000ef5b9fa0) 
thrown [s\src\hotspot\share\prims\jni.cpp, line 520]

ZGC Phase Switch (0 events):
No events

VM Operations (20 events):
Event: 30.983 Executing VM operation: G1CollectForAllocation (G1 Evacuation Pause)
Event: 31.023 Executing VM operation: G1CollectForAllocation (G1 Evacuation Pause) done
Event: 31.306 Executing VM operation: HandshakeAllThreads (Deoptimize)
Event: 31.347 Executing VM operation: HandshakeAllThreads (Deoptimize) done
Event: 31.688 Executing VM operation: HandshakeAllThreads (Deoptimize)
Event: 31.688 Executing VM operation: HandshakeAllThreads (Deoptimize) done
Event: 31.740 Executing VM operation: HandshakeAllThreads (Deoptimize)
Event: 31.740 Executing VM operation: HandshakeAllThreads (Deoptimize) done
Event: 32.153 Executing VM operation: ICBufferFull
Event: 32.167 Executing VM operation: ICBufferFull done
Event: 32.700 Executing VM operation: HandshakeAllThreads (Deoptimize)
Event: 32.710 Executing VM operation: HandshakeAllThreads (Deoptimize) done
Event: 32.990 Executing VM operation: ICBufferFull
Event: 32.990 Executing VM operation: ICBufferFull done
Event: 33.368 Executing VM operation: HandshakeAllThreads (Deoptimize)
Event: 33.368 Executing VM operation: HandshakeAllThreads (Deoptimize) done
Event: 33.376 Executing VM operation: HandshakeAllThreads (Deoptimize)
Event: 33.376 Executing VM operation: HandshakeAllThreads (Deoptimize) done
Event: 33.857 Executing VM operation: HandshakeAllThreads (Deoptimize)
Event: 33.857 Executing VM operation: HandshakeAllThreads (Deoptimize) done

Memory protections (0 events):
No events

Nmethod flushes (20 events):
Event: 23.099 Thread 0x000001866ec14180 flushing  nmethod 0x000001865c653e90
Event: 23.099 Thread 0x000001866ec14180 flushing  nmethod 0x000001865c699d10
Event: 23.099 Thread 0x000001866ec14180 flushing  nmethod 0x000001865c69a290
Event: 23.099 Thread 0x000001866ec14180 flushing  nmethod 0x000001865c69ab90
Event: 23.099 Thread 0x000001866ec14180 flushing  nmethod 0x000001865c6a0390
Event: 23.099 Thread 0x000001866ec14180 flushing  nmethod 0x000001865c6df790
Event: 23.099 Thread 0x000001866ec14180 flushing  nmethod 0x000001865c6e6990
Event: 23.099 Thread 0x000001866ec14180 flushing  nmethod 0x000001865c6e8490
Event: 23.099 Thread 0x000001866ec14180 flushing  nmethod 0x000001865c724990
Event: 23.099 Thread 0x000001866ec14180 flushing  nmethod 0x000001865c726190
Event: 23.099 Thread 0x000001866ec14180 flushing  nmethod 0x000001865c726890
Event: 23.099 Thread 0x000001866ec14180 flushing  nmethod 0x000001865c727390
Event: 23.099 Thread 0x000001866ec14180 flushing  nmethod 0x000001865c72ab90
Event: 23.099 Thread 0x000001866ec14180 flushing  nmethod 0x000001865c72af10
Event: 23.099 Thread 0x000001866ec14180 flushing  nmethod 0x000001865c72df10
Event: 23.099 Thread 0x000001866ec14180 flushing  nmethod 0x000001865c7fe710
Event: 23.099 Thread 0x000001866ec14180 flushing  nmethod 0x000001865c806b10
Event: 23.099 Thread 0x000001866ec14180 flushing  nmethod 0x000001865c807210
Event: 23.099 Thread 0x000001866ec14180 flushing  nmethod 0x000001865c959490
Event: 23.099 Thread 0x000001866ec14180 flushing  nmethod 0x000001865c959910

Events (20 events):
Event: 28.072 Thread 0x000001866ec5d490 Thread added: 0x000001866f6c5050
Event: 28.193 Thread 0x000001866f6c5050 Thread exited: 0x000001866f6c5050
Event: 28.411 Thread 0x000001866ec5d490 Thread added: 0x000001866f6c4980
Event: 28.826 Thread 0x000001866f6c4980 Thread exited: 0x000001866f6c4980
Event: 29.194 Thread 0x0000018674d29350 Thread added: 0x0000018675b932d0
Event: 29.197 Thread 0x0000018674d29350 Thread added: 0x0000018675b925b0
Event: 29.200 Thread 0x0000018674d29350 Thread added: 0x0000018675b92c40
Event: 29.202 Thread 0x0000018674d29350 Thread added: 0x0000018675b93960
Event: 29.204 Thread 0x0000018674d29350 Thread added: 0x0000018675b90b70
Event: 29.205 Thread 0x0000018674d29350 Thread added: 0x0000018675b904e0
Event: 29.207 Thread 0x0000018674d29350 Thread added: 0x0000018675b94d10
Event: 29.944 Thread 0x0000018674d29350 Thread added: 0x0000018675b953a0
Event: 29.950 Thread 0x0000018674d29350 Thread added: 0x0000018675b97470
Event: 29.954 Thread 0x0000018674d29350 Thread added: 0x0000018675b95a30
Event: 29.959 Thread 0x0000018674d29350 Thread added: 0x0000018675b960c0
Event: 29.961 Thread 0x0000018674d29350 Thread added: 0x0000018675b96750
Event: 29.964 Thread 0x0000018674d29350 Thread added: 0x0000018675b96de0
Event: 29.966 Thread 0x0000018674d29350 Thread added: 0x0000018675b93ff0
Event: 30.471 Thread 0x000001866ec5d490 Thread added: 0x000001866f6c4980
Event: 30.476 Thread 0x000001866f6c4980 Thread added: 0x000001866f6c5df0


Dynamic libraries:
0x00007ff727b40000 - 0x00007ff727b4e000 	C:\Users\Dell\.jdks\ms-21.0.8\bin\java.exe
0x00007ffe14b20000 - 0x00007ffe14d89000 	C:\WINDOWS\SYSTEM32\ntdll.dll
0x00007ffe13c70000 - 0x00007ffe13d39000 	C:\WINDOWS\System32\KERNEL32.DLL
0x00007ffe120b0000 - 0x00007ffe124a3000 	C:\WINDOWS\System32\KERNELBASE.dll
0x00007ffe12770000 - 0x00007ffe128bb000 	C:\WINDOWS\System32\ucrtbase.dll
0x00007ffe04ad0000 - 0x00007ffe04aee000 	C:\Users\Dell\.jdks\ms-21.0.8\bin\VCRUNTIME140.dll
0x00007ffe00b60000 - 0x00007ffe00b78000 	C:\Users\Dell\.jdks\ms-21.0.8\bin\jli.dll
0x00007ffe13d40000 - 0x00007ffe13f04000 	C:\WINDOWS\System32\USER32.dll
0x00007ffe128c0000 - 0x00007ffe128e7000 	C:\WINDOWS\System32\win32u.dll
0x00007ffe14a50000 - 0x00007ffe14a7b000 	C:\WINDOWS\System32\GDI32.dll
0x00007ffe11f80000 - 0x00007ffe120ad000 	C:\WINDOWS\System32\gdi32full.dll
0x00007ffe12550000 - 0x00007ffe125f3000 	C:\WINDOWS\System32\msvcp_win.dll
0x00007ffdfd9c0000 - 0x00007ffdfdc53000 	C:\WINDOWS\WinSxS\amd64_microsoft.windows.common-controls_6595b64144ccf1df_6.0.26100.5074_none_3e0d6f78e32fd63f\COMCTL32.dll
0x00007ffe14040000 - 0x00007ffe140e9000 	C:\WINDOWS\System32\msvcrt.dll
0x00007ffe14a80000 - 0x00007ffe14aaf000 	C:\WINDOWS\System32\IMM32.DLL
0x0000000074270000 - 0x000000007427c000 	C:\Program Files (x86)\360\Total Security\safemon\SafeWrapper.dll
0x00007ffe12f10000 - 0x00007ffe12fc4000 	C:\WINDOWS\System32\ADVAPI32.dll
0x00007ffe14990000 - 0x00007ffe14a36000 	C:\WINDOWS\System32\sechost.dll
0x00007ffe13060000 - 0x00007ffe13178000 	C:\WINDOWS\System32\RPCRT4.dll
0x00007ffdafb30000 - 0x00007ffdafbdc000 	C:\Program Files (x86)\360\Total Security\safemon\libzdtp64.dll
0x00007ffe141f0000 - 0x00007ffe1493d000 	C:\WINDOWS\System32\SHELL32.dll
0x00007ffe12600000 - 0x00007ffe1276c000 	C:\WINDOWS\System32\wintypes.dll
0x00007ffe138e0000 - 0x00007ffe13c5b000 	C:\WINDOWS\System32\combase.dll
0x00007ffe133e0000 - 0x00007ffe13442000 	C:\WINDOWS\System32\SHLWAPI.dll
0x00007ffe117b0000 - 0x00007ffe117bb000 	C:\WINDOWS\SYSTEM32\VERSION.dll
0x00007ffe01f80000 - 0x00007ffe01f8c000 	C:\Users\Dell\.jdks\ms-21.0.8\bin\vcruntime140_1.dll
0x00007ffdb7e20000 - 0x00007ffdb7ea9000 	C:\Users\Dell\.jdks\ms-21.0.8\bin\msvcp140.dll
0x00007ffd7acb0000 - 0x00007ffd7ba5c000 	C:\Users\Dell\.jdks\ms-21.0.8\bin\server\jvm.dll
0x00007ffe13360000 - 0x00007ffe133d4000 	C:\WINDOWS\System32\WS2_32.dll
0x00007ffe11b00000 - 0x00007ffe11b5e000 	C:\WINDOWS\SYSTEM32\POWRPROF.dll
0x00007ffdfe170000 - 0x00007ffdfe1a5000 	C:\WINDOWS\SYSTEM32\WINMM.dll
0x00007ffe11ae0000 - 0x00007ffe11af4000 	C:\WINDOWS\SYSTEM32\UMPDC.dll
0x00007ffe109e0000 - 0x00007ffe109fb000 	C:\WINDOWS\SYSTEM32\kernel.appcore.dll
0x00007ffe00b20000 - 0x00007ffe00b2a000 	C:\Users\Dell\.jdks\ms-21.0.8\bin\jimage.dll
0x00007ffe0f460000 - 0x00007ffe0f6a2000 	C:\WINDOWS\SYSTEM32\DBGHELP.DLL
0x00007ffe12e00000 - 0x00007ffe12ed7000 	C:\WINDOWS\System32\OLEAUT32.dll
0x00007ffdf3080000 - 0x00007ffdf30bd000 	C:\WINDOWS\SYSTEM32\dbgcore.DLL
0x00007ffe124b0000 - 0x00007ffe12549000 	C:\WINDOWS\System32\bcryptPrimitives.dll
0x00007ffdff440000 - 0x00007ffdff450000 	C:\Users\Dell\.jdks\ms-21.0.8\bin\instrument.dll
0x00007ffdd58d0000 - 0x00007ffdd58f1000 	C:\Users\Dell\.jdks\ms-21.0.8\bin\java.dll
0x00007ffe0f860000 - 0x00007ffe100b9000 	C:\WINDOWS\SYSTEM32\windows.storage.dll
0x00007ffe12d00000 - 0x00007ffe12df0000 	C:\WINDOWS\System32\SHCORE.dll
0x00007ffe11bd0000 - 0x00007ffe11bf9000 	C:\WINDOWS\SYSTEM32\profapi.dll
0x00007ffdb6860000 - 0x00007ffdb6936000 	C:\Users\Dell\.jdks\ms-21.0.8\bin\jsvml.dll
0x00007ffdff0e0000 - 0x00007ffdff0f8000 	C:\Users\Dell\.jdks\ms-21.0.8\bin\zip.dll
0x00007ffdfad70000 - 0x00007ffdfad81000 	C:\Users\Dell\.jdks\ms-21.0.8\bin\net.dll
0x00007ffe07310000 - 0x00007ffe0742f000 	C:\WINDOWS\SYSTEM32\WINHTTP.dll
0x00007ffe10f40000 - 0x00007ffe10fab000 	C:\WINDOWS\system32\mswsock.dll
0x00007ffde3e40000 - 0x00007ffde3e56000 	C:\Users\Dell\.jdks\ms-21.0.8\bin\nio.dll
0x00007ffdff300000 - 0x00007ffdff310000 	C:\Users\Dell\.jdks\ms-21.0.8\bin\verify.dll
0x00007ffe01fd0000 - 0x00007ffe01ff7000 	C:\Users\Dell\.gradle\native\1def1411415f61bf3af743bc5b6707747c0891f09f0c88961ee8f79bc544acac\windows-amd64\native-platform.dll
0x00007ffdcbe70000 - 0x00007ffdcbee8000 	C:\Users\Dell\.gradle\native\0.2.7\x86_64-windows-gnu\gradle-fileevents.dll
0x00007ffdff1b0000 - 0x00007ffdff1ba000 	C:\Users\Dell\.jdks\ms-21.0.8\bin\management.dll
0x00007ffdff140000 - 0x00007ffdff14c000 	C:\Users\Dell\.jdks\ms-21.0.8\bin\management_ext.dll
0x00007ffe12cf0000 - 0x00007ffe12cf8000 	C:\WINDOWS\System32\PSAPI.DLL
0x00007ffe10490000 - 0x00007ffe104c4000 	C:\WINDOWS\SYSTEM32\IPHLPAPI.DLL
0x00007ffe14a40000 - 0x00007ffe14a4a000 	C:\WINDOWS\System32\NSI.dll
0x00007ffdff0b0000 - 0x00007ffdff0b9000 	C:\Users\Dell\.jdks\ms-21.0.8\bin\extnet.dll
0x00007ffe11310000 - 0x00007ffe1132b000 	C:\WINDOWS\SYSTEM32\CRYPTSP.dll
0x00007ffe10940000 - 0x00007ffe1097b000 	C:\WINDOWS\system32\rsaenh.dll
0x00007ffe10fe0000 - 0x00007ffe1100b000 	C:\WINDOWS\SYSTEM32\USERENV.dll
0x00007ffe11ba0000 - 0x00007ffe11bc6000 	C:\WINDOWS\SYSTEM32\bcrypt.dll
0x00007ffe11170000 - 0x00007ffe1117c000 	C:\WINDOWS\SYSTEM32\CRYPTBASE.dll
0x00007ffdfacb0000 - 0x00007ffdfacbe000 	C:\Users\Dell\.jdks\ms-21.0.8\bin\sunmscapi.dll
0x00007ffe11d40000 - 0x00007ffe11eb7000 	C:\WINDOWS\System32\CRYPT32.dll
0x00007ffe11460000 - 0x00007ffe11490000 	C:\WINDOWS\SYSTEM32\ncrypt.dll
0x00007ffe11410000 - 0x00007ffe1144f000 	C:\WINDOWS\SYSTEM32\NTASN1.dll
0x00007ffde4210000 - 0x00007ffde4218000 	C:\WINDOWS\system32\wshunix.dll
0x00007ffe10b00000 - 0x00007ffe10b36000 	C:\WINDOWS\SYSTEM32\ntmarta.dll

JVMTI agents:
C:\Users\Dell\.gradle\wrapper\dists\gradle-8.13-bin\5xuhj0ry160q40clulazy9h7d\gradle-8.13\lib\agents\gradle-instrumentation-agent-8.13.jar path:C:\Users\Dell\.jdks\ms-21.0.8\bin\instrument.dll, loaded, initialized, instrumentlib options:none

dbghelp: loaded successfully - version: 4.0.5 - missing functions: none
symbol engine: initialized successfully - sym options: 0x614 - pdb path: .;C:\Users\Dell\.jdks\ms-21.0.8\bin;C:\WINDOWS\SYSTEM32;C:\WINDOWS\WinSxS\amd64_microsoft.windows.common-controls_6595b64144ccf1df_6.0.26100.5074_none_3e0d6f78e32fd63f;C:\Program Files (x86)\360\Total Security\safemon;C:\Users\Dell\.jdks\ms-21.0.8\bin\server;C:\Users\Dell\.gradle\native\1def1411415f61bf3af743bc5b6707747c0891f09f0c88961ee8f79bc544acac\windows-amd64;C:\Users\Dell\.gradle\native\0.2.7\x86_64-windows-gnu

VM Arguments:
jvm_args: --add-opens=java.base/java.lang=ALL-UNNAMED --add-opens=java.base/java.lang.invoke=ALL-UNNAMED --add-opens=java.base/java.util=ALL-UNNAMED --add-opens=java.prefs/java.util.prefs=ALL-UNNAMED --add-exports=jdk.compiler/com.sun.tools.javac.api=ALL-UNNAMED --add-exports=jdk.compiler/com.sun.tools.javac.util=ALL-UNNAMED --add-opens=java.base/java.util=ALL-UNNAMED --add-opens=java.prefs/java.util.prefs=ALL-UNNAMED --add-opens=java.base/java.nio.charset=ALL-UNNAMED --add-opens=java.base/java.net=ALL-UNNAMED --add-opens=java.base/java.util.concurrent.atomic=ALL-UNNAMED --add-opens=java.xml/javax.xml.namespace=ALL-UNNAMED -XX:MaxMetaspaceSize=384m -XX:+HeapDumpOnOutOfMemoryError -Xms256m -Xmx512m -Dfile.encoding=UTF-8 -Duser.country=US -Duser.language=en -Duser.variant -javaagent:C:\Users\Dell\.gradle\wrapper\dists\gradle-8.13-bin\5xuhj0ry160q40clulazy9h7d\gradle-8.13\lib\agents\gradle-instrumentation-agent-8.13.jar 
java_command: org.gradle.launcher.daemon.bootstrap.GradleDaemon 8.13
java_class_path (initial): C:\Users\Dell\.gradle\wrapper\dists\gradle-8.13-bin\5xuhj0ry160q40clulazy9h7d\gradle-8.13\lib\gradle-daemon-main-8.13.jar
Launcher Type: SUN_STANDARD

[Global flags]
     intx CICompilerCount                          = 4                                         {product} {ergonomic}
   size_t CompressedClassSpaceSize                 = 335544320                                 {product} {ergonomic}
     uint ConcGCThreads                            = 2                                         {product} {ergonomic}
     uint G1ConcRefinementThreads                  = 8                                         {product} {ergonomic}
   size_t G1HeapRegionSize                         = 1048576                                   {product} {ergonomic}
    uintx GCDrainStackTargetSize                   = 64                                        {product} {ergonomic}
     bool HeapDumpOnOutOfMemoryError               = true                                   {manageable} {command line}
   size_t InitialHeapSize                          = 268435456                                 {product} {command line}
   size_t MarkStackSize                            = 4194304                                   {product} {ergonomic}
   size_t MaxHeapSize                              = 536870912                                 {product} {command line}
   size_t MaxMetaspaceSize                         = 402653184                                 {product} {command line}
   size_t MaxNewSize                               = 321912832                                 {product} {ergonomic}
   size_t MinHeapDeltaBytes                        = 1048576                                   {product} {ergonomic}
   size_t MinHeapSize                              = 268435456                                 {product} {command line}
    uintx NonNMethodCodeHeapSize                   = 5839372                                {pd product} {ergonomic}
    uintx NonProfiledCodeHeapSize                  = 122909434                              {pd product} {ergonomic}
    uintx ProfiledCodeHeapSize                     = 122909434                              {pd product} {ergonomic}
    uintx ReservedCodeCacheSize                    = 251658240                              {pd product} {ergonomic}
     bool SegmentedCodeCache                       = true                                      {product} {ergonomic}
   size_t SoftMaxHeapSize                          = 536870912                              {manageable} {ergonomic}
     bool UseCompressedOops                        = true                           {product lp64_product} {ergonomic}
     bool UseG1GC                                  = true                                      {product} {ergonomic}
     bool UseLargePagesIndividualAllocation        = false                                  {pd product} {ergonomic}

Logging:
Log output configuration:
 #0: stdout all=warning uptime,level,tags foldmultilines=false
 #1: stderr all=off uptime,level,tags foldmultilines=false

Environment Variables:
PATH=C:\Program Files\Common Files\Oracle\Java\javapath;C:\Program Files (x86)\NVIDIA Corporation\PhysX\Common;C:\WINDOWS\system32;C:\WINDOWS;C:\WINDOWS\System32\Wbem;C:\WINDOWS\System32\WindowsPowerShell\v1.0\;C:\WINDOWS\System32\OpenSSH\;C:\Program Files\dotnet\;C:\Program Files\Microsoft SQL Server\Client SDK\ODBC\170\Tools\Binn\;C:\Program Files\Microsoft SQL Server\150\Tools\Binn\;C:\Program Files\Git\cmd;C:\Program Files\Azure Data Studio\bin;C:\Program Files (x86)\Microsoft SQL Server\160\Tools\Binn\;C:\Program Files\Microsoft SQL Server\160\Tools\Binn\;C:\Program Files\Microsoft SQL Server\160\DTS\Binn\;C:\Program Files (x86)\Microsoft SQL Server\160\DTS\Binn\;C:\Program Files\nodejs\;C:\Program Files\Docker\Docker\resources\bin;C:\Program Files\MySQL\MySQL Shell 8.0\bin\;C:\Users\Dell\AppData\Local\Microsoft\WindowsApps;C:\Users\Dell\AppData\Local\Programs\Microsoft VS Code\bin;C:\Program Files\Azure Data Studio\bin;C:\Users\Dell\AppData\Roaming\npm;C:\Users\Dell\.dotnet\tools;D:\Texnoera Academy\Programs\IntelliJ IDEA 2025.1.1.1\bin;;D:\Texnoera Academy\Programs\DataGrip 2025.2.2\bin;
USERNAME=Dell
OS=Windows_NT
PROCESSOR_IDENTIFIER=Intel64 Family 6 Model 126 Stepping 5, GenuineIntel
TMP=C:\Users\Dell\AppData\Local\Temp
TEMP=C:\Users\Dell\AppData\Local\Temp




Periodic native trim disabled

---------------  S Y S T E M  ---------------

OS:
 Windows 11 , 64 bit Build 26100 (10.0.26100.5074)
OS uptime: 1 days 22:07 hours
Hyper-V role detected

CPU: total 8 (initial active 8) (4 cores per cpu, 2 threads per core) family 6 model 126 stepping 5 microcode 0xca, cx8, cmov, fxsr, ht, mmx, 3dnowpref, sse, sse2, sse3, ssse3, sse4.1, sse4.2, popcnt, lzcnt, tsc, tscinvbit, avx, avx2, aes, erms, clmul, bmi1, bmi2, adx, avx512f, avx512dq, avx512cd, avx512bw, avx512vl, sha, fma, vzeroupper, avx512_vpopcntdq, avx512_vpclmulqdq, avx512_vaes, avx512_vnni, clflush, clflushopt, avx512_vbmi2, avx512_vbmi, hv, rdtscp, rdpid, fsrm, gfni, avx512_bitalg, f16c, avx512_ifma
Processor Information for the first 8 processors :
  Max Mhz: 1190, Current Mhz: 991, Mhz Limit: 987

Memory: 4k page, system-wide physical 12051M (735M free)
TotalPageFile size 18439M (AvailPageFile size 4M)
current process WorkingSet (physical memory assigned to process): 450M, peak: 455M
current process commit charge ("private bytes"): 509M, peak: 515M

vm_info: OpenJDK 64-Bit Server VM (21.0.8+9-LTS) for windows-amd64 JRE (21.0.8+9-LTS), built on 2025-07-10T20:22:44Z by "MicrosoftCorporation" with unknown MS VC++:1944

END.
