#
# There is insufficient memory for the Java Runtime Environment to continue.
# Native memory allocation (malloc) failed to allocate 32744 bytes for Chunk::new
# Possible reasons:
#   The system is out of physical RAM or swap space
#   The process is running with CompressedOops enabled, and the Java Heap may be blocking the growth of the native heap
# Possible solutions:
#   Reduce memory load on the system
#   Increase physical memory or swap space
#   Check if swap backing store is full
#   Decrease Java heap size (-Xmx/-Xms)
#   Decrease number of Java threads
#   Decrease Java thread stack sizes (-Xss)
#   Set larger code cache with -XX:ReservedCodeCacheSize=
#   JVM is running with Unscaled Compressed Oops mode in which the Java heap is
#     placed in the first 4GB address space. The Java Heap base address is the
#     maximum limit for the native heap growth. Please use -XX:HeapBaseMinAddress
#     to set the Java Heap base and to place the Java Heap above 4GB virtual address.
# This output file may be truncated or incomplete.
#
#  Out of Memory Error (arena.cpp:168), pid=48124, tid=43156
#
# JRE version: Java(TM) SE Runtime Environment (21.0.6+8) (build 21.0.6+8-LTS-188)
# Java VM: Java HotSpot(TM) 64-Bit Server VM (21.0.6+8-LTS-188, mixed mode, sharing, tiered, compressed oops, compressed class ptrs, g1 gc, windows-amd64)
# No core dump will be written. Minidumps are not enabled by default on client versions of Windows
#

---------------  S U M M A R Y ------------

Command Line: --add-opens=java.base/java.lang=ALL-UNNAMED --add-opens=java.base/java.lang.invoke=ALL-UNNAMED --add-opens=java.base/java.util=ALL-UNNAMED --add-opens=java.prefs/java.util.prefs=ALL-UNNAMED --add-exports=jdk.compiler/com.sun.tools.javac.api=ALL-UNNAMED --add-exports=jdk.compiler/com.sun.tools.javac.util=ALL-UNNAMED --add-opens=java.base/java.util=ALL-UNNAMED --add-opens=java.prefs/java.util.prefs=ALL-UNNAMED --add-opens=java.base/java.nio.charset=ALL-UNNAMED --add-opens=java.base/java.net=ALL-UNNAMED --add-opens=java.base/java.util.concurrent.atomic=ALL-UNNAMED --add-opens=java.xml/javax.xml.namespace=ALL-UNNAMED -XX:MaxMetaspaceSize=384m -XX:+HeapDumpOnOutOfMemoryError -Xms256m -Xmx512m -Dfile.encoding=UTF-8 -Duser.country=US -Duser.language=en -Duser.variant -javaagent:C:\Users\Dell\.gradle\wrapper\dists\gradle-8.13-bin\5xuhj0ry160q40clulazy9h7d\gradle-8.13\lib\agents\gradle-instrumentation-agent-8.13.jar org.gradle.launcher.daemon.bootstrap.GradleDaemon 8.13

Host: Intel(R) Core(TM) i5-1035G1 CPU @ 1.00GHz, 8 cores, 11G,  Windows 11 , 64 bit Build 26100 (10.0.26100.5074)
Time: Sun Oct  5 18:51:16 2025 Azerbaijan Standard Time elapsed time: 33.439909 seconds (0d 0h 0m 33s)

---------------  T H R E A D  ---------------

Current thread (0x0000022cfe66c440):  JavaThread "C2 CompilerThread0" daemon [_thread_in_native, id=43156, stack(0x000000e0aeb00000,0x000000e0aec00000) (1024K)]


Current CompileTask:
C2:  33440 8412 %     4       org.objectweb.asm.ClassReader::readCode @ 92 (5117 bytes)

Stack: [0x000000e0aeb00000,0x000000e0aec00000]
Native frames: (J=compiled Java code, j=interpreted, Vv=VM code, C=native code)
V  [jvm.dll+0x6ca6d9]
V  [jvm.dll+0x854f51]
V  [jvm.dll+0x85747e]
V  [jvm.dll+0x857b53]
V  [jvm.dll+0x27dcc6]
V  [jvm.dll+0xc4c2d]
V  [jvm.dll+0xc5163]
V  [jvm.dll+0x3ba2a8]
V  [jvm.dll+0x5d6928]
V  [jvm.dll+0x5d5a06]
V  [jvm.dll+0x5d655a]
V  [jvm.dll+0x381884]
V  [jvm.dll+0x380cca]
V  [jvm.dll+0x246920]
V  [jvm.dll+0x245eff]
V  [jvm.dll+0x1c6d2e]
V  [jvm.dll+0x2554f9]
V  [jvm.dll+0x253a8a]
V  [jvm.dll+0x3ee576]
V  [jvm.dll+0x7ff2fb]
V  [jvm.dll+0x6c8dbd]
C  [ucrtbase.dll+0x37b0]
C  [KERNEL32.DLL+0x2e8d7]
C  [ntdll.dll+0x8d9c]


---------------  P R O C E S S  ---------------

Threads class SMR info:
_java_thread_list=0x0000022cabefe140, length=53, elements={
0x0000022cf06e2010, 0x0000022cfe652c40, 0x0000022cfe6563c0, 0x0000022cfe658e00,
0x0000022cfe659f40, 0x0000022cfe65ecf0, 0x0000022cfe65be50, 0x0000022cfe66c440,
0x0000022cfe675a60, 0x0000022cfe756af0, 0x0000022cfe921fa0, 0x0000022ca8dbfc90,
0x0000022ca8d11490, 0x0000022ca8f5a710, 0x0000022cfede0920, 0x0000022cfe705500,
0x0000022ca8415950, 0x0000022ca8417a20, 0x0000022ca84180b0, 0x0000022caa3b8d50,
0x0000022caa3b86c0, 0x0000022caa3b93e0, 0x0000022caa3b9a70, 0x0000022caa3bb4b0,
0x0000022caa3bbb40, 0x0000022caa3bc1d0, 0x0000022caa3ba790, 0x0000022caa3befc0,
0x0000022cac2fb020, 0x0000022cac2fb6b0, 0x0000022cac2fbd40, 0x0000022cac2fca60,
0x0000022cac2fd780, 0x0000022cac2fc3d0, 0x0000022cac2fa300, 0x0000022cac2fde10,
0x0000022cac2fa990, 0x0000022cac301290, 0x0000022cac2ffee0, 0x0000022cac300570,
0x0000022caca61820, 0x0000022cac300c00, 0x0000022cac2ff1c0, 0x0000022cac301920,
0x0000022cac2feb30, 0x0000022ca8416670, 0x0000022ca8417390, 0x0000022ca8414c30,
0x0000022cfe8e4090, 0x0000022ca84152c0, 0x0000022ca8415fe0, 0x0000022caa3b8030,
0x0000022caa3bc860
}

Java Threads: ( => current thread )
  0x0000022cf06e2010 JavaThread "main"                              [_thread_blocked, id=47344, stack(0x000000e0add00000,0x000000e0ade00000) (1024K)]
  0x0000022cfe652c40 JavaThread "Reference Handler"          daemon [_thread_blocked, id=44164, stack(0x000000e0ae500000,0x000000e0ae600000) (1024K)]
  0x0000022cfe6563c0 JavaThread "Finalizer"                  daemon [_thread_blocked, id=44768, stack(0x000000e0ae600000,0x000000e0ae700000) (1024K)]
  0x0000022cfe658e00 JavaThread "Signal Dispatcher"          daemon [_thread_blocked, id=48924, stack(0x000000e0ae700000,0x000000e0ae800000) (1024K)]
  0x0000022cfe659f40 JavaThread "Attach Listener"            daemon [_thread_blocked, id=40076, stack(0x000000e0ae800000,0x000000e0ae900000) (1024K)]
  0x0000022cfe65ecf0 JavaThread "Service Thread"             daemon [_thread_blocked, id=47124, stack(0x000000e0ae900000,0x000000e0aea00000) (1024K)]
  0x0000022cfe65be50 JavaThread "Monitor Deflation Thread"   daemon [_thread_blocked, id=48580, stack(0x000000e0aea00000,0x000000e0aeb00000) (1024K)]
=>0x0000022cfe66c440 JavaThread "C2 CompilerThread0"         daemon [_thread_in_native, id=43156, stack(0x000000e0aeb00000,0x000000e0aec00000) (1024K)]
  0x0000022cfe675a60 JavaThread "C1 CompilerThread0"         daemon [_thread_in_vm, id=39620, stack(0x000000e0aec00000,0x000000e0aed00000) (1024K)]
  0x0000022cfe756af0 JavaThread "Common-Cleaner"             daemon [_thread_blocked, id=48976, stack(0x000000e0aed00000,0x000000e0aee00000) (1024K)]
  0x0000022cfe921fa0 JavaThread "Notification Thread"        daemon [_thread_blocked, id=46096, stack(0x000000e0aee00000,0x000000e0aef00000) (1024K)]
  0x0000022ca8dbfc90 JavaThread "Daemon health stats"               [_thread_blocked, id=44212, stack(0x000000e0af700000,0x000000e0af800000) (1024K)]
  0x0000022ca8d11490 JavaThread "Incoming local TCP Connector on port 61194"        [_thread_in_native, id=41912, stack(0x000000e0aef00000,0x000000e0af000000) (1024K)]
  0x0000022ca8f5a710 JavaThread "Daemon periodic checks"            [_thread_blocked, id=47424, stack(0x000000e0af800000,0x000000e0af900000) (1024K)]
  0x0000022cfede0920 JavaThread "Daemon"                            [_thread_blocked, id=45456, stack(0x000000e0af900000,0x000000e0afa00000) (1024K)]
  0x0000022cfe705500 JavaThread "Daemon worker"                     [_thread_blocked, id=47072, stack(0x000000e0afc00000,0x000000e0afd00000) (1024K)]
  0x0000022ca8415950 JavaThread "Cache worker for journal cache (C:\Users\Dell\.gradle\caches\journal-1)"        [_thread_blocked, id=44700, stack(0x000000e0b0000000,0x000000e0b0100000) (1024K)]
  0x0000022ca8417a20 JavaThread "File lock request listener"        [_thread_in_native, id=44876, stack(0x000000e0b0100000,0x000000e0b0200000) (1024K)]
  0x0000022ca84180b0 JavaThread "Cache worker for file hash cache (C:\Users\Dell\.gradle\caches\8.13\fileHashes)"        [_thread_blocked, id=48816, stack(0x000000e0b0200000,0x000000e0b0300000) (1024K)]
  0x0000022caa3b8d50 JavaThread "File watcher server"        daemon [_thread_in_native, id=47252, stack(0x000000e0b0700000,0x000000e0b0800000) (1024K)]
  0x0000022caa3b86c0 JavaThread "File watcher consumer"      daemon [_thread_blocked, id=45052, stack(0x000000e0b0800000,0x000000e0b0900000) (1024K)]
  0x0000022caa3b93e0 JavaThread "jar transforms"                    [_thread_blocked, id=48152, stack(0x000000e0b0400000,0x000000e0b0500000) (1024K)]
  0x0000022caa3b9a70 JavaThread "jar transforms Thread 2"           [_thread_blocked, id=44176, stack(0x000000e0b0a00000,0x000000e0b0b00000) (1024K)]
  0x0000022caa3bb4b0 JavaThread "Cache worker for file content cache (C:\Users\Dell\.gradle\caches\8.13\fileContent)"        [_thread_blocked, id=42400, stack(0x000000e0b0c00000,0x000000e0b0d00000) (1024K)]
  0x0000022caa3bbb40 JavaThread "jar transforms Thread 3"           [_thread_blocked, id=40872, stack(0x000000e0b0d00000,0x000000e0b0e00000) (1024K)]
  0x0000022caa3bc1d0 JavaThread "jar transforms Thread 4"           [_thread_blocked, id=33236, stack(0x000000e0b0e00000,0x000000e0b0f00000) (1024K)]
  0x0000022caa3ba790 JavaThread "jar transforms Thread 5"           [_thread_blocked, id=44012, stack(0x000000e0b1200000,0x000000e0b1300000) (1024K)]
  0x0000022caa3befc0 JavaThread "Memory manager"                    [_thread_blocked, id=41684, stack(0x000000e0b1300000,0x000000e0b1400000) (1024K)]
  0x0000022cac2fb020 JavaThread "jar transforms Thread 6"           [_thread_blocked, id=44724, stack(0x000000e0b1100000,0x000000e0b1200000) (1024K)]
  0x0000022cac2fb6b0 JavaThread "included builds"                   [_thread_blocked, id=47716, stack(0x000000e0b1400000,0x000000e0b1500000) (1024K)]
  0x0000022cac2fbd40 JavaThread "VFS cleanup"                       [_thread_blocked, id=41788, stack(0x000000e0afd00000,0x000000e0afe00000) (1024K)]
  0x0000022cac2fca60 JavaThread "Handler for socket connection from /127.0.0.1:61194 to /127.0.0.1:61199"        [_thread_in_native, id=47608, stack(0x000000e0afa00000,0x000000e0afb00000) (1024K)]
  0x0000022cac2fd780 JavaThread "Cancel handler"                    [_thread_blocked, id=48852, stack(0x000000e0afb00000,0x000000e0afc00000) (1024K)]
  0x0000022cac2fc3d0 JavaThread "Asynchronous log dispatcher for DefaultDaemonConnection: socket connection from /127.0.0.1:61194 to /127.0.0.1:61199"        [_thread_blocked, id=33796, stack(0x000000e0afe00000,0x000000e0aff00000) (1024K)]
  0x0000022cac2fa300 JavaThread "Stdin handler"                     [_thread_blocked, id=45588, stack(0x000000e0aff00000,0x000000e0b0000000) (1024K)]
  0x0000022cac2fde10 JavaThread "Daemon client event forwarder"        [_thread_blocked, id=45532, stack(0x000000e0b0500000,0x000000e0b0600000) (1024K)]
  0x0000022cac2fa990 JavaThread "Cache worker for file hash cache (D:\Texnoera Academy\Spring\Microservice\RestaurantSystem\kafka-common\.gradle\8.13\fileHashes)"        [_thread_blocked, id=48468, stack(0x000000e0b0900000,0x000000e0b0a00000) (1024K)]
  0x0000022cac301290 JavaThread "Cache worker for Build Output Cleanup Cache (D:\Texnoera Academy\Spring\Microservice\RestaurantSystem\kafka-common\.gradle\buildOutputCleanup)"        [_thread_blocked, id=46828, stack(0x000000e0b0b00000,0x000000e0b0c00000) (1024K)]
  0x0000022cac2ffee0 JavaThread "jar transforms Thread 7"           [_thread_blocked, id=46824, stack(0x000000e0b0600000,0x000000e0b0700000) (1024K)]
  0x0000022cac300570 JavaThread "jar transforms Thread 8"           [_thread_blocked, id=48028, stack(0x000000e0b0f00000,0x000000e0b1000000) (1024K)]
  0x0000022caca61820 JavaThread "C2 CompilerThread1"         daemon [_thread_in_native, id=43092, stack(0x000000e0b1000000,0x000000e0b1100000) (1024K)]
  0x0000022cac300c00 JavaThread "Cache worker for checksums cache (D:\Texnoera Academy\Spring\Microservice\RestaurantSystem\kafka-common\.gradle\8.13\checksums)"        [_thread_blocked, id=47128, stack(0x000000e0b1500000,0x000000e0b1600000) (1024K)]
  0x0000022cac2ff1c0 JavaThread "Cache worker for cache directory md-supplier (C:\Users\Dell\.gradle\caches\8.13\md-supplier)"        [_thread_blocked, id=45600, stack(0x000000e0b1700000,0x000000e0b1800000) (1024K)]
  0x0000022cac301920 JavaThread "Cache worker for cache directory md-rule (C:\Users\Dell\.gradle\caches\8.13\md-rule)"        [_thread_blocked, id=44548, stack(0x000000e0b1800000,0x000000e0b1900000) (1024K)]
  0x0000022cac2feb30 JavaThread "Unconstrained build operations"        [_thread_blocked, id=47296, stack(0x000000e0b1600000,0x000000e0b1700000) (1024K)]
  0x0000022ca8416670 JavaThread "Unconstrained build operations Thread 2"        [_thread_blocked, id=12444, stack(0x000000e0b1900000,0x000000e0b1a00000) (1024K)]
  0x0000022ca8417390 JavaThread "Unconstrained build operations Thread 3"        [_thread_blocked, id=13120, stack(0x000000e0b1a00000,0x000000e0b1b00000) (1024K)]
  0x0000022ca8414c30 JavaThread "Unconstrained build operations Thread 4"        [_thread_blocked, id=48808, stack(0x000000e0b1b00000,0x000000e0b1c00000) (1024K)]
  0x0000022cfe8e4090 JavaThread "C2 CompilerThread2"         daemon [_thread_in_native, id=49064, stack(0x000000e0b1c00000,0x000000e0b1d00000) (1024K)]
  0x0000022ca84152c0 JavaThread "Unconstrained build operations Thread 5"        [_thread_blocked, id=35752, stack(0x000000e0b1d00000,0x000000e0b1e00000) (1024K)]
  0x0000022ca8415fe0 JavaThread "Unconstrained build operations Thread 6"        [_thread_blocked, id=19100, stack(0x000000e0b1e00000,0x000000e0b1f00000) (1024K)]
  0x0000022caa3b8030 JavaThread "Unconstrained build operations Thread 7"        [_thread_in_vm, id=48200, stack(0x000000e0b1f00000,0x000000e0b2000000) (1024K)]
  0x0000022caa3bc860 JavaThread "Unconstrained build operations Thread 8"        [_thread_blocked, id=48836, stack(0x000000e0b2000000,0x000000e0b2100000) (1024K)]
Total: 53

Other Threads:
  0x0000022cfe639700 VMThread "VM Thread"                           [id=48268, stack(0x000000e0ae400000,0x000000e0ae500000) (1024K)]
  0x0000022cfe62bdc0 WatcherThread "VM Periodic Task Thread"        [id=39980, stack(0x000000e0ae300000,0x000000e0ae400000) (1024K)]
  0x0000022cf0d3c2e0 WorkerThread "GC Thread#0"                     [id=48452, stack(0x000000e0ade00000,0x000000e0adf00000) (1024K)]
  0x0000022cfed72b70 WorkerThread "GC Thread#1"                     [id=47724, stack(0x000000e0af100000,0x000000e0af200000) (1024K)]
  0x0000022cfeea1b00 WorkerThread "GC Thread#2"                     [id=37864, stack(0x000000e0af200000,0x000000e0af300000) (1024K)]
  0x0000022cfeea1ea0 WorkerThread "GC Thread#3"                     [id=47940, stack(0x000000e0af300000,0x000000e0af400000) (1024K)]
  0x0000022cfebdbb70 WorkerThread "GC Thread#4"                     [id=48780, stack(0x000000e0af400000,0x000000e0af500000) (1024K)]
  0x0000022cfebdbf10 WorkerThread "GC Thread#5"                     [id=47732, stack(0x000000e0af500000,0x000000e0af600000) (1024K)]
  0x0000022ca8bb01b0 WorkerThread "GC Thread#6"                     [id=31756, stack(0x000000e0af000000,0x000000e0af100000) (1024K)]
  0x0000022ca8bafe10 WorkerThread "GC Thread#7"                     [id=37372, stack(0x000000e0af600000,0x000000e0af700000) (1024K)]
  0x0000022cf0d411d0 ConcurrentGCThread "G1 Main Marker"            [id=42960, stack(0x000000e0adf00000,0x000000e0ae000000) (1024K)]
  0x0000022cf0d442b0 WorkerThread "G1 Conc#0"                       [id=42256, stack(0x000000e0ae000000,0x000000e0ae100000) (1024K)]
  0x0000022cfea33af0 WorkerThread "G1 Conc#1"                       [id=49088, stack(0x000000e0b0300000,0x000000e0b0400000) (1024K)]
  0x0000022cfe4fea50 ConcurrentGCThread "G1 Refine#0"               [id=48328, stack(0x000000e0ae100000,0x000000e0ae200000) (1024K)]
  0x0000022cfe4ff270 ConcurrentGCThread "G1 Service"                [id=41724, stack(0x000000e0ae200000,0x000000e0ae300000) (1024K)]
Total: 15

Threads with active compile tasks:
C2 CompilerThread0    33537 8412 %     4       org.objectweb.asm.ClassReader::readCode @ 92 (5117 bytes)
C1 CompilerThread0    33537 8796       3       org.apache.commons.compress.archivers.zip.ZipArchiveOutputStream::flushDeflater (23 bytes)
C2 CompilerThread1    33537 8203       4       org.gradle.internal.serialize.HierarchicalNameSerializer::readName (51 bytes)
C2 CompilerThread2    33537 8766       4       org.gradle.internal.classpath.transforms.InstrumentingBackwardsCompatibilityVisitor$BackwardCompatibilityMethodVisitor::visitMethodInsn (26 bytes)
Total: 4

VM state: not at safepoint (normal execution)

VM Mutex/Monitor currently owned by a thread:  ([mutex/lock_event])
[0x00007ffd7cefbe18] Metaspace_lock - owner thread: 0x0000022caa3b8030

Heap address: 0x00000000e0000000, size: 512 MB, Compressed Oops mode: 32-bit

CDS archive(s) mapped at: [0x0000022c8f000000-0x0000022c8fc90000-0x0000022c8fc90000), size 13172736, SharedBaseAddress: 0x0000022c8f000000, ArchiveRelocationMode: 1.
Compressed class space mapped at: 0x0000022c90000000-0x0000022ca4000000, reserved size: 335544320
Narrow klass base: 0x0000022c8f000000, Narrow klass shift: 0, Narrow klass range: 0x100000000

GC Precious Log:
 CardTable entry size: 512
 Card Set container configuration: InlinePtr #cards 5 size 8 Array Of Cards #cards 12 size 40 Howl #buckets 4 coarsen threshold 1843 Howl Bitmap #cards 512 size 80 coarsen threshold 460 Card regions per heap region 1 cards per card region 2048
 CPUs: 8 total, 8 available
 Memory: 12051M
 Large Page Support: Disabled
 NUMA Support: Disabled
 Compressed Oops: Enabled (32-bit)
 Heap Region Size: 1M
 Heap Min Capacity: 256M
 Heap Initial Capacity: 256M
 Heap Max Capacity: 512M
 Pre-touch: Disabled
 Parallel Workers: 8
 Concurrent Workers: 2
 Concurrent Refinement Workers: 8
 Periodic GC: Disabled

Heap:
 garbage-first heap   total 262144K, used 198334K [0x00000000e0000000, 0x0000000100000000)
  region size 1024K, 132 young (135168K), 8 survivors (8192K)
 Metaspace       used 65345K, committed 67392K, reserved 393216K
  class space    used 9419K, committed 10432K, reserved 327680K

Heap Regions: E=young(eden), S=young(survivor), O=old, HS=humongous(starts), HC=humongous(continues), CS=collection set, F=free, TAMS=top-at-mark-start, PB=parsable bottom
|   0|0x00000000e0000000, 0x00000000e0100000, 0x00000000e0100000|100%|HS|  |TAMS 0x00000000e0000000| PB 0x00000000e0000000| Complete 
|   1|0x00000000e0100000, 0x00000000e0200000, 0x00000000e0200000|100%|HC|  |TAMS 0x00000000e0100000| PB 0x00000000e0100000| Complete 
|   2|0x00000000e0200000, 0x00000000e0300000, 0x00000000e0300000|100%|HC|  |TAMS 0x00000000e0200000| PB 0x00000000e0200000| Complete 
|   3|0x00000000e0300000, 0x00000000e0400000, 0x00000000e0400000|100%| O|  |TAMS 0x00000000e0300000| PB 0x00000000e0300000| Untracked 
|   4|0x00000000e0400000, 0x00000000e0500000, 0x00000000e0500000|100%| O|  |TAMS 0x00000000e0400000| PB 0x00000000e0400000| Untracked 
|   5|0x00000000e0500000, 0x00000000e0600000, 0x00000000e0600000|100%| O|  |TAMS 0x00000000e0500000| PB 0x00000000e0500000| Untracked 
|   6|0x00000000e0600000, 0x00000000e0700000, 0x00000000e0700000|100%|HS|  |TAMS 0x00000000e0600000| PB 0x00000000e0600000| Complete 
|   7|0x00000000e0700000, 0x00000000e0800000, 0x00000000e0800000|100%| O|  |TAMS 0x00000000e0700000| PB 0x00000000e0700000| Untracked 
|   8|0x00000000e0800000, 0x00000000e0900000, 0x00000000e0900000|100%| O|  |TAMS 0x00000000e0800000| PB 0x00000000e0800000| Untracked 
|   9|0x00000000e0900000, 0x00000000e0a00000, 0x00000000e0a00000|100%| O|  |TAMS 0x00000000e0900000| PB 0x00000000e0900000| Untracked 
|  10|0x00000000e0a00000, 0x00000000e0b00000, 0x00000000e0b00000|100%| O|  |TAMS 0x00000000e0a00000| PB 0x00000000e0a00000| Untracked 
|  11|0x00000000e0b00000, 0x00000000e0c00000, 0x00000000e0c00000|100%| O|  |TAMS 0x00000000e0b00000| PB 0x00000000e0b00000| Untracked 
|  12|0x00000000e0c00000, 0x00000000e0d00000, 0x00000000e0d00000|100%| O|  |TAMS 0x00000000e0c00000| PB 0x00000000e0c00000| Untracked 
|  13|0x00000000e0d00000, 0x00000000e0e00000, 0x00000000e0e00000|100%| O|  |TAMS 0x00000000e0d00000| PB 0x00000000e0d00000| Untracked 
|  14|0x00000000e0e00000, 0x00000000e0f00000, 0x00000000e0f00000|100%| O|  |TAMS 0x00000000e0e00000| PB 0x00000000e0e00000| Untracked 
|  15|0x00000000e0f00000, 0x00000000e1000000, 0x00000000e1000000|100%| O|  |TAMS 0x00000000e0f00000| PB 0x00000000e0f00000| Untracked 
|  16|0x00000000e1000000, 0x00000000e1100000, 0x00000000e1100000|100%| O|  |TAMS 0x00000000e1000000| PB 0x00000000e1000000| Untracked 
|  17|0x00000000e1100000, 0x00000000e1200000, 0x00000000e1200000|100%| O|  |TAMS 0x00000000e1100000| PB 0x00000000e1100000| Untracked 
|  18|0x00000000e1200000, 0x00000000e1300000, 0x00000000e1300000|100%| O|  |TAMS 0x00000000e1200000| PB 0x00000000e1200000| Untracked 
|  19|0x00000000e1300000, 0x00000000e1400000, 0x00000000e1400000|100%| O|  |TAMS 0x00000000e1300000| PB 0x00000000e1300000| Untracked 
|  20|0x00000000e1400000, 0x00000000e1500000, 0x00000000e1500000|100%| O|  |TAMS 0x00000000e1400000| PB 0x00000000e1400000| Untracked 
|  21|0x00000000e1500000, 0x00000000e1600000, 0x00000000e1600000|100%| O|  |TAMS 0x00000000e1500000| PB 0x00000000e1500000| Untracked 
|  22|0x00000000e1600000, 0x00000000e1700000, 0x00000000e1700000|100%| O|  |TAMS 0x00000000e1600000| PB 0x00000000e1600000| Untracked 
|  23|0x00000000e1700000, 0x00000000e1800000, 0x00000000e1800000|100%| O|  |TAMS 0x00000000e1700000| PB 0x00000000e1700000| Untracked 
|  24|0x00000000e1800000, 0x00000000e1900000, 0x00000000e1900000|100%| O|  |TAMS 0x00000000e1800000| PB 0x00000000e1800000| Untracked 
|  25|0x00000000e1900000, 0x00000000e1a00000, 0x00000000e1a00000|100%| O|  |TAMS 0x00000000e1900000| PB 0x00000000e1900000| Untracked 
|  26|0x00000000e1a00000, 0x00000000e1b00000, 0x00000000e1b00000|100%| O|  |TAMS 0x00000000e1a00000| PB 0x00000000e1a00000| Untracked 
|  27|0x00000000e1b00000, 0x00000000e1c00000, 0x00000000e1c00000|100%| O|  |TAMS 0x00000000e1b00000| PB 0x00000000e1b00000| Untracked 
|  28|0x00000000e1c00000, 0x00000000e1d00000, 0x00000000e1d00000|100%| O|  |TAMS 0x00000000e1c00000| PB 0x00000000e1c00000| Untracked 
|  29|0x00000000e1d00000, 0x00000000e1e00000, 0x00000000e1e00000|100%| O|Cm|TAMS 0x00000000e1d00000| PB 0x00000000e1d00000| Complete 
|  30|0x00000000e1e00000, 0x00000000e1f00000, 0x00000000e1f00000|100%| O|  |TAMS 0x00000000e1e00000| PB 0x00000000e1e00000| Untracked 
|  31|0x00000000e1f00000, 0x00000000e2000000, 0x00000000e2000000|100%| O|  |TAMS 0x00000000e1f00000| PB 0x00000000e1f00000| Untracked 
|  32|0x00000000e2000000, 0x00000000e2100000, 0x00000000e2100000|100%| O|  |TAMS 0x00000000e2000000| PB 0x00000000e2000000| Untracked 
|  33|0x00000000e2100000, 0x00000000e2200000, 0x00000000e2200000|100%| O|  |TAMS 0x00000000e2100000| PB 0x00000000e2100000| Untracked 
|  34|0x00000000e2200000, 0x00000000e2300000, 0x00000000e2300000|100%| O|  |TAMS 0x00000000e2200000| PB 0x00000000e2200000| Untracked 
|  35|0x00000000e2300000, 0x00000000e2400000, 0x00000000e2400000|100%| O|  |TAMS 0x00000000e2300000| PB 0x00000000e2300000| Untracked 
|  36|0x00000000e2400000, 0x00000000e2500000, 0x00000000e2500000|100%| O|  |TAMS 0x00000000e2400000| PB 0x00000000e2400000| Untracked 
|  37|0x00000000e2500000, 0x00000000e2600000, 0x00000000e2600000|100%| O|  |TAMS 0x00000000e2500000| PB 0x00000000e2500000| Untracked 
|  38|0x00000000e2600000, 0x00000000e2700000, 0x00000000e2700000|100%| O|  |TAMS 0x00000000e2600000| PB 0x00000000e2600000| Untracked 
|  39|0x00000000e2700000, 0x00000000e27f7418, 0x00000000e2800000| 96%| O|  |TAMS 0x00000000e2700000| PB 0x00000000e2700000| Untracked 
|  40|0x00000000e2800000, 0x00000000e2900000, 0x00000000e2900000|100%|HS|  |TAMS 0x00000000e2800000| PB 0x00000000e2800000| Complete 
|  41|0x00000000e2900000, 0x00000000e2a00000, 0x00000000e2a00000|100%|HC|  |TAMS 0x00000000e2900000| PB 0x00000000e2900000| Complete 
|  42|0x00000000e2a00000, 0x00000000e2b00000, 0x00000000e2b00000|100%|HC|  |TAMS 0x00000000e2a00000| PB 0x00000000e2a00000| Complete 
|  43|0x00000000e2b00000, 0x00000000e2c00000, 0x00000000e2c00000|100%|HC|  |TAMS 0x00000000e2b00000| PB 0x00000000e2b00000| Complete 
|  44|0x00000000e2c00000, 0x00000000e2d00000, 0x00000000e2d00000|100%|HC|  |TAMS 0x00000000e2c00000| PB 0x00000000e2c00000| Complete 
|  45|0x00000000e2d00000, 0x00000000e2e00000, 0x00000000e2e00000|100%|HC|  |TAMS 0x00000000e2d00000| PB 0x00000000e2d00000| Complete 
|  46|0x00000000e2e00000, 0x00000000e2f00000, 0x00000000e2f00000|100%|HS|  |TAMS 0x00000000e2e00000| PB 0x00000000e2e00000| Complete 
|  47|0x00000000e2f00000, 0x00000000e3000000, 0x00000000e3000000|100%|HC|  |TAMS 0x00000000e2f00000| PB 0x00000000e2f00000| Complete 
|  48|0x00000000e3000000, 0x00000000e3100000, 0x00000000e3100000|100%|HC|  |TAMS 0x00000000e3000000| PB 0x00000000e3000000| Complete 
|  49|0x00000000e3100000, 0x00000000e3200000, 0x00000000e3200000|100%|HS|  |TAMS 0x00000000e3100000| PB 0x00000000e3100000| Complete 
|  50|0x00000000e3200000, 0x00000000e3300000, 0x00000000e3300000|100%|HC|  |TAMS 0x00000000e3200000| PB 0x00000000e3200000| Complete 
|  51|0x00000000e3300000, 0x00000000e3400000, 0x00000000e3400000|100%|HS|  |TAMS 0x00000000e3300000| PB 0x00000000e3300000| Complete 
|  52|0x00000000e3400000, 0x00000000e3500000, 0x00000000e3500000|100%|HS|  |TAMS 0x00000000e3400000| PB 0x00000000e3400000| Complete 
|  53|0x00000000e3500000, 0x00000000e3600000, 0x00000000e3600000|100%|HC|  |TAMS 0x00000000e3500000| PB 0x00000000e3500000| Complete 
|  54|0x00000000e3600000, 0x00000000e3700000, 0x00000000e3700000|100%|HC|  |TAMS 0x00000000e3600000| PB 0x00000000e3600000| Complete 
|  55|0x00000000e3700000, 0x00000000e3800000, 0x00000000e3800000|100%|HC|  |TAMS 0x00000000e3700000| PB 0x00000000e3700000| Complete 
|  56|0x00000000e3800000, 0x00000000e3900000, 0x00000000e3900000|100%|HC|  |TAMS 0x00000000e3800000| PB 0x00000000e3800000| Complete 
|  57|0x00000000e3900000, 0x00000000e3a00000, 0x00000000e3a00000|100%|HC|  |TAMS 0x00000000e3900000| PB 0x00000000e3900000| Complete 
|  58|0x00000000e3a00000, 0x00000000e3b00000, 0x00000000e3b00000|100%|HS|  |TAMS 0x00000000e3a00000| PB 0x00000000e3a00000| Complete 
|  59|0x00000000e3b00000, 0x00000000e3c00000, 0x00000000e3c00000|100%|HC|  |TAMS 0x00000000e3b00000| PB 0x00000000e3b00000| Complete 
|  60|0x00000000e3c00000, 0x00000000e3d00000, 0x00000000e3d00000|100%|HC|  |TAMS 0x00000000e3c00000| PB 0x00000000e3c00000| Complete 
|  61|0x00000000e3d00000, 0x00000000e3e00000, 0x00000000e3e00000|100%|HS|  |TAMS 0x00000000e3d00000| PB 0x00000000e3d00000| Complete 
|  62|0x00000000e3e00000, 0x00000000e3f00000, 0x00000000e3f00000|100%|HC|  |TAMS 0x00000000e3e00000| PB 0x00000000e3e00000| Complete 
|  63|0x00000000e3f00000, 0x00000000e4000000, 0x00000000e4000000|100%|HS|  |TAMS 0x00000000e3f00000| PB 0x00000000e3f00000| Complete 
|  64|0x00000000e4000000, 0x00000000e4000000, 0x00000000e4100000|  0%| F|  |TAMS 0x00000000e4000000| PB 0x00000000e4000000| Untracked 
|  65|0x00000000e4100000, 0x00000000e4100000, 0x00000000e4200000|  0%| F|  |TAMS 0x00000000e4100000| PB 0x00000000e4100000| Untracked 
|  66|0x00000000e4200000, 0x00000000e4200000, 0x00000000e4300000|  0%| F|  |TAMS 0x00000000e4200000| PB 0x00000000e4200000| Untracked 
|  67|0x00000000e4300000, 0x00000000e4300000, 0x00000000e4400000|  0%| F|  |TAMS 0x00000000e4300000| PB 0x00000000e4300000| Untracked 
|  68|0x00000000e4400000, 0x00000000e4400000, 0x00000000e4500000|  0%| F|  |TAMS 0x00000000e4400000| PB 0x00000000e4400000| Untracked 
|  69|0x00000000e4500000, 0x00000000e4500000, 0x00000000e4600000|  0%| F|  |TAMS 0x00000000e4500000| PB 0x00000000e4500000| Untracked 
|  70|0x00000000e4600000, 0x00000000e4600000, 0x00000000e4700000|  0%| F|  |TAMS 0x00000000e4600000| PB 0x00000000e4600000| Untracked 
|  71|0x00000000e4700000, 0x00000000e4700000, 0x00000000e4800000|  0%| F|  |TAMS 0x00000000e4700000| PB 0x00000000e4700000| Untracked 
|  72|0x00000000e4800000, 0x00000000e4800000, 0x00000000e4900000|  0%| F|  |TAMS 0x00000000e4800000| PB 0x00000000e4800000| Untracked 
|  73|0x00000000e4900000, 0x00000000e4900000, 0x00000000e4a00000|  0%| F|  |TAMS 0x00000000e4900000| PB 0x00000000e4900000| Untracked 
|  74|0x00000000e4a00000, 0x00000000e4a00000, 0x00000000e4b00000|  0%| F|  |TAMS 0x00000000e4a00000| PB 0x00000000e4a00000| Untracked 
|  75|0x00000000e4b00000, 0x00000000e4b00000, 0x00000000e4c00000|  0%| F|  |TAMS 0x00000000e4b00000| PB 0x00000000e4b00000| Untracked 
|  76|0x00000000e4c00000, 0x00000000e4c00000, 0x00000000e4d00000|  0%| F|  |TAMS 0x00000000e4c00000| PB 0x00000000e4c00000| Untracked 
|  77|0x00000000e4d00000, 0x00000000e4d00000, 0x00000000e4e00000|  0%| F|  |TAMS 0x00000000e4d00000| PB 0x00000000e4d00000| Untracked 
|  78|0x00000000e4e00000, 0x00000000e4e00000, 0x00000000e4f00000|  0%| F|  |TAMS 0x00000000e4e00000| PB 0x00000000e4e00000| Untracked 
|  79|0x00000000e4f00000, 0x00000000e4f00000, 0x00000000e5000000|  0%| F|  |TAMS 0x00000000e4f00000| PB 0x00000000e4f00000| Untracked 
|  80|0x00000000e5000000, 0x00000000e5000000, 0x00000000e5100000|  0%| F|  |TAMS 0x00000000e5000000| PB 0x00000000e5000000| Untracked 
|  81|0x00000000e5100000, 0x00000000e5100000, 0x00000000e5200000|  0%| F|  |TAMS 0x00000000e5100000| PB 0x00000000e5100000| Untracked 
|  82|0x00000000e5200000, 0x00000000e5200000, 0x00000000e5300000|  0%| F|  |TAMS 0x00000000e5200000| PB 0x00000000e5200000| Untracked 
|  83|0x00000000e5300000, 0x00000000e5300000, 0x00000000e5400000|  0%| F|  |TAMS 0x00000000e5300000| PB 0x00000000e5300000| Untracked 
|  84|0x00000000e5400000, 0x00000000e5400000, 0x00000000e5500000|  0%| F|  |TAMS 0x00000000e5400000| PB 0x00000000e5400000| Untracked 
|  85|0x00000000e5500000, 0x00000000e5500000, 0x00000000e5600000|  0%| F|  |TAMS 0x00000000e5500000| PB 0x00000000e5500000| Untracked 
|  86|0x00000000e5600000, 0x00000000e5600000, 0x00000000e5700000|  0%| F|  |TAMS 0x00000000e5600000| PB 0x00000000e5600000| Untracked 
|  87|0x00000000e5700000, 0x00000000e5700000, 0x00000000e5800000|  0%| F|  |TAMS 0x00000000e5700000| PB 0x00000000e5700000| Untracked 
|  88|0x00000000e5800000, 0x00000000e5800000, 0x00000000e5900000|  0%| F|  |TAMS 0x00000000e5800000| PB 0x00000000e5800000| Untracked 
|  89|0x00000000e5900000, 0x00000000e5900000, 0x00000000e5a00000|  0%| F|  |TAMS 0x00000000e5900000| PB 0x00000000e5900000| Untracked 
|  90|0x00000000e5a00000, 0x00000000e5a00000, 0x00000000e5b00000|  0%| F|  |TAMS 0x00000000e5a00000| PB 0x00000000e5a00000| Untracked 
|  91|0x00000000e5b00000, 0x00000000e5b00000, 0x00000000e5c00000|  0%| F|  |TAMS 0x00000000e5b00000| PB 0x00000000e5b00000| Untracked 
|  92|0x00000000e5c00000, 0x00000000e5c00000, 0x00000000e5d00000|  0%| F|  |TAMS 0x00000000e5c00000| PB 0x00000000e5c00000| Untracked 
|  93|0x00000000e5d00000, 0x00000000e5d00000, 0x00000000e5e00000|  0%| F|  |TAMS 0x00000000e5d00000| PB 0x00000000e5d00000| Untracked 
|  94|0x00000000e5e00000, 0x00000000e5e00000, 0x00000000e5f00000|  0%| F|  |TAMS 0x00000000e5e00000| PB 0x00000000e5e00000| Untracked 
|  95|0x00000000e5f00000, 0x00000000e5f00000, 0x00000000e6000000|  0%| F|  |TAMS 0x00000000e5f00000| PB 0x00000000e5f00000| Untracked 
|  96|0x00000000e6000000, 0x00000000e6000000, 0x00000000e6100000|  0%| F|  |TAMS 0x00000000e6000000| PB 0x00000000e6000000| Untracked 
|  97|0x00000000e6100000, 0x00000000e6100000, 0x00000000e6200000|  0%| F|  |TAMS 0x00000000e6100000| PB 0x00000000e6100000| Untracked 
|  98|0x00000000e6200000, 0x00000000e6200000, 0x00000000e6300000|  0%| F|  |TAMS 0x00000000e6200000| PB 0x00000000e6200000| Untracked 
|  99|0x00000000e6300000, 0x00000000e6300000, 0x00000000e6400000|  0%| F|  |TAMS 0x00000000e6300000| PB 0x00000000e6300000| Untracked 
| 100|0x00000000e6400000, 0x00000000e6400000, 0x00000000e6500000|  0%| F|  |TAMS 0x00000000e6400000| PB 0x00000000e6400000| Untracked 
| 101|0x00000000e6500000, 0x00000000e6500000, 0x00000000e6600000|  0%| F|  |TAMS 0x00000000e6500000| PB 0x00000000e6500000| Untracked 
| 102|0x00000000e6600000, 0x00000000e6600000, 0x00000000e6700000|  0%| F|  |TAMS 0x00000000e6600000| PB 0x00000000e6600000| Untracked 
| 103|0x00000000e6700000, 0x00000000e6700000, 0x00000000e6800000|  0%| F|  |TAMS 0x00000000e6700000| PB 0x00000000e6700000| Untracked 
| 104|0x00000000e6800000, 0x00000000e6800000, 0x00000000e6900000|  0%| F|  |TAMS 0x00000000e6800000| PB 0x00000000e6800000| Untracked 
| 105|0x00000000e6900000, 0x00000000e6900000, 0x00000000e6a00000|  0%| F|  |TAMS 0x00000000e6900000| PB 0x00000000e6900000| Untracked 
| 106|0x00000000e6a00000, 0x00000000e6a00000, 0x00000000e6b00000|  0%| F|  |TAMS 0x00000000e6a00000| PB 0x00000000e6a00000| Untracked 
| 107|0x00000000e6b00000, 0x00000000e6b00000, 0x00000000e6c00000|  0%| F|  |TAMS 0x00000000e6b00000| PB 0x00000000e6b00000| Untracked 
| 108|0x00000000e6c00000, 0x00000000e6c00000, 0x00000000e6d00000|  0%| F|  |TAMS 0x00000000e6c00000| PB 0x00000000e6c00000| Untracked 
| 109|0x00000000e6d00000, 0x00000000e6d00000, 0x00000000e6e00000|  0%| F|  |TAMS 0x00000000e6d00000| PB 0x00000000e6d00000| Untracked 
| 110|0x00000000e6e00000, 0x00000000e6e00000, 0x00000000e6f00000|  0%| F|  |TAMS 0x00000000e6e00000| PB 0x00000000e6e00000| Untracked 
| 111|0x00000000e6f00000, 0x00000000e6f00000, 0x00000000e7000000|  0%| F|  |TAMS 0x00000000e6f00000| PB 0x00000000e6f00000| Untracked 
| 112|0x00000000e7000000, 0x00000000e7000000, 0x00000000e7100000|  0%| F|  |TAMS 0x00000000e7000000| PB 0x00000000e7000000| Untracked 
| 113|0x00000000e7100000, 0x00000000e7100000, 0x00000000e7200000|  0%| F|  |TAMS 0x00000000e7100000| PB 0x00000000e7100000| Untracked 
| 114|0x00000000e7200000, 0x00000000e7200000, 0x00000000e7300000|  0%| F|  |TAMS 0x00000000e7200000| PB 0x00000000e7200000| Untracked 
| 115|0x00000000e7300000, 0x00000000e7300000, 0x00000000e7400000|  0%| F|  |TAMS 0x00000000e7300000| PB 0x00000000e7300000| Untracked 
| 116|0x00000000e7400000, 0x00000000e7400000, 0x00000000e7500000|  0%| F|  |TAMS 0x00000000e7400000| PB 0x00000000e7400000| Untracked 
| 117|0x00000000e7500000, 0x00000000e7500000, 0x00000000e7600000|  0%| F|  |TAMS 0x00000000e7500000| PB 0x00000000e7500000| Untracked 
| 118|0x00000000e7600000, 0x00000000e7600000, 0x00000000e7700000|  0%| F|  |TAMS 0x00000000e7600000| PB 0x00000000e7600000| Untracked 
| 119|0x00000000e7700000, 0x00000000e7700000, 0x00000000e7800000|  0%| F|  |TAMS 0x00000000e7700000| PB 0x00000000e7700000| Untracked 
| 120|0x00000000e7800000, 0x00000000e7800000, 0x00000000e7900000|  0%| F|  |TAMS 0x00000000e7800000| PB 0x00000000e7800000| Untracked 
| 121|0x00000000e7900000, 0x00000000e7900000, 0x00000000e7a00000|  0%| F|  |TAMS 0x00000000e7900000| PB 0x00000000e7900000| Untracked 
| 122|0x00000000e7a00000, 0x00000000e7a00000, 0x00000000e7b00000|  0%| F|  |TAMS 0x00000000e7a00000| PB 0x00000000e7a00000| Untracked 
| 123|0x00000000e7b00000, 0x00000000e7b00000, 0x00000000e7c00000|  0%| F|  |TAMS 0x00000000e7b00000| PB 0x00000000e7b00000| Untracked 
| 124|0x00000000e7c00000, 0x00000000e7c7c7f8, 0x00000000e7d00000| 48%| E|  |TAMS 0x00000000e7c00000| PB 0x00000000e7c00000| Complete 
| 125|0x00000000e7d00000, 0x00000000e7e00000, 0x00000000e7e00000|100%| E|CS|TAMS 0x00000000e7d00000| PB 0x00000000e7d00000| Complete 
| 126|0x00000000e7e00000, 0x00000000e7f00000, 0x00000000e7f00000|100%| E|CS|TAMS 0x00000000e7e00000| PB 0x00000000e7e00000| Complete 
| 127|0x00000000e7f00000, 0x00000000e8000000, 0x00000000e8000000|100%| E|CS|TAMS 0x00000000e7f00000| PB 0x00000000e7f00000| Complete 
| 128|0x00000000e8000000, 0x00000000e8100000, 0x00000000e8100000|100%| E|CS|TAMS 0x00000000e8000000| PB 0x00000000e8000000| Complete 
| 129|0x00000000e8100000, 0x00000000e8200000, 0x00000000e8200000|100%| E|CS|TAMS 0x00000000e8100000| PB 0x00000000e8100000| Complete 
| 130|0x00000000e8200000, 0x00000000e8300000, 0x00000000e8300000|100%| E|CS|TAMS 0x00000000e8200000| PB 0x00000000e8200000| Complete 
| 131|0x00000000e8300000, 0x00000000e8400000, 0x00000000e8400000|100%| E|CS|TAMS 0x00000000e8300000| PB 0x00000000e8300000| Complete 
| 132|0x00000000e8400000, 0x00000000e8500000, 0x00000000e8500000|100%| E|CS|TAMS 0x00000000e8400000| PB 0x00000000e8400000| Complete 
| 133|0x00000000e8500000, 0x00000000e8600000, 0x00000000e8600000|100%| E|CS|TAMS 0x00000000e8500000| PB 0x00000000e8500000| Complete 
| 134|0x00000000e8600000, 0x00000000e8700000, 0x00000000e8700000|100%| E|CS|TAMS 0x00000000e8600000| PB 0x00000000e8600000| Complete 
| 135|0x00000000e8700000, 0x00000000e8800000, 0x00000000e8800000|100%| E|CS|TAMS 0x00000000e8700000| PB 0x00000000e8700000| Complete 
| 136|0x00000000e8800000, 0x00000000e8900000, 0x00000000e8900000|100%| E|CS|TAMS 0x00000000e8800000| PB 0x00000000e8800000| Complete 
| 137|0x00000000e8900000, 0x00000000e8a00000, 0x00000000e8a00000|100%| E|  |TAMS 0x00000000e8900000| PB 0x00000000e8900000| Complete 
| 138|0x00000000e8a00000, 0x00000000e8b00000, 0x00000000e8b00000|100%| E|CS|TAMS 0x00000000e8a00000| PB 0x00000000e8a00000| Complete 
| 139|0x00000000e8b00000, 0x00000000e8c00000, 0x00000000e8c00000|100%| E|CS|TAMS 0x00000000e8b00000| PB 0x00000000e8b00000| Complete 
| 140|0x00000000e8c00000, 0x00000000e8d00000, 0x00000000e8d00000|100%| E|CS|TAMS 0x00000000e8c00000| PB 0x00000000e8c00000| Complete 
| 141|0x00000000e8d00000, 0x00000000e8e00000, 0x00000000e8e00000|100%| E|CS|TAMS 0x00000000e8d00000| PB 0x00000000e8d00000| Complete 
| 142|0x00000000e8e00000, 0x00000000e8f00000, 0x00000000e8f00000|100%| E|CS|TAMS 0x00000000e8e00000| PB 0x00000000e8e00000| Complete 
| 143|0x00000000e8f00000, 0x00000000e9000000, 0x00000000e9000000|100%| E|CS|TAMS 0x00000000e8f00000| PB 0x00000000e8f00000| Complete 
| 144|0x00000000e9000000, 0x00000000e9100000, 0x00000000e9100000|100%| E|CS|TAMS 0x00000000e9000000| PB 0x00000000e9000000| Complete 
| 145|0x00000000e9100000, 0x00000000e9200000, 0x00000000e9200000|100%| E|CS|TAMS 0x00000000e9100000| PB 0x00000000e9100000| Complete 
| 146|0x00000000e9200000, 0x00000000e9300000, 0x00000000e9300000|100%| E|CS|TAMS 0x00000000e9200000| PB 0x00000000e9200000| Complete 
| 147|0x00000000e9300000, 0x00000000e9400000, 0x00000000e9400000|100%| E|CS|TAMS 0x00000000e9300000| PB 0x00000000e9300000| Complete 
| 148|0x00000000e9400000, 0x00000000e9500000, 0x00000000e9500000|100%| E|CS|TAMS 0x00000000e9400000| PB 0x00000000e9400000| Complete 
| 149|0x00000000e9500000, 0x00000000e9600000, 0x00000000e9600000|100%| E|CS|TAMS 0x00000000e9500000| PB 0x00000000e9500000| Complete 
| 150|0x00000000e9600000, 0x00000000e9700000, 0x00000000e9700000|100%| E|CS|TAMS 0x00000000e9600000| PB 0x00000000e9600000| Complete 
| 151|0x00000000e9700000, 0x00000000e9800000, 0x00000000e9800000|100%| E|CS|TAMS 0x00000000e9700000| PB 0x00000000e9700000| Complete 
| 152|0x00000000e9800000, 0x00000000e9900000, 0x00000000e9900000|100%| E|CS|TAMS 0x00000000e9800000| PB 0x00000000e9800000| Complete 
| 153|0x00000000e9900000, 0x00000000e9a00000, 0x00000000e9a00000|100%| E|CS|TAMS 0x00000000e9900000| PB 0x00000000e9900000| Complete 
| 154|0x00000000e9a00000, 0x00000000e9b00000, 0x00000000e9b00000|100%| E|CS|TAMS 0x00000000e9a00000| PB 0x00000000e9a00000| Complete 
| 155|0x00000000e9b00000, 0x00000000e9c00000, 0x00000000e9c00000|100%| E|CS|TAMS 0x00000000e9b00000| PB 0x00000000e9b00000| Complete 
| 156|0x00000000e9c00000, 0x00000000e9d00000, 0x00000000e9d00000|100%| E|CS|TAMS 0x00000000e9c00000| PB 0x00000000e9c00000| Complete 
| 157|0x00000000e9d00000, 0x00000000e9e00000, 0x00000000e9e00000|100%| E|CS|TAMS 0x00000000e9d00000| PB 0x00000000e9d00000| Complete 
| 158|0x00000000e9e00000, 0x00000000e9f00000, 0x00000000e9f00000|100%| E|CS|TAMS 0x00000000e9e00000| PB 0x00000000e9e00000| Complete 
| 159|0x00000000e9f00000, 0x00000000ea000000, 0x00000000ea000000|100%| E|CS|TAMS 0x00000000e9f00000| PB 0x00000000e9f00000| Complete 
| 160|0x00000000ea000000, 0x00000000ea100000, 0x00000000ea100000|100%| E|CS|TAMS 0x00000000ea000000| PB 0x00000000ea000000| Complete 
| 161|0x00000000ea100000, 0x00000000ea200000, 0x00000000ea200000|100%| E|CS|TAMS 0x00000000ea100000| PB 0x00000000ea100000| Complete 
| 162|0x00000000ea200000, 0x00000000ea300000, 0x00000000ea300000|100%| E|CS|TAMS 0x00000000ea200000| PB 0x00000000ea200000| Complete 
| 163|0x00000000ea300000, 0x00000000ea400000, 0x00000000ea400000|100%| E|CS|TAMS 0x00000000ea300000| PB 0x00000000ea300000| Complete 
| 164|0x00000000ea400000, 0x00000000ea500000, 0x00000000ea500000|100%| E|CS|TAMS 0x00000000ea400000| PB 0x00000000ea400000| Complete 
| 165|0x00000000ea500000, 0x00000000ea600000, 0x00000000ea600000|100%| E|CS|TAMS 0x00000000ea500000| PB 0x00000000ea500000| Complete 
| 166|0x00000000ea600000, 0x00000000ea700000, 0x00000000ea700000|100%| E|CS|TAMS 0x00000000ea600000| PB 0x00000000ea600000| Complete 
| 167|0x00000000ea700000, 0x00000000ea800000, 0x00000000ea800000|100%| E|CS|TAMS 0x00000000ea700000| PB 0x00000000ea700000| Complete 
| 168|0x00000000ea800000, 0x00000000ea900000, 0x00000000ea900000|100%| E|CS|TAMS 0x00000000ea800000| PB 0x00000000ea800000| Complete 
| 169|0x00000000ea900000, 0x00000000eaa00000, 0x00000000eaa00000|100%| E|CS|TAMS 0x00000000ea900000| PB 0x00000000ea900000| Complete 
| 170|0x00000000eaa00000, 0x00000000eab00000, 0x00000000eab00000|100%| E|CS|TAMS 0x00000000eaa00000| PB 0x00000000eaa00000| Complete 
| 171|0x00000000eab00000, 0x00000000eac00000, 0x00000000eac00000|100%| E|CS|TAMS 0x00000000eab00000| PB 0x00000000eab00000| Complete 
| 172|0x00000000eac00000, 0x00000000ead00000, 0x00000000ead00000|100%| E|CS|TAMS 0x00000000eac00000| PB 0x00000000eac00000| Complete 
| 173|0x00000000ead00000, 0x00000000eae00000, 0x00000000eae00000|100%| E|CS|TAMS 0x00000000ead00000| PB 0x00000000ead00000| Complete 
| 174|0x00000000eae00000, 0x00000000eaf00000, 0x00000000eaf00000|100%| E|CS|TAMS 0x00000000eae00000| PB 0x00000000eae00000| Complete 
| 175|0x00000000eaf00000, 0x00000000eb000000, 0x00000000eb000000|100%| E|CS|TAMS 0x00000000eaf00000| PB 0x00000000eaf00000| Complete 
| 176|0x00000000eb000000, 0x00000000eb100000, 0x00000000eb100000|100%| E|CS|TAMS 0x00000000eb000000| PB 0x00000000eb000000| Complete 
| 177|0x00000000eb100000, 0x00000000eb200000, 0x00000000eb200000|100%| E|CS|TAMS 0x00000000eb100000| PB 0x00000000eb100000| Complete 
| 178|0x00000000eb200000, 0x00000000eb300000, 0x00000000eb300000|100%| E|CS|TAMS 0x00000000eb200000| PB 0x00000000eb200000| Complete 
| 179|0x00000000eb300000, 0x00000000eb400000, 0x00000000eb400000|100%| E|CS|TAMS 0x00000000eb300000| PB 0x00000000eb300000| Complete 
| 180|0x00000000eb400000, 0x00000000eb500000, 0x00000000eb500000|100%| E|CS|TAMS 0x00000000eb400000| PB 0x00000000eb400000| Complete 
| 181|0x00000000eb500000, 0x00000000eb600000, 0x00000000eb600000|100%| E|CS|TAMS 0x00000000eb500000| PB 0x00000000eb500000| Complete 
| 182|0x00000000eb600000, 0x00000000eb700000, 0x00000000eb700000|100%| E|CS|TAMS 0x00000000eb600000| PB 0x00000000eb600000| Complete 
| 183|0x00000000eb700000, 0x00000000eb800000, 0x00000000eb800000|100%| E|CS|TAMS 0x00000000eb700000| PB 0x00000000eb700000| Complete 
| 184|0x00000000eb800000, 0x00000000eb900000, 0x00000000eb900000|100%| E|CS|TAMS 0x00000000eb800000| PB 0x00000000eb800000| Complete 
| 185|0x00000000eb900000, 0x00000000eba00000, 0x00000000eba00000|100%| E|CS|TAMS 0x00000000eb900000| PB 0x00000000eb900000| Complete 
| 186|0x00000000eba00000, 0x00000000ebb00000, 0x00000000ebb00000|100%| E|CS|TAMS 0x00000000eba00000| PB 0x00000000eba00000| Complete 
| 187|0x00000000ebb00000, 0x00000000ebc00000, 0x00000000ebc00000|100%| E|CS|TAMS 0x00000000ebb00000| PB 0x00000000ebb00000| Complete 
| 188|0x00000000ebc00000, 0x00000000ebd00000, 0x00000000ebd00000|100%| E|CS|TAMS 0x00000000ebc00000| PB 0x00000000ebc00000| Complete 
| 189|0x00000000ebd00000, 0x00000000ebe00000, 0x00000000ebe00000|100%| E|CS|TAMS 0x00000000ebd00000| PB 0x00000000ebd00000| Complete 
| 190|0x00000000ebe00000, 0x00000000ebf00000, 0x00000000ebf00000|100%| E|CS|TAMS 0x00000000ebe00000| PB 0x00000000ebe00000| Complete 
| 191|0x00000000ebf00000, 0x00000000ec000000, 0x00000000ec000000|100%| E|CS|TAMS 0x00000000ebf00000| PB 0x00000000ebf00000| Complete 
| 192|0x00000000ec000000, 0x00000000ec100000, 0x00000000ec100000|100%| E|CS|TAMS 0x00000000ec000000| PB 0x00000000ec000000| Complete 
| 193|0x00000000ec100000, 0x00000000ec200000, 0x00000000ec200000|100%| E|CS|TAMS 0x00000000ec100000| PB 0x00000000ec100000| Complete 
| 194|0x00000000ec200000, 0x00000000ec300000, 0x00000000ec300000|100%| E|CS|TAMS 0x00000000ec200000| PB 0x00000000ec200000| Complete 
| 195|0x00000000ec300000, 0x00000000ec400000, 0x00000000ec400000|100%| E|CS|TAMS 0x00000000ec300000| PB 0x00000000ec300000| Complete 
| 196|0x00000000ec400000, 0x00000000ec500000, 0x00000000ec500000|100%| E|CS|TAMS 0x00000000ec400000| PB 0x00000000ec400000| Complete 
| 197|0x00000000ec500000, 0x00000000ec600000, 0x00000000ec600000|100%| E|CS|TAMS 0x00000000ec500000| PB 0x00000000ec500000| Complete 
| 198|0x00000000ec600000, 0x00000000ec700000, 0x00000000ec700000|100%| E|CS|TAMS 0x00000000ec600000| PB 0x00000000ec600000| Complete 
| 199|0x00000000ec700000, 0x00000000ec800000, 0x00000000ec800000|100%| E|CS|TAMS 0x00000000ec700000| PB 0x00000000ec700000| Complete 
| 200|0x00000000ec800000, 0x00000000ec900000, 0x00000000ec900000|100%| E|CS|TAMS 0x00000000ec800000| PB 0x00000000ec800000| Complete 
| 201|0x00000000ec900000, 0x00000000eca00000, 0x00000000eca00000|100%| E|CS|TAMS 0x00000000ec900000| PB 0x00000000ec900000| Complete 
| 202|0x00000000eca00000, 0x00000000ecb00000, 0x00000000ecb00000|100%| E|CS|TAMS 0x00000000eca00000| PB 0x00000000eca00000| Complete 
| 203|0x00000000ecb00000, 0x00000000ecc00000, 0x00000000ecc00000|100%| E|CS|TAMS 0x00000000ecb00000| PB 0x00000000ecb00000| Complete 
| 204|0x00000000ecc00000, 0x00000000ecd00000, 0x00000000ecd00000|100%| E|CS|TAMS 0x00000000ecc00000| PB 0x00000000ecc00000| Complete 
| 205|0x00000000ecd00000, 0x00000000ece00000, 0x00000000ece00000|100%| E|CS|TAMS 0x00000000ecd00000| PB 0x00000000ecd00000| Complete 
| 206|0x00000000ece00000, 0x00000000ecf00000, 0x00000000ecf00000|100%| E|CS|TAMS 0x00000000ece00000| PB 0x00000000ece00000| Complete 
| 207|0x00000000ecf00000, 0x00000000ed000000, 0x00000000ed000000|100%| E|CS|TAMS 0x00000000ecf00000| PB 0x00000000ecf00000| Complete 
| 208|0x00000000ed000000, 0x00000000ed100000, 0x00000000ed100000|100%| E|CS|TAMS 0x00000000ed000000| PB 0x00000000ed000000| Complete 
| 209|0x00000000ed100000, 0x00000000ed200000, 0x00000000ed200000|100%| E|CS|TAMS 0x00000000ed100000| PB 0x00000000ed100000| Complete 
| 210|0x00000000ed200000, 0x00000000ed300000, 0x00000000ed300000|100%| E|CS|TAMS 0x00000000ed200000| PB 0x00000000ed200000| Complete 
| 211|0x00000000ed300000, 0x00000000ed400000, 0x00000000ed400000|100%| E|CS|TAMS 0x00000000ed300000| PB 0x00000000ed300000| Complete 
| 212|0x00000000ed400000, 0x00000000ed500000, 0x00000000ed500000|100%| E|CS|TAMS 0x00000000ed400000| PB 0x00000000ed400000| Complete 
| 213|0x00000000ed500000, 0x00000000ed600000, 0x00000000ed600000|100%| E|CS|TAMS 0x00000000ed500000| PB 0x00000000ed500000| Complete 
| 214|0x00000000ed600000, 0x00000000ed700000, 0x00000000ed700000|100%| E|CS|TAMS 0x00000000ed600000| PB 0x00000000ed600000| Complete 
| 215|0x00000000ed700000, 0x00000000ed800000, 0x00000000ed800000|100%| E|CS|TAMS 0x00000000ed700000| PB 0x00000000ed700000| Complete 
| 216|0x00000000ed800000, 0x00000000ed900000, 0x00000000ed900000|100%| E|CS|TAMS 0x00000000ed800000| PB 0x00000000ed800000| Complete 
| 217|0x00000000ed900000, 0x00000000eda00000, 0x00000000eda00000|100%| E|CS|TAMS 0x00000000ed900000| PB 0x00000000ed900000| Complete 
| 218|0x00000000eda00000, 0x00000000edb00000, 0x00000000edb00000|100%| E|CS|TAMS 0x00000000eda00000| PB 0x00000000eda00000| Complete 
| 219|0x00000000edb00000, 0x00000000edc00000, 0x00000000edc00000|100%| E|CS|TAMS 0x00000000edb00000| PB 0x00000000edb00000| Complete 
| 220|0x00000000edc00000, 0x00000000edd00000, 0x00000000edd00000|100%| E|CS|TAMS 0x00000000edc00000| PB 0x00000000edc00000| Complete 
| 221|0x00000000edd00000, 0x00000000ede00000, 0x00000000ede00000|100%| E|CS|TAMS 0x00000000edd00000| PB 0x00000000edd00000| Complete 
| 222|0x00000000ede00000, 0x00000000edf00000, 0x00000000edf00000|100%| E|CS|TAMS 0x00000000ede00000| PB 0x00000000ede00000| Complete 
| 223|0x00000000edf00000, 0x00000000ee000000, 0x00000000ee000000|100%| E|CS|TAMS 0x00000000edf00000| PB 0x00000000edf00000| Complete 
| 224|0x00000000ee000000, 0x00000000ee100000, 0x00000000ee100000|100%| E|CS|TAMS 0x00000000ee000000| PB 0x00000000ee000000| Complete 
| 225|0x00000000ee100000, 0x00000000ee200000, 0x00000000ee200000|100%| E|CS|TAMS 0x00000000ee100000| PB 0x00000000ee100000| Complete 
| 226|0x00000000ee200000, 0x00000000ee300000, 0x00000000ee300000|100%| E|CS|TAMS 0x00000000ee200000| PB 0x00000000ee200000| Complete 
| 227|0x00000000ee300000, 0x00000000ee400000, 0x00000000ee400000|100%| E|CS|TAMS 0x00000000ee300000| PB 0x00000000ee300000| Complete 
| 228|0x00000000ee400000, 0x00000000ee500000, 0x00000000ee500000|100%| E|CS|TAMS 0x00000000ee400000| PB 0x00000000ee400000| Complete 
| 229|0x00000000ee500000, 0x00000000ee600000, 0x00000000ee600000|100%| E|CS|TAMS 0x00000000ee500000| PB 0x00000000ee500000| Complete 
| 230|0x00000000ee600000, 0x00000000ee700000, 0x00000000ee700000|100%| E|CS|TAMS 0x00000000ee600000| PB 0x00000000ee600000| Complete 
| 231|0x00000000ee700000, 0x00000000ee800000, 0x00000000ee800000|100%| E|CS|TAMS 0x00000000ee700000| PB 0x00000000ee700000| Complete 
| 232|0x00000000ee800000, 0x00000000ee900000, 0x00000000ee900000|100%| E|CS|TAMS 0x00000000ee800000| PB 0x00000000ee800000| Complete 
| 233|0x00000000ee900000, 0x00000000eea00000, 0x00000000eea00000|100%| E|CS|TAMS 0x00000000ee900000| PB 0x00000000ee900000| Complete 
| 234|0x00000000eea00000, 0x00000000eeb00000, 0x00000000eeb00000|100%| E|CS|TAMS 0x00000000eea00000| PB 0x00000000eea00000| Complete 
| 235|0x00000000eeb00000, 0x00000000eec00000, 0x00000000eec00000|100%| E|CS|TAMS 0x00000000eeb00000| PB 0x00000000eeb00000| Complete 
| 236|0x00000000eec00000, 0x00000000eed00000, 0x00000000eed00000|100%| E|CS|TAMS 0x00000000eec00000| PB 0x00000000eec00000| Complete 
| 237|0x00000000eed00000, 0x00000000eee00000, 0x00000000eee00000|100%| E|CS|TAMS 0x00000000eed00000| PB 0x00000000eed00000| Complete 
| 238|0x00000000eee00000, 0x00000000eef00000, 0x00000000eef00000|100%| E|CS|TAMS 0x00000000eee00000| PB 0x00000000eee00000| Complete 
| 239|0x00000000eef00000, 0x00000000ef000000, 0x00000000ef000000|100%| E|CS|TAMS 0x00000000eef00000| PB 0x00000000eef00000| Complete 
| 240|0x00000000ef000000, 0x00000000ef100000, 0x00000000ef100000|100%| E|CS|TAMS 0x00000000ef000000| PB 0x00000000ef000000| Complete 
| 241|0x00000000ef100000, 0x00000000ef200000, 0x00000000ef200000|100%| E|CS|TAMS 0x00000000ef100000| PB 0x00000000ef100000| Complete 
| 242|0x00000000ef200000, 0x00000000ef300000, 0x00000000ef300000|100%| E|CS|TAMS 0x00000000ef200000| PB 0x00000000ef200000| Complete 
| 243|0x00000000ef300000, 0x00000000ef400000, 0x00000000ef400000|100%| E|CS|TAMS 0x00000000ef300000| PB 0x00000000ef300000| Complete 
| 244|0x00000000ef400000, 0x00000000ef500000, 0x00000000ef500000|100%| E|CS|TAMS 0x00000000ef400000| PB 0x00000000ef400000| Complete 
| 245|0x00000000ef500000, 0x00000000ef5b8470, 0x00000000ef600000| 71%| S|CS|TAMS 0x00000000ef500000| PB 0x00000000ef500000| Complete 
| 246|0x00000000ef600000, 0x00000000ef700000, 0x00000000ef700000|100%| S|CS|TAMS 0x00000000ef600000| PB 0x00000000ef600000| Complete 
| 247|0x00000000ef700000, 0x00000000ef800000, 0x00000000ef800000|100%| S|CS|TAMS 0x00000000ef700000| PB 0x00000000ef700000| Complete 
| 248|0x00000000ef800000, 0x00000000ef900000, 0x00000000ef900000|100%| S|CS|TAMS 0x00000000ef800000| PB 0x00000000ef800000| Complete 
| 249|0x00000000ef900000, 0x00000000efa00000, 0x00000000efa00000|100%| S|CS|TAMS 0x00000000ef900000| PB 0x00000000ef900000| Complete 
| 250|0x00000000efa00000, 0x00000000efb00000, 0x00000000efb00000|100%| S|CS|TAMS 0x00000000efa00000| PB 0x00000000efa00000| Complete 
| 251|0x00000000efb00000, 0x00000000efc00000, 0x00000000efc00000|100%| S|CS|TAMS 0x00000000efb00000| PB 0x00000000efb00000| Complete 
| 252|0x00000000efc00000, 0x00000000efd00000, 0x00000000efd00000|100%| S|CS|TAMS 0x00000000efc00000| PB 0x00000000efc00000| Complete 
| 253|0x00000000efd00000, 0x00000000efe00000, 0x00000000efe00000|100%| E|CS|TAMS 0x00000000efd00000| PB 0x00000000efd00000| Complete 
| 254|0x00000000efe00000, 0x00000000eff00000, 0x00000000eff00000|100%| E|CS|TAMS 0x00000000efe00000| PB 0x00000000efe00000| Complete 
| 255|0x00000000eff00000, 0x00000000f0000000, 0x00000000f0000000|100%| E|CS|TAMS 0x00000000eff00000| PB 0x00000000eff00000| Complete 

Card table byte_map: [0x0000022cfb2c0000,0x0000022cfb3c0000] _byte_map_base: 0x0000022cfabc0000

Marking Bits: (CMBitMap*) 0x0000022cf0d3c8f0
 Bits: [0x0000022cfb3c0000, 0x0000022cfbbc0000)

Polling page: 0x0000022cf09c0000

Metaspace:

Usage:
  Non-class:     54.62 MB used.
      Class:      9.20 MB used.
       Both:     63.81 MB used.

Virtual space:
  Non-class space:       64.00 MB reserved,      55.62 MB ( 87%) committed,  1 nodes.
      Class space:      320.00 MB reserved,      10.19 MB (  3%) committed,  1 nodes.
             Both:      384.00 MB reserved,      65.81 MB ( 17%) committed. 

Chunk freelists:
   Non-Class:  8.30 MB
       Class:  5.62 MB
        Both:  13.92 MB

MaxMetaspaceSize: 384.00 MB
CompressedClassSpaceSize: 320.00 MB
Initial GC threshold: 21.00 MB
Current GC threshold: 98.56 MB
CDS: on
 - commit_granule_bytes: 65536.
 - commit_granule_words: 8192.
 - virtual_space_node_default_size: 8388608.
 - enlarge_chunks_in_place: 1.
 - use_allocation_guard: 0.


Internal statistics:

num_allocs_failed_limit: 12.
num_arena_births: 3646.
num_arena_deaths: 0.
num_vsnodes_births: 2.
num_vsnodes_deaths: 0.
num_space_committed: 1053.
num_space_uncommitted: 0.
num_chunks_returned_to_freelist: 12.
num_chunks_taken_from_freelist: 6893.
num_chunk_merges: 6.
num_chunk_splits: 4372.
num_chunks_enlarged: 2563.
num_inconsistent_stats: 0.

CodeHeap 'non-profiled nmethods': size=120000Kb used=4948Kb max_used=4948Kb free=115051Kb
 bounds [0x0000022c87ad0000, 0x0000022c87fb0000, 0x0000022c8f000000]
CodeHeap 'profiled nmethods': size=120000Kb used=15975Kb max_used=15975Kb free=104024Kb
 bounds [0x0000022c80000000, 0x0000022c80fa0000, 0x0000022c87530000]
CodeHeap 'non-nmethods': size=5760Kb used=3024Kb max_used=3082Kb free=2735Kb
 bounds [0x0000022c87530000, 0x0000022c87850000, 0x0000022c87ad0000]
 total_blobs=8860 nmethods=7965 adapters=799
 compilation: enabled
              stopped_count=0, restarted_count=0
 full_count=0

Compilation events (20 events):
Event: 33.398 Thread 0x0000022cfe675a60 8774  s!   3       sun.nio.ch.ChannelOutputStream::write (145 bytes)
Event: 33.400 Thread 0x0000022cfe675a60 nmethod 8774 0x0000022c80f8d990 code [0x0000022c80f8dc20, 0x0000022c80f8e9b0]
Event: 33.400 Thread 0x0000022cfe675a60 8778       3       org.gradle.cache.internal.DefaultCacheCoordinator::access$300 (5 bytes)
Event: 33.401 Thread 0x0000022cfe675a60 nmethod 8778 0x0000022c80f8ee90 code [0x0000022c80f8f040, 0x0000022c80f8f160]
Event: 33.401 Thread 0x0000022cfe675a60 8779   !   3       org.gradle.cache.internal.DefaultCacheCoordinator::getFileLock (98 bytes)
Event: 33.403 Thread 0x0000022cfe675a60 nmethod 8779 0x0000022c80f8f210 code [0x0000022c80f8f520, 0x0000022c80f90788]
Event: 33.404 Thread 0x0000022cfe675a60 8777       3       java.util.concurrent.locks.AbstractQueuedSynchronizer::hasQueuedPredecessors (58 bytes)
Event: 33.404 Thread 0x0000022cfe675a60 nmethod 8777 0x0000022c80f90f10 code [0x0000022c80f910e0, 0x0000022c80f913c8]
Event: 33.404 Thread 0x0000022cfe675a60 8776       3       sun.nio.ch.FileDispatcherImpl::write (17 bytes)
Event: 33.404 Thread 0x0000022cfe675a60 nmethod 8776 0x0000022c80f91490 code [0x0000022c80f91640, 0x0000022c80f91808]
Event: 33.406 Thread 0x0000022cfe675a60 8782   !   3       sun.nio.ch.FileChannelImpl::write (288 bytes)
Event: 33.408 Thread 0x0000022cfe675a60 nmethod 8782 0x0000022c80f91910 code [0x0000022c80f91c60, 0x0000022c80f92dd8]
Event: 33.420 Thread 0x0000022cfe675a60 8783       3       org.gradle.internal.snapshot.AbstractFileSystemLocationSnapshot::relocate (72 bytes)
Event: 33.421 Thread 0x0000022cfe675a60 nmethod 8783 0x0000022c80f93790 code [0x0000022c80f939e0, 0x0000022c80f94398]
Event: 33.422 Thread 0x0000022cfe675a60 8784       3       org.gradle.internal.snapshot.SnapshotUtil$2::handleExactMatchWithChild (9 bytes)
Event: 33.422 Thread 0x0000022cfe675a60 nmethod 8784 0x0000022c80f94690 code [0x0000022c80f94880, 0x0000022c80f94e38]
Event: 33.423 Thread 0x0000022cfe675a60 8785       3       org.gradle.internal.snapshot.SnapshotUtil$2::handleExactMatchWithChild (5 bytes)
Event: 33.424 Thread 0x0000022cfe675a60 nmethod 8785 0x0000022c80f95010 code [0x0000022c80f951e0, 0x0000022c80f95610]
Event: 33.427 Thread 0x0000022cfe675a60 8786       3       org.gradle.internal.classpath.transforms.InstrumentingBackwardsCompatibilityVisitor::fixHandleForBackwardsCompatibility (38 bytes)
Event: 33.428 Thread 0x0000022cfe675a60 nmethod 8786 0x0000022c80f95790 code [0x0000022c80f95980, 0x0000022c80f95dc0]

GC Heap History (16 events):
Event: 1.007 GC heap before
{Heap before GC invocations=0 (full 0):
 garbage-first heap   total 262144K, used 22528K [0x00000000e0000000, 0x0000000100000000)
  region size 1024K, 23 young (23552K), 0 survivors (0K)
 Metaspace       used 1059K, committed 1216K, reserved 393216K
  class space    used 76K, committed 128K, reserved 327680K
}
Event: 1.012 GC heap after
{Heap after GC invocations=1 (full 0):
 garbage-first heap   total 262144K, used 2517K [0x00000000e0000000, 0x0000000100000000)
  region size 1024K, 3 young (3072K), 3 survivors (3072K)
 Metaspace       used 1059K, committed 1216K, reserved 393216K
  class space    used 76K, committed 128K, reserved 327680K
}
Event: 3.051 GC heap before
{Heap before GC invocations=1 (full 0):
 garbage-first heap   total 262144K, used 40405K [0x00000000e0000000, 0x0000000100000000)
  region size 1024K, 38 young (38912K), 3 survivors (3072K)
 Metaspace       used 4426K, committed 4672K, reserved 393216K
  class space    used 542K, committed 640K, reserved 327680K
}
Event: 3.057 GC heap after
{Heap after GC invocations=2 (full 0):
 garbage-first heap   total 262144K, used 11015K [0x00000000e0000000, 0x0000000100000000)
  region size 1024K, 5 young (5120K), 5 survivors (5120K)
 Metaspace       used 4426K, committed 4672K, reserved 393216K
  class space    used 542K, committed 640K, reserved 327680K
}
Event: 4.611 GC heap before
{Heap before GC invocations=2 (full 0):
 garbage-first heap   total 262144K, used 61191K [0x00000000e0000000, 0x0000000100000000)
  region size 1024K, 52 young (53248K), 5 survivors (5120K)
 Metaspace       used 5806K, committed 6016K, reserved 393216K
  class space    used 749K, committed 832K, reserved 327680K
}
Event: 4.619 GC heap after
{Heap after GC invocations=3 (full 0):
 garbage-first heap   total 262144K, used 17246K [0x00000000e0000000, 0x0000000100000000)
  region size 1024K, 7 young (7168K), 7 survivors (7168K)
 Metaspace       used 5806K, committed 6016K, reserved 393216K
  class space    used 749K, committed 832K, reserved 327680K
}
Event: 10.498 GC heap before
{Heap before GC invocations=3 (full 0):
 garbage-first heap   total 262144K, used 105310K [0x00000000e0000000, 0x0000000100000000)
  region size 1024K, 94 young (96256K), 7 survivors (7168K)
 Metaspace       used 20867K, committed 21504K, reserved 393216K
  class space    used 2990K, committed 3328K, reserved 327680K
}
Event: 10.515 GC heap after
{Heap after GC invocations=4 (full 0):
 garbage-first heap   total 262144K, used 23673K [0x00000000e0000000, 0x0000000100000000)
  region size 1024K, 14 young (14336K), 14 survivors (14336K)
 Metaspace       used 20867K, committed 21504K, reserved 393216K
  class space    used 2990K, committed 3328K, reserved 327680K
}
Event: 15.265 GC heap before
{Heap before GC invocations=5 (full 0):
 garbage-first heap   total 262144K, used 146553K [0x00000000e0000000, 0x0000000100000000)
  region size 1024K, 136 young (139264K), 14 survivors (14336K)
 Metaspace       used 34977K, committed 35968K, reserved 393216K
  class space    used 4946K, committed 5440K, reserved 327680K
}
Event: 15.286 GC heap after
{Heap after GC invocations=6 (full 0):
 garbage-first heap   total 262144K, used 33366K [0x00000000e0000000, 0x0000000100000000)
  region size 1024K, 20 young (20480K), 20 survivors (20480K)
 Metaspace       used 34977K, committed 35968K, reserved 393216K
  class space    used 4946K, committed 5440K, reserved 327680K
}
Event: 21.326 GC heap before
{Heap before GC invocations=7 (full 0):
 garbage-first heap   total 262144K, used 175702K [0x00000000e0000000, 0x0000000100000000)
  region size 1024K, 153 young (156672K), 20 survivors (20480K)
 Metaspace       used 51245K, committed 52864K, reserved 393216K
  class space    used 7198K, committed 8000K, reserved 327680K
}
Event: 21.357 GC heap after
{Heap after GC invocations=8 (full 0):
 garbage-first heap   total 262144K, used 41233K [0x00000000e0000000, 0x0000000100000000)
  region size 1024K, 18 young (18432K), 18 survivors (18432K)
 Metaspace       used 51245K, committed 52864K, reserved 393216K
  class space    used 7198K, committed 8000K, reserved 327680K
}
Event: 24.227 GC heap before
{Heap before GC invocations=8 (full 0):
 garbage-first heap   total 262144K, used 125201K [0x00000000e0000000, 0x0000000100000000)
  region size 1024K, 101 young (103424K), 18 survivors (18432K)
 Metaspace       used 58168K, committed 60096K, reserved 393216K
  class space    used 8338K, committed 9280K, reserved 327680K
}
Event: 24.246 GC heap after
{Heap after GC invocations=9 (full 0):
 garbage-first heap   total 262144K, used 47392K [0x00000000e0000000, 0x0000000100000000)
  region size 1024K, 16 young (16384K), 16 survivors (16384K)
 Metaspace       used 58168K, committed 60096K, reserved 393216K
  class space    used 8338K, committed 9280K, reserved 327680K
}
Event: 24.355 GC heap before
{Heap before GC invocations=9 (full 0):
 garbage-first heap   total 262144K, used 49440K [0x00000000e0000000, 0x0000000100000000)
  region size 1024K, 19 young (19456K), 16 survivors (16384K)
 Metaspace       used 58472K, committed 60416K, reserved 393216K
  class space    used 8397K, committed 9408K, reserved 327680K
}
Event: 24.368 GC heap after
{Heap after GC invocations=10 (full 0):
 garbage-first heap   total 262144K, used 48830K [0x00000000e0000000, 0x0000000100000000)
  region size 1024K, 8 young (8192K), 8 survivors (8192K)
 Metaspace       used 58472K, committed 60416K, reserved 393216K
  class space    used 8397K, committed 9408K, reserved 327680K
}

Dll operation events (15 events):
Event: 0.041 Loaded shared library D:\Texnoera Academy\Programs\bin\java.dll
Event: 0.114 Loaded shared library D:\Texnoera Academy\Programs\bin\jsvml.dll
Event: 0.178 Loaded shared library D:\Texnoera Academy\Programs\bin\zip.dll
Event: 0.188 Loaded shared library D:\Texnoera Academy\Programs\bin\instrument.dll
Event: 0.216 Loaded shared library D:\Texnoera Academy\Programs\bin\net.dll
Event: 0.272 Loaded shared library D:\Texnoera Academy\Programs\bin\nio.dll
Event: 0.275 Loaded shared library D:\Texnoera Academy\Programs\bin\zip.dll
Event: 0.850 Loaded shared library D:\Texnoera Academy\Programs\bin\jimage.dll
Event: 1.275 Loaded shared library D:\Texnoera Academy\Programs\bin\verify.dll
Event: 1.597 Loaded shared library C:\Users\Dell\.gradle\native\1def1411415f61bf3af743bc5b6707747c0891f09f0c88961ee8f79bc544acac\windows-amd64\native-platform.dll
Event: 1.644 Loaded shared library C:\Users\Dell\.gradle\native\0.2.7\x86_64-windows-gnu\gradle-fileevents.dll
Event: 4.735 Loaded shared library D:\Texnoera Academy\Programs\bin\management.dll
Event: 4.763 Loaded shared library D:\Texnoera Academy\Programs\bin\management_ext.dll
Event: 5.181 Loaded shared library D:\Texnoera Academy\Programs\bin\extnet.dll
Event: 5.692 Loaded shared library D:\Texnoera Academy\Programs\bin\sunmscapi.dll

Deoptimization events (20 events):
Event: 32.865 Thread 0x0000022ca84152c0 DEOPT PACKING pc=0x0000022c80a5a7b4 sp=0x000000e0b1dfaa60
Event: 32.865 Thread 0x0000022ca84152c0 DEOPT UNPACKING pc=0x0000022c875888e2 sp=0x000000e0b1dfa030 mode 0
Event: 32.880 Thread 0x0000022ca84152c0 DEOPT PACKING pc=0x0000022c80dcbe60 sp=0x000000e0b1dfacd0
Event: 32.880 Thread 0x0000022ca84152c0 DEOPT UNPACKING pc=0x0000022c875888e2 sp=0x000000e0b1dfa1e0 mode 0
Event: 32.881 Thread 0x0000022ca84152c0 Uncommon trap: trap_request=0xffffff45 fr.pc=0x0000022c87f279a0 relative=0x0000000000001820
Event: 32.881 Thread 0x0000022ca84152c0 Uncommon trap: reason=unstable_if action=reinterpret pc=0x0000022c87f279a0 method=org.objectweb.asm.Type.getArgumentsAndReturnSizes(Ljava/lang/String;)I @ 25 c2
Event: 32.881 Thread 0x0000022ca84152c0 DEOPT PACKING pc=0x0000022c87f279a0 sp=0x000000e0b1dfa5b0
Event: 32.881 Thread 0x0000022ca84152c0 DEOPT UNPACKING pc=0x0000022c87587da2 sp=0x000000e0b1dfa458 mode 2
Event: 32.893 Thread 0x0000022cfe705500 Uncommon trap: trap_request=0xffffff45 fr.pc=0x0000022c87d54fb0 relative=0x0000000000000b50
Event: 32.893 Thread 0x0000022cfe705500 Uncommon trap: reason=unstable_if action=reinterpret pc=0x0000022c87d54fb0 method=java.util.HashMap.computeIfAbsent(Ljava/lang/Object;Ljava/util/function/Function;)Ljava/lang/Object; @ 228 c2
Event: 32.893 Thread 0x0000022cfe705500 DEOPT PACKING pc=0x0000022c87d54fb0 sp=0x000000e0afcf3140
Event: 32.893 Thread 0x0000022cfe705500 DEOPT UNPACKING pc=0x0000022c87587da2 sp=0x000000e0afcf3100 mode 2
Event: 33.162 Thread 0x0000022caa3b8030 Uncommon trap: trap_request=0xffffff45 fr.pc=0x0000022c87df2a68 relative=0x00000000000006e8
Event: 33.162 Thread 0x0000022caa3b8030 Uncommon trap: reason=unstable_if action=reinterpret pc=0x0000022c87df2a68 method=org.objectweb.asm.ClassReader.readUtf(II[C)Ljava/lang/String; @ 41 c2
Event: 33.163 Thread 0x0000022caa3b8030 DEOPT PACKING pc=0x0000022c87df2a68 sp=0x000000e0b1ffa150
Event: 33.163 Thread 0x0000022caa3b8030 DEOPT UNPACKING pc=0x0000022c87587da2 sp=0x000000e0b1ffa068 mode 2
Event: 33.168 Thread 0x0000022caa3b8030 Uncommon trap: trap_request=0xffffff45 fr.pc=0x0000022c87dedf88 relative=0x00000000000005a8
Event: 33.168 Thread 0x0000022caa3b8030 Uncommon trap: reason=unstable_if action=reinterpret pc=0x0000022c87dedf88 method=org.objectweb.asm.ClassReader.readUtf(II[C)Ljava/lang/String; @ 41 c2
Event: 33.168 Thread 0x0000022caa3b8030 DEOPT PACKING pc=0x0000022c87dedf88 sp=0x000000e0b1ffa090
Event: 33.168 Thread 0x0000022caa3b8030 DEOPT UNPACKING pc=0x0000022c87587da2 sp=0x000000e0b1ffa058 mode 2

Classes loaded (20 events):
Event: 31.900 Loading class java/util/stream/DistinctOps$1$2
Event: 31.900 Loading class java/util/stream/DistinctOps$1$2 done
Event: 32.037 Loading class java/util/zip/ZipFile$ZipEntryIterator
Event: 32.037 Loading class java/util/zip/ZipFile$ZipEntryIterator done
Event: 32.041 Loading class java/util/zip/ZipInputStream
Event: 32.041 Loading class java/util/zip/ZipInputStream done
Event: 32.608 Loading class java/nio/charset/UnsupportedCharsetException
Event: 32.608 Loading class java/nio/charset/UnsupportedCharsetException done
Event: 32.610 Loading class java/util/Collections$UnmodifiableSortedMap
Event: 32.610 Loading class java/util/Collections$UnmodifiableSortedMap done
Event: 32.613 Loading class java/util/zip/Deflater
Event: 32.614 Loading class java/util/zip/Deflater done
Event: 32.615 Loading class java/util/zip/Deflater$DeflaterZStreamRef
Event: 32.615 Loading class java/util/zip/Deflater$DeflaterZStreamRef done
Event: 32.687 Loading class java/nio/StringCharBuffer
Event: 32.688 Loading class java/nio/StringCharBuffer done
Event: 32.700 Loading class java/security/Key
Event: 32.700 Loading class java/security/Key done
Event: 32.795 Loading class java/lang/foreign/MemorySegment
Event: 32.799 Loading class java/lang/foreign/MemorySegment done

Classes unloaded (0 events):
No events

Classes redefined (0 events):
No events

Internal exceptions (20 events):
Event: 31.310 Thread 0x0000022cfe705500 Exception <a 'java/lang/NoSuchMethodError'{0x00000000eba4d2c0}: 'java.lang.Object java.lang.invoke.DirectMethodHandle$Holder.invokeSpecial(java.lang.Object, java.lang.Object, java.lang.Object, java.lang.Object, long, java.lang.Object)'> (0x00000000eba4d2c0) 
thrown [s\open\src\hotspot\share\interpreter\linkResolver.cpp, line 773]
Event: 31.310 Thread 0x0000022cfe705500 Exception <a 'java/lang/NoSuchMethodError'{0x00000000eba51ae0}: 'java.lang.Object java.lang.invoke.Invokers$Holder.linkToTargetMethod(java.lang.Object, java.lang.Object, long, java.lang.Object, java.lang.Object)'> (0x00000000eba51ae0) 
thrown [s\open\src\hotspot\share\interpreter\linkResolver.cpp, line 773]
Event: 31.342 Thread 0x0000022cfe705500 Exception <a 'java/lang/ClassNotFoundException'{0x00000000eb9626a8}: ijIdeaPluginConfigurator1_yn48k1irfmi9m4klbl56hil2$_run_closure1BeanInfo> (0x00000000eb9626a8) 
thrown [s\open\src\hotspot\share\classfile\systemDictionary.cpp, line 312]
Event: 31.342 Thread 0x0000022cfe705500 Exception <a 'java/lang/ClassNotFoundException'{0x00000000eb96a8a8}: ijIdeaPluginConfigurator1_yn48k1irfmi9m4klbl56hil2$_run_closure1Customizer> (0x00000000eb96a8a8) 
thrown [s\open\src\hotspot\share\classfile\systemDictionary.cpp, line 312]
Event: 31.705 Thread 0x0000022cfe705500 Exception <a 'java/lang/NoSuchMethodError'{0x00000000eaeb4f98}: 'java.lang.Object java.lang.invoke.DirectMethodHandle$Holder.invokeSpecial(java.lang.Object, java.lang.Object, long, java.lang.Object, java.lang.Object)'> (0x00000000eaeb4f98) 
thrown [s\open\src\hotspot\share\interpreter\linkResolver.cpp, line 773]
Event: 31.879 Thread 0x0000022cfe705500 Exception <a 'java/lang/NoSuchMethodError'{0x00000000ea91d608}: 'int java.lang.invoke.DirectMethodHandle$Holder.invokeInterface(java.lang.Object, java.lang.Object, java.lang.Object, java.lang.Object, java.lang.Object)'> (0x00000000ea91d608) 
thrown [s\open\src\hotspot\share\interpreter\linkResolver.cpp, line 773]
Event: 31.944 Thread 0x0000022cfe705500 Exception <a 'java/lang/NoSuchMethodError'{0x00000000ea81e4d8}: 'void java.lang.invoke.DirectMethodHandle$Holder.invokeStatic(java.lang.Object, java.lang.Object, java.lang.Object, java.lang.Object, int, java.lang.Object, java.lang.Object)'> (0x00000000ea81e4d8) 
thrown [s\open\src\hotspot\share\interpreter\linkResolver.cpp, line 773]
Event: 32.038 Thread 0x0000022ca8416670 Implicit null exception at 0x0000022c87c95fe3 to 0x0000022c87c96b40
Event: 32.038 Thread 0x0000022ca8417390 Implicit null exception at 0x0000022c87c95fe3 to 0x0000022c87c96b40
Event: 32.038 Thread 0x0000022cac2feb30 Implicit null exception at 0x0000022c87c95fe3 to 0x0000022c87c96b40
Event: 32.038 Thread 0x0000022cfe705500 Implicit null exception at 0x0000022c87c95fe3 to 0x0000022c87c96b40
Event: 32.232 Thread 0x0000022cfe705500 Exception <a 'java/lang/NoSuchMethodError'{0x00000000e9eeb720}: 'java.lang.Object java.lang.invoke.DirectMethodHandle$Holder.invokeSpecialIFC(java.lang.Object, java.lang.Object, java.lang.Object)'> (0x00000000e9eeb720) 
thrown [s\open\src\hotspot\share\interpreter\linkResolver.cpp, line 773]
Event: 32.595 Thread 0x0000022ca84152c0 Exception <a 'sun/nio/fs/WindowsException'{0x00000000e96d1498}> (0x00000000e96d1498) 
thrown [s\open\src\hotspot\share\prims\jni.cpp, line 520]
Event: 32.595 Thread 0x0000022caa3b8030 Exception <a 'sun/nio/fs/WindowsException'{0x00000000e9623348}> (0x00000000e9623348) 
thrown [s\open\src\hotspot\share\prims\jni.cpp, line 520]
Event: 32.595 Thread 0x0000022cfe705500 Exception <a 'sun/nio/fs/WindowsException'{0x00000000e966a6a0}> (0x00000000e966a6a0) 
thrown [s\open\src\hotspot\share\prims\jni.cpp, line 520]
Event: 32.595 Thread 0x0000022ca8415fe0 Exception <a 'sun/nio/fs/WindowsException'{0x00000000e9797d20}> (0x00000000e9797d20) 
thrown [s\open\src\hotspot\share\prims\jni.cpp, line 520]
Event: 32.637 Thread 0x0000022ca8415fe0 Implicit null exception at 0x0000022c87e766f5 to 0x0000022c87e76808
Event: 33.098 Thread 0x0000022ca8415fe0 Exception <a 'sun/nio/fs/WindowsException'{0x00000000e8fba798}> (0x00000000e8fba798) 
thrown [s\open\src\hotspot\share\prims\jni.cpp, line 520]
Event: 33.182 Thread 0x0000022cfe705500 Exception <a 'sun/nio/fs/WindowsException'{0x00000000e87ac3c0}> (0x00000000e87ac3c0) 
thrown [s\open\src\hotspot\share\prims\jni.cpp, line 520]
Event: 33.238 Thread 0x0000022ca84152c0 Exception <a 'sun/nio/fs/WindowsException'{0x00000000e7f7d038}> (0x00000000e7f7d038) 
thrown [s\open\src\hotspot\share\prims\jni.cpp, line 520]

ZGC Phase Switch (0 events):
No events

VM Operations (20 events):
Event: 30.217 Executing VM operation: Cleanup
Event: 30.233 Executing VM operation: Cleanup done
Event: 31.236 Executing VM operation: Cleanup
Event: 31.237 Executing VM operation: Cleanup done
Event: 31.648 Executing VM operation: HandshakeAllThreads (Deoptimize)
Event: 31.648 Executing VM operation: HandshakeAllThreads (Deoptimize) done
Event: 31.650 Executing VM operation: HandshakeAllThreads (Deoptimize)
Event: 31.650 Executing VM operation: HandshakeAllThreads (Deoptimize) done
Event: 32.370 Executing VM operation: ICBufferFull
Event: 32.377 Executing VM operation: ICBufferFull done
Event: 32.611 Executing VM operation: HandshakeAllThreads (Deoptimize)
Event: 32.611 Executing VM operation: HandshakeAllThreads (Deoptimize) done
Event: 32.644 Executing VM operation: HandshakeAllThreads (Deoptimize)
Event: 32.644 Executing VM operation: HandshakeAllThreads (Deoptimize) done
Event: 32.691 Executing VM operation: HandshakeAllThreads (Deoptimize)
Event: 32.691 Executing VM operation: HandshakeAllThreads (Deoptimize) done
Event: 32.766 Executing VM operation: HandshakeAllThreads (Deoptimize)
Event: 32.782 Executing VM operation: HandshakeAllThreads (Deoptimize) done
Event: 32.987 Executing VM operation: ICBufferFull
Event: 32.988 Executing VM operation: ICBufferFull done

Events (20 events):
Event: 28.425 Thread 0x0000022cac2fa990 Thread added: 0x0000022cac2fa990
Event: 28.436 Thread 0x0000022cac301290 Thread added: 0x0000022cac301290
Event: 28.867 Thread 0x0000022cfe8e4090 Thread exited: 0x0000022cfe8e4090
Event: 30.207 Thread 0x0000022cac2ffee0 Thread added: 0x0000022cac2ffee0
Event: 30.207 Thread 0x0000022cac300570 Thread added: 0x0000022cac300570
Event: 30.647 Thread 0x0000022caca61820 Thread added: 0x0000022caca61820
Event: 30.840 Thread 0x0000022cac300c00 Thread added: 0x0000022cac300c00
Event: 30.902 Thread 0x0000022cfe8e4090 Thread added: 0x0000022cfe8e4090
Event: 31.198 Thread 0x0000022cac2ff1c0 Thread added: 0x0000022cac2ff1c0
Event: 31.209 Thread 0x0000022cac301920 Thread added: 0x0000022cac301920
Event: 31.642 Thread 0x0000022cfe8e4090 Thread exited: 0x0000022cfe8e4090
Event: 31.987 Thread 0x0000022cac2feb30 Thread added: 0x0000022cac2feb30
Event: 31.989 Thread 0x0000022ca8416670 Thread added: 0x0000022ca8416670
Event: 31.990 Thread 0x0000022ca8417390 Thread added: 0x0000022ca8417390
Event: 31.992 Thread 0x0000022ca8414c30 Thread added: 0x0000022ca8414c30
Event: 32.101 Thread 0x0000022cfe8e4090 Thread added: 0x0000022cfe8e4090
Event: 32.234 Thread 0x0000022ca84152c0 Thread added: 0x0000022ca84152c0
Event: 32.236 Thread 0x0000022ca8415fe0 Thread added: 0x0000022ca8415fe0
Event: 32.238 Thread 0x0000022caa3b8030 Thread added: 0x0000022caa3b8030
Event: 32.241 Thread 0x0000022caa3bc860 Thread added: 0x0000022caa3bc860


Dynamic libraries:
0x00007ff776100000 - 0x00007ff776110000 	D:\Texnoera Academy\Programs\bin\java.exe
0x00007ffe14b20000 - 0x00007ffe14d89000 	C:\WINDOWS\SYSTEM32\ntdll.dll
0x00007ffe13c70000 - 0x00007ffe13d39000 	C:\WINDOWS\System32\KERNEL32.DLL
0x00007ffe120b0000 - 0x00007ffe124a3000 	C:\WINDOWS\System32\KERNELBASE.dll
0x00007ffe12770000 - 0x00007ffe128bb000 	C:\WINDOWS\System32\ucrtbase.dll
0x00007ffe04ad0000 - 0x00007ffe04aeb000 	D:\Texnoera Academy\Programs\bin\VCRUNTIME140.dll
0x00007ffe01fe0000 - 0x00007ffe01ff9000 	D:\Texnoera Academy\Programs\bin\jli.dll
0x00007ffe12f10000 - 0x00007ffe12fc4000 	C:\WINDOWS\System32\ADVAPI32.dll
0x00007ffe14040000 - 0x00007ffe140e9000 	C:\WINDOWS\System32\msvcrt.dll
0x00007ffe14990000 - 0x00007ffe14a36000 	C:\WINDOWS\System32\sechost.dll
0x00007ffe13060000 - 0x00007ffe13178000 	C:\WINDOWS\System32\RPCRT4.dll
0x00007ffe13d40000 - 0x00007ffe13f04000 	C:\WINDOWS\System32\USER32.dll
0x00007ffe128c0000 - 0x00007ffe128e7000 	C:\WINDOWS\System32\win32u.dll
0x00007ffe14a50000 - 0x00007ffe14a7b000 	C:\WINDOWS\System32\GDI32.dll
0x00007ffe11f80000 - 0x00007ffe120ad000 	C:\WINDOWS\System32\gdi32full.dll
0x00007ffe12550000 - 0x00007ffe125f3000 	C:\WINDOWS\System32\msvcp_win.dll
0x00007ffe117b0000 - 0x00007ffe117bb000 	C:\WINDOWS\SYSTEM32\VERSION.dll
0x00007ffdfd9c0000 - 0x00007ffdfdc53000 	C:\WINDOWS\WinSxS\amd64_microsoft.windows.common-controls_6595b64144ccf1df_6.0.26100.5074_none_3e0d6f78e32fd63f\COMCTL32.dll
0x00007ffe14a80000 - 0x00007ffe14aaf000 	C:\WINDOWS\System32\IMM32.DLL
0x0000000074270000 - 0x000000007427c000 	C:\Program Files (x86)\360\Total Security\safemon\SafeWrapper.dll
0x00007ffdafb30000 - 0x00007ffdafbdc000 	C:\Program Files (x86)\360\Total Security\safemon\libzdtp64.dll
0x00007ffe141f0000 - 0x00007ffe1493d000 	C:\WINDOWS\System32\SHELL32.dll
0x00007ffe12600000 - 0x00007ffe1276c000 	C:\WINDOWS\System32\wintypes.dll
0x00007ffe138e0000 - 0x00007ffe13c5b000 	C:\WINDOWS\System32\combase.dll
0x00007ffe133e0000 - 0x00007ffe13442000 	C:\WINDOWS\System32\SHLWAPI.dll
0x00007ffe065c0000 - 0x00007ffe065cc000 	D:\Texnoera Academy\Programs\bin\vcruntime140_1.dll
0x00007ffdfef40000 - 0x00007ffdfefce000 	D:\Texnoera Academy\Programs\bin\msvcp140.dll
0x00007ffd7c2c0000 - 0x00007ffd7cfda000 	D:\Texnoera Academy\Programs\bin\server\jvm.dll
0x00007ffe13360000 - 0x00007ffe133d4000 	C:\WINDOWS\System32\WS2_32.dll
0x00007ffe11b00000 - 0x00007ffe11b5e000 	C:\WINDOWS\SYSTEM32\POWRPROF.dll
0x00007ffdfe170000 - 0x00007ffdfe1a5000 	C:\WINDOWS\SYSTEM32\WINMM.dll
0x00007ffe11ae0000 - 0x00007ffe11af4000 	C:\WINDOWS\SYSTEM32\UMPDC.dll
0x00007ffe109e0000 - 0x00007ffe109fb000 	C:\WINDOWS\SYSTEM32\kernel.appcore.dll
0x00007ffe05cc0000 - 0x00007ffe05cca000 	D:\Texnoera Academy\Programs\bin\jimage.dll
0x00007ffe0f460000 - 0x00007ffe0f6a2000 	C:\WINDOWS\SYSTEM32\DBGHELP.DLL
0x00007ffe12e00000 - 0x00007ffe12ed7000 	C:\WINDOWS\System32\OLEAUT32.dll
0x00007ffdf3080000 - 0x00007ffdf30bd000 	C:\WINDOWS\SYSTEM32\dbgcore.DLL
0x00007ffe124b0000 - 0x00007ffe12549000 	C:\WINDOWS\System32\bcryptPrimitives.dll
0x00007ffe05890000 - 0x00007ffe0589f000 	D:\Texnoera Academy\Programs\bin\instrument.dll
0x00007ffe00b60000 - 0x00007ffe00b7f000 	D:\Texnoera Academy\Programs\bin\java.dll
0x00007ffe0f860000 - 0x00007ffe100b9000 	C:\WINDOWS\SYSTEM32\windows.storage.dll
0x00007ffe12d00000 - 0x00007ffe12df0000 	C:\WINDOWS\System32\SHCORE.dll
0x00007ffe11bd0000 - 0x00007ffe11bf9000 	C:\WINDOWS\SYSTEM32\profapi.dll
0x00007ffdc4730000 - 0x00007ffdc4807000 	D:\Texnoera Academy\Programs\bin\jsvml.dll
0x00007ffe00b40000 - 0x00007ffe00b58000 	D:\Texnoera Academy\Programs\bin\zip.dll
0x00007ffe01fd0000 - 0x00007ffe01fe0000 	D:\Texnoera Academy\Programs\bin\net.dll
0x00007ffe07310000 - 0x00007ffe0742f000 	C:\WINDOWS\SYSTEM32\WINHTTP.dll
0x00007ffe10f40000 - 0x00007ffe10fab000 	C:\WINDOWS\system32\mswsock.dll
0x00007ffe00b20000 - 0x00007ffe00b36000 	D:\Texnoera Academy\Programs\bin\nio.dll
0x00007ffe01f80000 - 0x00007ffe01f90000 	D:\Texnoera Academy\Programs\bin\verify.dll
0x00007ffe064a0000 - 0x00007ffe064c7000 	C:\Users\Dell\.gradle\native\1def1411415f61bf3af743bc5b6707747c0891f09f0c88961ee8f79bc544acac\windows-amd64\native-platform.dll
0x00007ffdff1b0000 - 0x00007ffdff228000 	C:\Users\Dell\.gradle\native\0.2.7\x86_64-windows-gnu\gradle-fileevents.dll
0x00007ffe00ad0000 - 0x00007ffe00ada000 	D:\Texnoera Academy\Programs\bin\management.dll
0x00007ffe00ac0000 - 0x00007ffe00acb000 	D:\Texnoera Academy\Programs\bin\management_ext.dll
0x00007ffe12cf0000 - 0x00007ffe12cf8000 	C:\WINDOWS\System32\PSAPI.DLL
0x00007ffe10490000 - 0x00007ffe104c4000 	C:\WINDOWS\SYSTEM32\IPHLPAPI.DLL
0x00007ffe14a40000 - 0x00007ffe14a4a000 	C:\WINDOWS\System32\NSI.dll
0x00007ffe00170000 - 0x00007ffe00179000 	D:\Texnoera Academy\Programs\bin\extnet.dll
0x00007ffe11310000 - 0x00007ffe1132b000 	C:\WINDOWS\SYSTEM32\CRYPTSP.dll
0x00007ffe10940000 - 0x00007ffe1097b000 	C:\WINDOWS\system32\rsaenh.dll
0x00007ffe10fe0000 - 0x00007ffe1100b000 	C:\WINDOWS\SYSTEM32\USERENV.dll
0x00007ffe11ba0000 - 0x00007ffe11bc6000 	C:\WINDOWS\SYSTEM32\bcrypt.dll
0x00007ffe11170000 - 0x00007ffe1117c000 	C:\WINDOWS\SYSTEM32\CRYPTBASE.dll
0x00007ffe00160000 - 0x00007ffe0016e000 	D:\Texnoera Academy\Programs\bin\sunmscapi.dll
0x00007ffe11d40000 - 0x00007ffe11eb7000 	C:\WINDOWS\System32\CRYPT32.dll
0x00007ffe11460000 - 0x00007ffe11490000 	C:\WINDOWS\SYSTEM32\ncrypt.dll
0x00007ffe11410000 - 0x00007ffe1144f000 	C:\WINDOWS\SYSTEM32\NTASN1.dll
0x00007ffde4210000 - 0x00007ffde4218000 	C:\WINDOWS\system32\wshunix.dll
0x00007ffe10b00000 - 0x00007ffe10b36000 	C:\WINDOWS\SYSTEM32\ntmarta.dll

dbghelp: loaded successfully - version: 4.0.5 - missing functions: none
symbol engine: initialized successfully - sym options: 0x614 - pdb path: .;D:\Texnoera Academy\Programs\bin;C:\WINDOWS\SYSTEM32;C:\WINDOWS\WinSxS\amd64_microsoft.windows.common-controls_6595b64144ccf1df_6.0.26100.5074_none_3e0d6f78e32fd63f;C:\Program Files (x86)\360\Total Security\safemon;D:\Texnoera Academy\Programs\bin\server;C:\Users\Dell\.gradle\native\1def1411415f61bf3af743bc5b6707747c0891f09f0c88961ee8f79bc544acac\windows-amd64;C:\Users\Dell\.gradle\native\0.2.7\x86_64-windows-gnu

VM Arguments:
jvm_args: --add-opens=java.base/java.lang=ALL-UNNAMED --add-opens=java.base/java.lang.invoke=ALL-UNNAMED --add-opens=java.base/java.util=ALL-UNNAMED --add-opens=java.prefs/java.util.prefs=ALL-UNNAMED --add-exports=jdk.compiler/com.sun.tools.javac.api=ALL-UNNAMED --add-exports=jdk.compiler/com.sun.tools.javac.util=ALL-UNNAMED --add-opens=java.base/java.util=ALL-UNNAMED --add-opens=java.prefs/java.util.prefs=ALL-UNNAMED --add-opens=java.base/java.nio.charset=ALL-UNNAMED --add-opens=java.base/java.net=ALL-UNNAMED --add-opens=java.base/java.util.concurrent.atomic=ALL-UNNAMED --add-opens=java.xml/javax.xml.namespace=ALL-UNNAMED -XX:MaxMetaspaceSize=384m -XX:+HeapDumpOnOutOfMemoryError -Xms256m -Xmx512m -Dfile.encoding=UTF-8 -Duser.country=US -Duser.language=en -Duser.variant -javaagent:C:\Users\Dell\.gradle\wrapper\dists\gradle-8.13-bin\5xuhj0ry160q40clulazy9h7d\gradle-8.13\lib\agents\gradle-instrumentation-agent-8.13.jar 
java_command: org.gradle.launcher.daemon.bootstrap.GradleDaemon 8.13
java_class_path (initial): C:\Users\Dell\.gradle\wrapper\dists\gradle-8.13-bin\5xuhj0ry160q40clulazy9h7d\gradle-8.13\lib\gradle-daemon-main-8.13.jar
Launcher Type: SUN_STANDARD

[Global flags]
     intx CICompilerCount                          = 4                                         {product} {ergonomic}
   size_t CompressedClassSpaceSize                 = 335544320                                 {product} {ergonomic}
     uint ConcGCThreads                            = 2                                         {product} {ergonomic}
     uint G1ConcRefinementThreads                  = 8                                         {product} {ergonomic}
   size_t G1HeapRegionSize                         = 1048576                                   {product} {ergonomic}
    uintx GCDrainStackTargetSize                   = 64                                        {product} {ergonomic}
     bool HeapDumpOnOutOfMemoryError               = true                                   {manageable} {command line}
   size_t InitialHeapSize                          = 268435456                                 {product} {command line}
   size_t MarkStackSize                            = 4194304                                   {product} {ergonomic}
   size_t MaxHeapSize                              = 536870912                                 {product} {command line}
   size_t MaxMetaspaceSize                         = 402653184                                 {product} {command line}
   size_t MaxNewSize                               = 321912832                                 {product} {ergonomic}
   size_t MinHeapDeltaBytes                        = 1048576                                   {product} {ergonomic}
   size_t MinHeapSize                              = 268435456                                 {product} {command line}
    uintx NonNMethodCodeHeapSize                   = 5839372                                {pd product} {ergonomic}
    uintx NonProfiledCodeHeapSize                  = 122909434                              {pd product} {ergonomic}
    uintx ProfiledCodeHeapSize                     = 122909434                              {pd product} {ergonomic}
    uintx ReservedCodeCacheSize                    = 251658240                              {pd product} {ergonomic}
     bool SegmentedCodeCache                       = true                                      {product} {ergonomic}
   size_t SoftMaxHeapSize                          = 536870912                              {manageable} {ergonomic}
     bool UseCompressedOops                        = true                           {product lp64_product} {ergonomic}
     bool UseG1GC                                  = true                                      {product} {ergonomic}
     bool UseLargePagesIndividualAllocation        = false                                  {pd product} {ergonomic}

Logging:
Log output configuration:
 #0: stdout all=warning uptime,level,tags foldmultilines=false
 #1: stderr all=off uptime,level,tags foldmultilines=false

Environment Variables:
PATH=C:\Program Files\Common Files\Oracle\Java\javapath;C:\Program Files (x86)\NVIDIA Corporation\PhysX\Common;C:\WINDOWS\system32;C:\WINDOWS;C:\WINDOWS\System32\Wbem;C:\WINDOWS\System32\WindowsPowerShell\v1.0\;C:\WINDOWS\System32\OpenSSH\;C:\Program Files\dotnet\;C:\Program Files\Microsoft SQL Server\Client SDK\ODBC\170\Tools\Binn\;C:\Program Files\Microsoft SQL Server\150\Tools\Binn\;C:\Program Files\Git\cmd;C:\Program Files\Azure Data Studio\bin;C:\Program Files (x86)\Microsoft SQL Server\160\Tools\Binn\;C:\Program Files\Microsoft SQL Server\160\Tools\Binn\;C:\Program Files\Microsoft SQL Server\160\DTS\Binn\;C:\Program Files (x86)\Microsoft SQL Server\160\DTS\Binn\;C:\Program Files\nodejs\;C:\Program Files\Docker\Docker\resources\bin;C:\Program Files\MySQL\MySQL Shell 8.0\bin\;C:\Users\Dell\AppData\Local\Microsoft\WindowsApps;C:\Users\Dell\AppData\Local\Programs\Microsoft VS Code\bin;C:\Program Files\Azure Data Studio\bin;C:\Users\Dell\AppData\Roaming\npm;C:\Users\Dell\.dotnet\tools;D:\Texnoera Academy\Programs\IntelliJ IDEA 2025.1.1.1\bin;;D:\Texnoera Academy\Programs\DataGrip 2025.2.2\bin;
USERNAME=Dell
OS=Windows_NT
PROCESSOR_IDENTIFIER=Intel64 Family 6 Model 126 Stepping 5, GenuineIntel
TMP=C:\Users\Dell\AppData\Local\Temp
TEMP=C:\Users\Dell\AppData\Local\Temp




Periodic native trim disabled

---------------  S Y S T E M  ---------------

OS:
 Windows 11 , 64 bit Build 26100 (10.0.26100.5074)
OS uptime: 1 days 21:59 hours
Hyper-V role detected

CPU: total 8 (initial active 8) (4 cores per cpu, 2 threads per core) family 6 model 126 stepping 5 microcode 0xca, cx8, cmov, fxsr, ht, mmx, 3dnowpref, sse, sse2, sse3, ssse3, sse4.1, sse4.2, popcnt, lzcnt, tsc, tscinvbit, avx, avx2, aes, erms, clmul, bmi1, bmi2, adx, avx512f, avx512dq, avx512cd, avx512bw, avx512vl, sha, fma, vzeroupper, avx512_vpopcntdq, avx512_vpclmulqdq, avx512_vaes, avx512_vnni, clflush, clflushopt, avx512_vbmi2, avx512_vbmi, hv, rdtscp, rdpid, fsrm, gfni, avx512_bitalg, f16c, avx512_ifma
Processor Information for all 8 processors :
  Max Mhz: 1190, Current Mhz: 991, Mhz Limit: 987

Memory: 4k page, system-wide physical 12051M (914M free)
TotalPageFile size 18538M (AvailPageFile size 3M)
current process WorkingSet (physical memory assigned to process): 471M, peak: 471M
current process commit charge ("private bytes"): 541M, peak: 541M

vm_info: Java HotSpot(TM) 64-Bit Server VM (21.0.6+8-LTS-188) for windows-amd64 JRE (21.0.6+8-LTS-188), built on 2024-12-03T10:50:54Z by "mach5one" with MS VC++ 17.6 (VS2022)

END.
